CRITICAL - 2023-12-12 18:00:56 --> Attempt to assign property "data" on null
in APPPATH\Libraries\GapAPI\SetParams.php on line 20.
 1 APPPATH\Controllers\Home.php(12): App\Libraries\GapAPI\SetParams->set_data('Hello Ramin')
 2 SYSTEMPATH\CodeIgniter.php(898): App\Controllers\Home->index()
 3 SYSTEMPATH\CodeIgniter.php(468): CodeIgniter\CodeIgniter->runController(Object(App\Controllers\Home))
 4 SYSTEMPATH\CodeIgniter.php(351): CodeIgniter\CodeIgniter->handleRequest(null, Object(Config\Cache), false)
 5 FCPATH\index.php(55): CodeIgniter\CodeIgniter->run()
CRITICAL - 2023-12-12 18:01:12 --> Attempt to assign property "data" on null
in APPPATH\Libraries\GapAPI\SetParams.php on line 20.
 1 APPPATH\Controllers\Home.php(12): App\Libraries\GapAPI\SetParams->set_data('Hello Ramin')
 2 SYSTEMPATH\CodeIgniter.php(898): App\Controllers\Home->index()
 3 SYSTEMPATH\CodeIgniter.php(468): CodeIgniter\CodeIgniter->runController(Object(App\Controllers\Home))
 4 SYSTEMPATH\CodeIgniter.php(351): CodeIgniter\CodeIgniter->handleRequest(null, Object(Config\Cache), false)
 5 FCPATH\index.php(55): CodeIgniter\CodeIgniter->run()
CRITICAL - 2023-12-12 18:10:30 --> Attempt to assign property "data" on null
in APPPATH\Libraries\GapAPI\SetParams.php on line 20.
 1 APPPATH\Controllers\Home.php(12): App\Libraries\GapAPI\SetParams->set_data('Hello Ramin')
 2 SYSTEMPATH\CodeIgniter.php(898): App\Controllers\Home->index()
 3 SYSTEMPATH\CodeIgniter.php(468): CodeIgniter\CodeIgniter->runController(Object(App\Controllers\Home))
 4 SYSTEMPATH\CodeIgniter.php(351): CodeIgniter\CodeIgniter->handleRequest(null, Object(Config\Cache), false)
 5 FCPATH\index.php(55): CodeIgniter\CodeIgniter->run()
CRITICAL - 2023-12-12 18:13:46 --> Attempt to assign property "data" on null
in APPPATH\Libraries\GapAPI\SetParams.php on line 20.
 1 APPPATH\Controllers\Home.php(12): App\Libraries\GapAPI\SetParams->set_data('Hello Ramin')
 2 SYSTEMPATH\CodeIgniter.php(898): App\Controllers\Home->index()
 3 SYSTEMPATH\CodeIgniter.php(468): CodeIgniter\CodeIgniter->runController(Object(App\Controllers\Home))
 4 SYSTEMPATH\CodeIgniter.php(351): CodeIgniter\CodeIgniter->handleRequest(null, Object(Config\Cache), false)
 5 FCPATH\index.php(55): CodeIgniter\CodeIgniter->run()
CRITICAL - 2023-12-12 18:15:43 --> Typed property App\Libraries\GapAPI\SetParams::$formParams must not be accessed before initialization
in APPPATH\Libraries\GapAPI\GapAPI.php on line 19.
 1 APPPATH\Controllers\Home.php(14): App\Libraries\GapAPI\GapAPI->send_text('18b34dbfab054137d021173fbcc12fc0ee01bca35c8a2d52b566585b1ff71496')
 2 SYSTEMPATH\CodeIgniter.php(898): App\Controllers\Home->index()
 3 SYSTEMPATH\CodeIgniter.php(468): CodeIgniter\CodeIgniter->runController(Object(App\Controllers\Home))
 4 SYSTEMPATH\CodeIgniter.php(351): CodeIgniter\CodeIgniter->handleRequest(null, Object(Config\Cache), false)
 5 FCPATH\index.php(55): CodeIgniter\CodeIgniter->run()
CRITICAL - 2023-12-12 18:17:30 --> Typed property App\Libraries\GapAPI\SetParams::$formParams must not be accessed before initialization
in APPPATH\Libraries\GapAPI\GapAPI.php on line 19.
 1 APPPATH\Controllers\Home.php(14): App\Libraries\GapAPI\GapAPI->send_text('18b34dbfab054137d021173fbcc12fc0ee01bca35c8a2d52b566585b1ff71496')
 2 SYSTEMPATH\CodeIgniter.php(898): App\Controllers\Home->index()
 3 SYSTEMPATH\CodeIgniter.php(468): CodeIgniter\CodeIgniter->runController(Object(App\Controllers\Home))
 4 SYSTEMPATH\CodeIgniter.php(351): CodeIgniter\CodeIgniter->handleRequest(null, Object(Config\Cache), false)
 5 FCPATH\index.php(55): CodeIgniter\CodeIgniter->run()
CRITICAL - 2023-12-12 20:14:39 --> Typed property App\Libraries\GapAPI\SetParams::$formParams must not be accessed before initialization
in APPPATH\Libraries\GapAPI\GapAPI.php on line 19.
 1 APPPATH\Controllers\Home.php(14): App\Libraries\GapAPI\GapAPI->send_text('18b34dbfab054137d021173fbcc12fc0ee01bca35c8a2d52b566585b1ff71496')
 2 SYSTEMPATH\CodeIgniter.php(898): App\Controllers\Home->index()
 3 SYSTEMPATH\CodeIgniter.php(468): CodeIgniter\CodeIgniter->runController(Object(App\Controllers\Home))
 4 SYSTEMPATH\CodeIgniter.php(351): CodeIgniter\CodeIgniter->handleRequest(null, Object(Config\Cache), false)
 5 FCPATH\index.php(55): CodeIgniter\CodeIgniter->run()
CRITICAL - 2023-12-12 20:16:18 --> 22 : The requested URL returned error: 400
in SYSTEMPATH\HTTP\CURLRequest.php on line 655.
 1 SYSTEMPATH\HTTP\CURLRequest.php(655): CodeIgniter\HTTP\Exceptions\HTTPException::forCurlError('22', 'The requested URL returned error: 400')
 2 SYSTEMPATH\HTTP\CURLRequest.php(363): CodeIgniter\HTTP\CURLRequest->sendRequest([...])
 3 SYSTEMPATH\HTTP\CURLRequest.php(136): CodeIgniter\HTTP\CURLRequest->send('POST', 'https://api.gap.im/sendMessage')
 4 APPPATH\Libraries\GapAPI\Send\SendConfig.php(121): CodeIgniter\HTTP\CURLRequest->request('POST', 'https://api.gap.im/sendMessage', [...])
 5 APPPATH\Libraries\GapAPI\Send\Send.php(22): App\Libraries\GapAPI\Send\SendConfig->request()
 6 APPPATH\Libraries\GapAPI\GapAPI.php(19): App\Libraries\GapAPI\Send\Send->send_text(Object(App\Libraries\GapAPI\Handlers\FormParams))
 7 APPPATH\Controllers\Home.php(14): App\Libraries\GapAPI\GapAPI->send_text('18b34dbfab054137d021173fbcc12fc0ee01bca35c8a2d52b566585b1ff71496')
 8 SYSTEMPATH\CodeIgniter.php(898): App\Controllers\Home->index()
 9 SYSTEMPATH\CodeIgniter.php(468): CodeIgniter\CodeIgniter->runController(Object(App\Controllers\Home))
10 SYSTEMPATH\CodeIgniter.php(351): CodeIgniter\CodeIgniter->handleRequest(null, Object(Config\Cache), false)
11 FCPATH\index.php(55): CodeIgniter\CodeIgniter->run()
CRITICAL - 2023-12-12 20:16:55 --> 22 : The requested URL returned error: 400
in SYSTEMPATH\HTTP\CURLRequest.php on line 655.
 1 SYSTEMPATH\HTTP\CURLRequest.php(655): CodeIgniter\HTTP\Exceptions\HTTPException::forCurlError('22', 'The requested URL returned error: 400')
 2 SYSTEMPATH\HTTP\CURLRequest.php(363): CodeIgniter\HTTP\CURLRequest->sendRequest([...])
 3 SYSTEMPATH\HTTP\CURLRequest.php(136): CodeIgniter\HTTP\CURLRequest->send('POST', 'https://api.gap.im/sendMessage')
 4 APPPATH\Libraries\GapAPI\Send\SendConfig.php(121): CodeIgniter\HTTP\CURLRequest->request('POST', 'https://api.gap.im/sendMessage', [...])
 5 APPPATH\Libraries\GapAPI\Send\Send.php(22): App\Libraries\GapAPI\Send\SendConfig->request()
 6 APPPATH\Libraries\GapAPI\GapAPI.php(19): App\Libraries\GapAPI\Send\Send->send_text(Object(App\Libraries\GapAPI\Handlers\FormParams))
 7 APPPATH\Controllers\Home.php(14): App\Libraries\GapAPI\GapAPI->send_text('18b34dbfab054137d021173fbcc12fc0ee01bca35c8a2d52b566585b1ff71496')
 8 SYSTEMPATH\CodeIgniter.php(898): App\Controllers\Home->index()
 9 SYSTEMPATH\CodeIgniter.php(468): CodeIgniter\CodeIgniter->runController(Object(App\Controllers\Home))
10 SYSTEMPATH\CodeIgniter.php(351): CodeIgniter\CodeIgniter->handleRequest(null, Object(Config\Cache), false)
11 FCPATH\index.php(55): CodeIgniter\CodeIgniter->run()
CRITICAL - 2023-12-12 20:19:20 --> 22 : The requested URL returned error: 400
in SYSTEMPATH\HTTP\CURLRequest.php on line 655.
 1 SYSTEMPATH\HTTP\CURLRequest.php(655): CodeIgniter\HTTP\Exceptions\HTTPException::forCurlError('22', 'The requested URL returned error: 400')
 2 SYSTEMPATH\HTTP\CURLRequest.php(363): CodeIgniter\HTTP\CURLRequest->sendRequest([...])
 3 SYSTEMPATH\HTTP\CURLRequest.php(136): CodeIgniter\HTTP\CURLRequest->send('POST', 'https://api.gap.im/sendMessage')
 4 APPPATH\Libraries\GapAPI\Send\SendConfig.php(121): CodeIgniter\HTTP\CURLRequest->request('POST', 'https://api.gap.im/sendMessage', [...])
 5 APPPATH\Libraries\GapAPI\Send\Send.php(22): App\Libraries\GapAPI\Send\SendConfig->request()
 6 APPPATH\Libraries\GapAPI\GapAPI.php(19): App\Libraries\GapAPI\Send\Send->send_text(Object(App\Libraries\GapAPI\Handlers\FormParams))
 7 APPPATH\Controllers\Home.php(14): App\Libraries\GapAPI\GapAPI->send_text('18b34dbfab054137d021173fbcc12fc0ee01bca35c8a2d52b566585b1ff71496')
 8 SYSTEMPATH\CodeIgniter.php(898): App\Controllers\Home->index()
 9 SYSTEMPATH\CodeIgniter.php(468): CodeIgniter\CodeIgniter->runController(Object(App\Controllers\Home))
10 SYSTEMPATH\CodeIgniter.php(351): CodeIgniter\CodeIgniter->handleRequest(null, Object(Config\Cache), false)
11 FCPATH\index.php(55): CodeIgniter\CodeIgniter->run()
CRITICAL - 2023-12-12 20:19:34 --> Typed property App\Libraries\GapAPI\SetParams::$formParams must not be accessed before initialization
in APPPATH\Libraries\GapAPI\GapAPI.php on line 19.
 1 APPPATH\Controllers\Home.php(14): App\Libraries\GapAPI\GapAPI->send_text('18b34dbfab054137d021173fbcc12fc0ee01bca35c8a2d52b566585b1ff71496')
 2 SYSTEMPATH\CodeIgniter.php(898): App\Controllers\Home->index()
 3 SYSTEMPATH\CodeIgniter.php(468): CodeIgniter\CodeIgniter->runController(Object(App\Controllers\Home))
 4 SYSTEMPATH\CodeIgniter.php(351): CodeIgniter\CodeIgniter->handleRequest(null, Object(Config\Cache), false)
 5 FCPATH\index.php(55): CodeIgniter\CodeIgniter->run()
CRITICAL - 2023-12-12 20:40:57 --> Typed property App\Libraries\GapAPI\SetParams::$formParams must not be accessed before initialization
in APPPATH\Libraries\GapAPI\GapAPI.php on line 19.
 1 APPPATH\Controllers\Home.php(14): App\Libraries\GapAPI\GapAPI->send_text('18b34dbfab054137d021173fbcc12fc0ee01bca35c8a2d52b566585b1ff71496')
 2 SYSTEMPATH\CodeIgniter.php(898): App\Controllers\Home->index()
 3 SYSTEMPATH\CodeIgniter.php(468): CodeIgniter\CodeIgniter->runController(Object(App\Controllers\Home))
 4 SYSTEMPATH\CodeIgniter.php(351): CodeIgniter\CodeIgniter->handleRequest(null, Object(Config\Cache), false)
 5 FCPATH\index.php(55): CodeIgniter\CodeIgniter->run()
CRITICAL - 2023-12-12 21:24:45 --> Cannot use string as default value for property App\Libraries\GapAPI\SetParams::$formParams of type App\Libraries\GapAPI\Handlers\FormParams
in APPPATH\Libraries\GapAPI\SetParams.php on line 9.
 1 [internal function]: CodeIgniter\Debug\Exceptions->shutdownHandler()
CRITICAL - 2023-12-12 21:25:28 --> Typed property App\Libraries\GapAPI\SetParams::$formParams must not be accessed before initialization
in APPPATH\Libraries\GapAPI\GapAPI.php on line 19.
 1 APPPATH\Controllers\Home.php(14): App\Libraries\GapAPI\GapAPI->send_text('18b34dbfab054137d021173fbcc12fc0ee01bca35c8a2d52b566585b1ff71496')
 2 SYSTEMPATH\CodeIgniter.php(898): App\Controllers\Home->index()
 3 SYSTEMPATH\CodeIgniter.php(468): CodeIgniter\CodeIgniter->runController(Object(App\Controllers\Home))
 4 SYSTEMPATH\CodeIgniter.php(351): CodeIgniter\CodeIgniter->handleRequest(null, Object(Config\Cache), false)
 5 FCPATH\index.php(55): CodeIgniter\CodeIgniter->run()
CRITICAL - 2023-12-12 21:25:55 --> App\Libraries\GapAPI\Send\Send::send_text(): Argument #1 ($formParams) must be of type object, null given, called in E:\SoftWare\xampp-windows-x64-8.2.4-0-VS16-installer\htdocs\my_projects\GitHub\GapAPI\app\Libraries\GapAPI\GapAPI.php on line 19
in APPPATH\Libraries\GapAPI\Send\Send.php on line 15.
 1 APPPATH\Libraries\GapAPI\GapAPI.php(19): App\Libraries\GapAPI\Send\Send->send_text(null)
 2 APPPATH\Controllers\Home.php(14): App\Libraries\GapAPI\GapAPI->send_text('18b34dbfab054137d021173fbcc12fc0ee01bca35c8a2d52b566585b1ff71496')
 3 SYSTEMPATH\CodeIgniter.php(898): App\Controllers\Home->index()
 4 SYSTEMPATH\CodeIgniter.php(468): CodeIgniter\CodeIgniter->runController(Object(App\Controllers\Home))
 5 SYSTEMPATH\CodeIgniter.php(351): CodeIgniter\CodeIgniter->handleRequest(null, Object(Config\Cache), false)
 6 FCPATH\index.php(55): CodeIgniter\CodeIgniter->run()
CRITICAL - 2023-12-12 21:33:40 --> Typed property App\Libraries\GapAPI\SetParams::$formParams must not be accessed before initialization
in APPPATH\Libraries\GapAPI\GapAPI.php on line 19.
 1 APPPATH\Controllers\Home.php(14): App\Libraries\GapAPI\GapAPI->send_text('18b34dbfab054137d021173fbcc12fc0ee01bca35c8a2d52b566585b1ff71496')
 2 SYSTEMPATH\CodeIgniter.php(898): App\Controllers\Home->index()
 3 SYSTEMPATH\CodeIgniter.php(468): CodeIgniter\CodeIgniter->runController(Object(App\Controllers\Home))
 4 SYSTEMPATH\CodeIgniter.php(351): CodeIgniter\CodeIgniter->handleRequest(null, Object(Config\Cache), false)
 5 FCPATH\index.php(55): CodeIgniter\CodeIgniter->run()
CRITICAL - 2023-12-12 21:47:02 --> 22 : The requested URL returned error: 400
in SYSTEMPATH\HTTP\CURLRequest.php on line 655.
 1 SYSTEMPATH\HTTP\CURLRequest.php(655): CodeIgniter\HTTP\Exceptions\HTTPException::forCurlError('22', 'The requested URL returned error: 400')
 2 SYSTEMPATH\HTTP\CURLRequest.php(363): CodeIgniter\HTTP\CURLRequest->sendRequest([...])
 3 SYSTEMPATH\HTTP\CURLRequest.php(136): CodeIgniter\HTTP\CURLRequest->send('POST', 'https://api.gap.im/sendMessage')
 4 APPPATH\Libraries\GapAPI\Send\SendConfig.php(121): CodeIgniter\HTTP\CURLRequest->request('POST', 'https://api.gap.im/sendMessage', [...])
 5 APPPATH\Libraries\GapAPI\Send\Send.php(22): App\Libraries\GapAPI\Send\SendConfig->request()
 6 APPPATH\Libraries\GapAPI\GapAPI.php(19): App\Libraries\GapAPI\Send\Send->send_text(Object(App\Libraries\GapAPI\Handlers\FormParams))
 7 APPPATH\Controllers\Home.php(14): App\Libraries\GapAPI\GapAPI->send_text('18b34dbfab054137d021173fbcc12fc0ee01bca35c8a2d52b566585b1ff71496')
 8 SYSTEMPATH\CodeIgniter.php(898): App\Controllers\Home->index()
 9 SYSTEMPATH\CodeIgniter.php(468): CodeIgniter\CodeIgniter->runController(Object(App\Controllers\Home))
10 SYSTEMPATH\CodeIgniter.php(351): CodeIgniter\CodeIgniter->handleRequest(null, Object(Config\Cache), false)
11 FCPATH\index.php(55): CodeIgniter\CodeIgniter->run()
CRITICAL - 2023-12-12 21:50:48 --> 22 : The requested URL returned error: 400
in SYSTEMPATH\HTTP\CURLRequest.php on line 655.
 1 SYSTEMPATH\HTTP\CURLRequest.php(655): CodeIgniter\HTTP\Exceptions\HTTPException::forCurlError('22', 'The requested URL returned error: 400')
 2 SYSTEMPATH\HTTP\CURLRequest.php(363): CodeIgniter\HTTP\CURLRequest->sendRequest([...])
 3 SYSTEMPATH\HTTP\CURLRequest.php(136): CodeIgniter\HTTP\CURLRequest->send('POST', 'https://api.gap.im/sendMessage')
 4 APPPATH\Libraries\GapAPI\Send\SendConfig.php(121): CodeIgniter\HTTP\CURLRequest->request('POST', 'https://api.gap.im/sendMessage', [...])
 5 APPPATH\Libraries\GapAPI\Send\Send.php(22): App\Libraries\GapAPI\Send\SendConfig->request()
 6 APPPATH\Libraries\GapAPI\GapAPI.php(19): App\Libraries\GapAPI\Send\Send->send_text(Object(App\Libraries\GapAPI\Handlers\FormParams))
 7 APPPATH\Controllers\Home.php(14): App\Libraries\GapAPI\GapAPI->send_text('18b34dbfab054137d021173fbcc12fc0ee01bca35c8a2d52b566585b1ff71496')
 8 SYSTEMPATH\CodeIgniter.php(898): App\Controllers\Home->index()
 9 SYSTEMPATH\CodeIgniter.php(468): CodeIgniter\CodeIgniter->runController(Object(App\Controllers\Home))
10 SYSTEMPATH\CodeIgniter.php(351): CodeIgniter\CodeIgniter->handleRequest(null, Object(Config\Cache), false)
11 FCPATH\index.php(55): CodeIgniter\CodeIgniter->run()
CRITICAL - 2023-12-12 22:02:56 --> Typed property App\Libraries\GapAPI\SetParams::$formParams must not be accessed before initialization
in APPPATH\Libraries\GapAPI\GapAPI.php on line 19.
 1 APPPATH\Controllers\Home.php(14): App\Libraries\GapAPI\GapAPI->send_text('18b34dbfab054137d021173fbcc12fc0ee01bca35c8a2d52b566585b1ff71496')
 2 SYSTEMPATH\CodeIgniter.php(898): App\Controllers\Home->index()
 3 SYSTEMPATH\CodeIgniter.php(468): CodeIgniter\CodeIgniter->runController(Object(App\Controllers\Home))
 4 SYSTEMPATH\CodeIgniter.php(351): CodeIgniter\CodeIgniter->handleRequest(null, Object(Config\Cache), false)
 5 FCPATH\index.php(55): CodeIgniter\CodeIgniter->run()
CRITICAL - 2023-12-12 22:03:49 --> Undefined property: App\Libraries\GapAPI\GapAPI::$formParams
in APPPATH\Libraries\GapAPI\GapAPI.php on line 19.
 1 APPPATH\Libraries\GapAPI\GapAPI.php(19): CodeIgniter\Debug\Exceptions->errorHandler(2, 'Undefined property: App\\Libraries\\GapAPI\\GapAPI::$formParams', 'APPPATH\\Libraries\\GapAPI\\GapAPI.php', 19)
 2 APPPATH\Controllers\Home.php(14): App\Libraries\GapAPI\GapAPI->send_text('18b34dbfab054137d021173fbcc12fc0ee01bca35c8a2d52b566585b1ff71496')
 3 SYSTEMPATH\CodeIgniter.php(898): App\Controllers\Home->index()
 4 SYSTEMPATH\CodeIgniter.php(468): CodeIgniter\CodeIgniter->runController(Object(App\Controllers\Home))
 5 SYSTEMPATH\CodeIgniter.php(351): CodeIgniter\CodeIgniter->handleRequest(null, Object(Config\Cache), false)
 6 FCPATH\index.php(55): CodeIgniter\CodeIgniter->run()
CRITICAL - 2023-12-12 22:04:02 --> Typed property App\Libraries\GapAPI\SetParams::$formParams must not be accessed before initialization
in APPPATH\Libraries\GapAPI\GapAPI.php on line 19.
 1 APPPATH\Controllers\Home.php(14): App\Libraries\GapAPI\GapAPI->send_text('18b34dbfab054137d021173fbcc12fc0ee01bca35c8a2d52b566585b1ff71496')
 2 SYSTEMPATH\CodeIgniter.php(898): App\Controllers\Home->index()
 3 SYSTEMPATH\CodeIgniter.php(468): CodeIgniter\CodeIgniter->runController(Object(App\Controllers\Home))
 4 SYSTEMPATH\CodeIgniter.php(351): CodeIgniter\CodeIgniter->handleRequest(null, Object(Config\Cache), false)
 5 FCPATH\index.php(55): CodeIgniter\CodeIgniter->run()
CRITICAL - 2023-12-12 22:08:13 --> Typed property App\Libraries\GapAPI\SetParams::$formParams must not be accessed before initialization
in APPPATH\Libraries\GapAPI\GapAPI.php on line 19.
 1 APPPATH\Controllers\Home.php(14): App\Libraries\GapAPI\GapAPI->send_text('18b34dbfab054137d021173fbcc12fc0ee01bca35c8a2d52b566585b1ff71496')
 2 SYSTEMPATH\CodeIgniter.php(898): App\Controllers\Home->index()
 3 SYSTEMPATH\CodeIgniter.php(468): CodeIgniter\CodeIgniter->runController(Object(App\Controllers\Home))
 4 SYSTEMPATH\CodeIgniter.php(351): CodeIgniter\CodeIgniter->handleRequest(null, Object(Config\Cache), false)
 5 FCPATH\index.php(55): CodeIgniter\CodeIgniter->run()
CRITICAL - 2023-12-12 22:18:54 --> Typed property App\Libraries\GapAPI\SetParams::$formParams must not be accessed before initialization
in APPPATH\Libraries\GapAPI\GapAPI.php on line 19.
 1 APPPATH\Controllers\Home.php(14): App\Libraries\GapAPI\GapAPI->send_text('18b34dbfab054137d021173fbcc12fc0ee01bca35c8a2d52b566585b1ff71496')
 2 SYSTEMPATH\CodeIgniter.php(898): App\Controllers\Home->index()
 3 SYSTEMPATH\CodeIgniter.php(468): CodeIgniter\CodeIgniter->runController(Object(App\Controllers\Home))
 4 SYSTEMPATH\CodeIgniter.php(351): CodeIgniter\CodeIgniter->handleRequest(null, Object(Config\Cache), false)
 5 FCPATH\index.php(55): CodeIgniter\CodeIgniter->run()
CRITICAL - 2023-12-12 23:02:05 --> Attempt to assign property "data" on null
in APPPATH\Libraries\GapAPI\SetParams.php on line 12.
 1 APPPATH\Controllers\Home.php(8): App\Libraries\GapAPI\SetParams->__construct()
 2 SYSTEMPATH\CodeIgniter.php(898): App\Controllers\Home->index()
 3 SYSTEMPATH\CodeIgniter.php(468): CodeIgniter\CodeIgniter->runController(Object(App\Controllers\Home))
 4 SYSTEMPATH\CodeIgniter.php(351): CodeIgniter\CodeIgniter->handleRequest(null, Object(Config\Cache), false)
 5 FCPATH\index.php(55): CodeIgniter\CodeIgniter->run()
CRITICAL - 2023-12-12 23:04:28 --> Attempt to assign property "data" on null
in APPPATH\Libraries\GapAPI\SetParams.php on line 12.
 1 APPPATH\Controllers\Home.php(8): App\Libraries\GapAPI\SetParams->__construct()
 2 SYSTEMPATH\CodeIgniter.php(898): App\Controllers\Home->index()
 3 SYSTEMPATH\CodeIgniter.php(468): CodeIgniter\CodeIgniter->runController(Object(App\Controllers\Home))
 4 SYSTEMPATH\CodeIgniter.php(351): CodeIgniter\CodeIgniter->handleRequest(null, Object(Config\Cache), false)
 5 FCPATH\index.php(55): CodeIgniter\CodeIgniter->run()
CRITICAL - 2023-12-12 23:07:54 --> Attempt to assign property "data" on null
in APPPATH\Libraries\GapAPI\SetParams.php on line 12.
 1 APPPATH\Controllers\Home.php(8): App\Libraries\GapAPI\SetParams->__construct()
 2 SYSTEMPATH\CodeIgniter.php(898): App\Controllers\Home->index()
 3 SYSTEMPATH\CodeIgniter.php(468): CodeIgniter\CodeIgniter->runController(Object(App\Controllers\Home))
 4 SYSTEMPATH\CodeIgniter.php(351): CodeIgniter\CodeIgniter->handleRequest(null, Object(Config\Cache), false)
 5 FCPATH\index.php(55): CodeIgniter\CodeIgniter->run()
CRITICAL - 2023-12-12 23:10:13 --> 22 : The requested URL returned error: 400
in SYSTEMPATH\HTTP\CURLRequest.php on line 655.
 1 SYSTEMPATH\HTTP\CURLRequest.php(655): CodeIgniter\HTTP\Exceptions\HTTPException::forCurlError('22', 'The requested URL returned error: 400')
 2 SYSTEMPATH\HTTP\CURLRequest.php(363): CodeIgniter\HTTP\CURLRequest->sendRequest([...])
 3 SYSTEMPATH\HTTP\CURLRequest.php(136): CodeIgniter\HTTP\CURLRequest->send('POST', 'https://api.gap.im/sendMessage')
 4 APPPATH\Libraries\GapAPI\Send\SendConfig.php(121): CodeIgniter\HTTP\CURLRequest->request('POST', 'https://api.gap.im/sendMessage', [...])
 5 APPPATH\Libraries\GapAPI\Send\Send.php(22): App\Libraries\GapAPI\Send\SendConfig->request()
 6 APPPATH\Libraries\GapAPI\GapAPI.php(19): App\Libraries\GapAPI\Send\Send->send_text(Object(App\Libraries\GapAPI\Handlers\FormParams))
 7 APPPATH\Controllers\Home.php(14): App\Libraries\GapAPI\GapAPI->send_text('18b34dbfab054137d021173fbcc12fc0ee01bca35c8a2d52b566585b1ff71496')
 8 SYSTEMPATH\CodeIgniter.php(898): App\Controllers\Home->index()
 9 SYSTEMPATH\CodeIgniter.php(468): CodeIgniter\CodeIgniter->runController(Object(App\Controllers\Home))
10 SYSTEMPATH\CodeIgniter.php(351): CodeIgniter\CodeIgniter->handleRequest(null, Object(Config\Cache), false)
11 FCPATH\index.php(55): CodeIgniter\CodeIgniter->run()
CRITICAL - 2023-12-12 23:10:54 --> Cannot assign App\Libraries\GapAPI\Handlers\Multipart to property App\Libraries\GapAPI\SetParams::$formParams of type App\Libraries\GapAPI\Handlers\FormParams
in APPPATH\Libraries\GapAPI\SetParams.php on line 12.
 1 APPPATH\Controllers\Home.php(8): App\Libraries\GapAPI\SetParams->__construct()
 2 SYSTEMPATH\CodeIgniter.php(898): App\Controllers\Home->index()
 3 SYSTEMPATH\CodeIgniter.php(468): CodeIgniter\CodeIgniter->runController(Object(App\Controllers\Home))
 4 SYSTEMPATH\CodeIgniter.php(351): CodeIgniter\CodeIgniter->handleRequest(null, Object(Config\Cache), false)
 5 FCPATH\index.php(55): CodeIgniter\CodeIgniter->run()
CRITICAL - 2023-12-12 23:12:04 --> Undefined constant "App\Libraries\GapAPI\FormParams"
in APPPATH\Controllers\Home.php on line 8.
 1 SYSTEMPATH\CodeIgniter.php(898): App\Controllers\Home->index()
 2 SYSTEMPATH\CodeIgniter.php(468): CodeIgniter\CodeIgniter->runController(Object(App\Controllers\Home))
 3 SYSTEMPATH\CodeIgniter.php(351): CodeIgniter\CodeIgniter->handleRequest(null, Object(Config\Cache), false)
 4 FCPATH\index.php(55): CodeIgniter\CodeIgniter->run()
CRITICAL - 2023-12-12 23:12:31 --> 22 : The requested URL returned error: 400
in SYSTEMPATH\HTTP\CURLRequest.php on line 655.
 1 SYSTEMPATH\HTTP\CURLRequest.php(655): CodeIgniter\HTTP\Exceptions\HTTPException::forCurlError('22', 'The requested URL returned error: 400')
 2 SYSTEMPATH\HTTP\CURLRequest.php(363): CodeIgniter\HTTP\CURLRequest->sendRequest([...])
 3 SYSTEMPATH\HTTP\CURLRequest.php(136): CodeIgniter\HTTP\CURLRequest->send('POST', 'https://api.gap.im/sendMessage')
 4 APPPATH\Libraries\GapAPI\Send\SendConfig.php(121): CodeIgniter\HTTP\CURLRequest->request('POST', 'https://api.gap.im/sendMessage', [...])
 5 APPPATH\Libraries\GapAPI\Send\Send.php(22): App\Libraries\GapAPI\Send\SendConfig->request()
 6 APPPATH\Libraries\GapAPI\GapAPI.php(19): App\Libraries\GapAPI\Send\Send->send_text(Object(App\Libraries\GapAPI\Handlers\FormParams))
 7 APPPATH\Controllers\Home.php(14): App\Libraries\GapAPI\GapAPI->send_text('18b34dbfab054137d021173fbcc12fc0ee01bca35c8a2d52b566585b1ff71496')
 8 SYSTEMPATH\CodeIgniter.php(898): App\Controllers\Home->index()
 9 SYSTEMPATH\CodeIgniter.php(468): CodeIgniter\CodeIgniter->runController(Object(App\Controllers\Home))
10 SYSTEMPATH\CodeIgniter.php(351): CodeIgniter\CodeIgniter->handleRequest(null, Object(Config\Cache), false)
11 FCPATH\index.php(55): CodeIgniter\CodeIgniter->run()
CRITICAL - 2023-12-12 23:15:56 --> 22 : The requested URL returned error: 400
in SYSTEMPATH\HTTP\CURLRequest.php on line 655.
 1 SYSTEMPATH\HTTP\CURLRequest.php(655): CodeIgniter\HTTP\Exceptions\HTTPException::forCurlError('22', 'The requested URL returned error: 400')
 2 SYSTEMPATH\HTTP\CURLRequest.php(363): CodeIgniter\HTTP\CURLRequest->sendRequest([...])
 3 SYSTEMPATH\HTTP\CURLRequest.php(136): CodeIgniter\HTTP\CURLRequest->send('POST', 'https://api.gap.im/sendMessage')
 4 APPPATH\Libraries\GapAPI\Send\SendConfig.php(121): CodeIgniter\HTTP\CURLRequest->request('POST', 'https://api.gap.im/sendMessage', [...])
 5 APPPATH\Libraries\GapAPI\Send\Send.php(22): App\Libraries\GapAPI\Send\SendConfig->request()
 6 APPPATH\Libraries\GapAPI\GapAPI.php(19): App\Libraries\GapAPI\Send\Send->send_text(Object(App\Libraries\GapAPI\Handlers\FormParams))
 7 APPPATH\Controllers\Home.php(14): App\Libraries\GapAPI\GapAPI->send_text('18b34dbfab054137d021173fbcc12fc0ee01bca35c8a2d52b566585b1ff71496')
 8 SYSTEMPATH\CodeIgniter.php(898): App\Controllers\Home->index()
 9 SYSTEMPATH\CodeIgniter.php(468): CodeIgniter\CodeIgniter->runController(Object(App\Controllers\Home))
10 SYSTEMPATH\CodeIgniter.php(351): CodeIgniter\CodeIgniter->handleRequest(null, Object(Config\Cache), false)
11 FCPATH\index.php(55): CodeIgniter\CodeIgniter->run()
CRITICAL - 2023-12-12 23:20:46 --> Call to undefined method App\Controllers\ArrayTest::initController()
in SYSTEMPATH\CodeIgniter.php on line 861.
 1 SYSTEMPATH\CodeIgniter.php(459): CodeIgniter\CodeIgniter->createController()
 2 SYSTEMPATH\CodeIgniter.php(351): CodeIgniter\CodeIgniter->handleRequest(null, Object(Config\Cache), false)
 3 FCPATH\index.php(55): CodeIgniter\CodeIgniter->run()
CRITICAL - 2023-12-12 23:21:35 --> App\Controllers\ArrayTest::index(): Return value must be of type string, none returned
in APPPATH\Controllers\ArrayTest.php on line 19.
 1 SYSTEMPATH\CodeIgniter.php(898): App\Controllers\ArrayTest->index()
 2 SYSTEMPATH\CodeIgniter.php(468): CodeIgniter\CodeIgniter->runController(Object(App\Controllers\ArrayTest))
 3 SYSTEMPATH\CodeIgniter.php(351): CodeIgniter\CodeIgniter->handleRequest(null, Object(Config\Cache), false)
 4 FCPATH\index.php(55): CodeIgniter\CodeIgniter->run()
