CRITICAL - 2023-12-17 17:15:45 --> Undefined array key "chat_id"
in APPPATH\Controllers\Home.php on line 22.
 1 APPPATH\Controllers\Home.php(22): CodeIgniter\Debug\Exceptions->errorHandler(2, 'Undefined array key "chat_id"', 'APPPATH\\Controllers\\Home.php', 22)
 2 SYSTEMPATH\CodeIgniter.php(898): App\Controllers\Home->index()
 3 SYSTEMPATH\CodeIgniter.php(468): CodeIgniter\CodeIgniter->runController(Object(App\Controllers\Home))
 4 SYSTEMPATH\CodeIgniter.php(351): CodeIgniter\CodeIgniter->handleRequest(null, Object(Config\Cache), false)
 5 FCPATH\index.php(55): CodeIgniter\CodeIgniter->run()
CRITICAL - 2023-12-17 17:25:26 --> Method App\Libraries\GapAPI\Send\SendText::__construct() cannot declare a return type
in APPPATH\Libraries\GapAPI\Send\SendText.php on line 13.
 1 [internal function]: CodeIgniter\Debug\Exceptions->shutdownHandler()
CRITICAL - 2023-12-17 17:25:35 --> Method App\Libraries\GapAPI\Send\SendText::__construct() cannot declare a return type
in APPPATH\Libraries\GapAPI\Send\SendText.php on line 13.
 1 [internal function]: CodeIgniter\Debug\Exceptions->shutdownHandler()
CRITICAL - 2023-12-17 18:28:36 --> Method App\Libraries\GapAPI\Send\SendText::__construct() cannot declare a return type
in APPPATH\Libraries\GapAPI\Send\SendText.php on line 13.
 1 [internal function]: CodeIgniter\Debug\Exceptions->shutdownHandler()
CRITICAL - 2023-12-17 18:28:49 --> Method App\Libraries\GapAPI\Send\SendText::__construct() cannot declare a return type
in APPPATH\Libraries\GapAPI\Send\SendText.php on line 13.
 1 [internal function]: CodeIgniter\Debug\Exceptions->shutdownHandler()
CRITICAL - 2023-12-17 18:28:56 --> Method App\Libraries\GapAPI\Send\SendText::__construct() cannot declare a return type
in APPPATH\Libraries\GapAPI\Send\SendText.php on line 13.
 1 [internal function]: CodeIgniter\Debug\Exceptions->shutdownHandler()
CRITICAL - 2023-12-17 18:29:11 --> Undefined array key "chat_id"
in APPPATH\Controllers\Home.php on line 22.
 1 APPPATH\Controllers\Home.php(22): CodeIgniter\Debug\Exceptions->errorHandler(2, 'Undefined array key "chat_id"', 'APPPATH\\Controllers\\Home.php', 22)
 2 SYSTEMPATH\CodeIgniter.php(898): App\Controllers\Home->index()
 3 SYSTEMPATH\CodeIgniter.php(468): CodeIgniter\CodeIgniter->runController(Object(App\Controllers\Home))
 4 SYSTEMPATH\CodeIgniter.php(351): CodeIgniter\CodeIgniter->handleRequest(null, Object(Config\Cache), false)
 5 FCPATH\index.php(55): CodeIgniter\CodeIgniter->run()
CRITICAL - 2023-12-17 19:10:26 --> 22 : The requested URL returned error: 400
in SYSTEMPATH\HTTP\CURLRequest.php on line 655.
 1 SYSTEMPATH\HTTP\CURLRequest.php(655): CodeIgniter\HTTP\Exceptions\HTTPException::forCurlError('22', 'The requested URL returned error: 400')
 2 SYSTEMPATH\HTTP\CURLRequest.php(363): CodeIgniter\HTTP\CURLRequest->sendRequest([...])
 3 SYSTEMPATH\HTTP\CURLRequest.php(136): CodeIgniter\HTTP\CURLRequest->send('POST', 'https://api.gap.im/sendMessage')
 4 APPPATH\Libraries\GapAPI\Send\BaseSend.php(148): CodeIgniter\HTTP\CURLRequest->request('POST', 'https://api.gap.im/sendMessage', [...])
 5 APPPATH\Libraries\GapAPI\Send\SendMessage.php(20): App\Libraries\GapAPI\Send\BaseSend->request()
 6 APPPATH\Libraries\GapAPI\GapAPI.php(45): App\Libraries\GapAPI\Send\SendMessage->__construct(Object(CodeIgniter\HTTP\CURLRequest), Object(App\Libraries\GapAPI\Handlers\FormParams))
 7 APPPATH\Controllers\Home.php(21): App\Libraries\GapAPI\GapAPI->send_text()
 8 SYSTEMPATH\CodeIgniter.php(898): App\Controllers\Home->index()
 9 SYSTEMPATH\CodeIgniter.php(468): CodeIgniter\CodeIgniter->runController(Object(App\Controllers\Home))
10 SYSTEMPATH\CodeIgniter.php(351): CodeIgniter\CodeIgniter->handleRequest(null, Object(Config\Cache), false)
11 FCPATH\index.php(55): CodeIgniter\CodeIgniter->run()
CRITICAL - 2023-12-17 19:10:37 --> 22 : The requested URL returned error: 400
in SYSTEMPATH\HTTP\CURLRequest.php on line 655.
 1 SYSTEMPATH\HTTP\CURLRequest.php(655): CodeIgniter\HTTP\Exceptions\HTTPException::forCurlError('22', 'The requested URL returned error: 400')
 2 SYSTEMPATH\HTTP\CURLRequest.php(363): CodeIgniter\HTTP\CURLRequest->sendRequest([...])
 3 SYSTEMPATH\HTTP\CURLRequest.php(136): CodeIgniter\HTTP\CURLRequest->send('POST', 'https://api.gap.im/sendMessage')
 4 APPPATH\Libraries\GapAPI\Send\BaseSend.php(148): CodeIgniter\HTTP\CURLRequest->request('POST', 'https://api.gap.im/sendMessage', [...])
 5 APPPATH\Libraries\GapAPI\Send\SendMessage.php(20): App\Libraries\GapAPI\Send\BaseSend->request()
 6 APPPATH\Libraries\GapAPI\GapAPI.php(45): App\Libraries\GapAPI\Send\SendMessage->__construct(Object(CodeIgniter\HTTP\CURLRequest), Object(App\Libraries\GapAPI\Handlers\FormParams))
 7 APPPATH\Controllers\Home.php(21): App\Libraries\GapAPI\GapAPI->send_text()
 8 SYSTEMPATH\CodeIgniter.php(898): App\Controllers\Home->index()
 9 SYSTEMPATH\CodeIgniter.php(468): CodeIgniter\CodeIgniter->runController(Object(App\Controllers\Home))
10 SYSTEMPATH\CodeIgniter.php(351): CodeIgniter\CodeIgniter->handleRequest(null, Object(Config\Cache), false)
11 FCPATH\index.php(55): CodeIgniter\CodeIgniter->run()
CRITICAL - 2023-12-17 19:11:19 --> Undefined property: App\Libraries\GapAPI\Handlers\Codes::$request
in APPPATH\Libraries\GapAPI\Handlers\Codes.php on line 13.
 1 APPPATH\Libraries\GapAPI\Handlers\Codes.php(13): CodeIgniter\Debug\Exceptions->errorHandler(2, 'Undefined property: App\\Libraries\\GapAPI\\Handlers\\Codes::$request', 'APPPATH\\Libraries\\GapAPI\\Handlers\\Codes.php', 13)
 2 APPPATH\Libraries\GapAPI\Send\Handlers\PrepareParams.php(65): App\Libraries\GapAPI\Handlers\Codes->get_chat_id()
 3 APPPATH\Libraries\GapAPI\Send\Handlers\PrepareParams.php(29): App\Libraries\GapAPI\Send\Handlers\PrepareParams->set_chat_id(Object(App\Libraries\GapAPI\Handlers\FormParams))
 4 APPPATH\Libraries\GapAPI\Send\BaseSend.php(93): App\Libraries\GapAPI\Send\Handlers\PrepareParams->run(Object(App\Libraries\GapAPI\Handlers\FormParams))
 5 APPPATH\Libraries\GapAPI\Send\BaseSend.php(56): App\Libraries\GapAPI\Send\BaseSend->prepare_params(Object(App\Libraries\GapAPI\Handlers\FormParams), null)
 6 APPPATH\Libraries\GapAPI\Send\SendMessage.php(14): App\Libraries\GapAPI\Send\BaseSend->__construct(Object(CodeIgniter\HTTP\CURLRequest), Object(App\Libraries\GapAPI\Handlers\FormParams), null)
 7 APPPATH\Libraries\GapAPI\GapAPI.php(45): App\Libraries\GapAPI\Send\SendMessage->__construct(Object(CodeIgniter\HTTP\CURLRequest), Object(App\Libraries\GapAPI\Handlers\FormParams))
 8 APPPATH\Controllers\Home.php(21): App\Libraries\GapAPI\GapAPI->send_text()
 9 SYSTEMPATH\CodeIgniter.php(898): App\Controllers\Home->index()
10 SYSTEMPATH\CodeIgniter.php(468): CodeIgniter\CodeIgniter->runController(Object(App\Controllers\Home))
11 SYSTEMPATH\CodeIgniter.php(351): CodeIgniter\CodeIgniter->handleRequest(null, Object(Config\Cache), false)
12 FCPATH\index.php(55): CodeIgniter\CodeIgniter->run()
CRITICAL - 2023-12-17 19:11:28 --> Undefined property: App\Libraries\GapAPI\Handlers\Codes::$request
in APPPATH\Libraries\GapAPI\Handlers\Codes.php on line 13.
 1 APPPATH\Libraries\GapAPI\Handlers\Codes.php(13): CodeIgniter\Debug\Exceptions->errorHandler(2, 'Undefined property: App\\Libraries\\GapAPI\\Handlers\\Codes::$request', 'APPPATH\\Libraries\\GapAPI\\Handlers\\Codes.php', 13)
 2 APPPATH\Libraries\GapAPI\Send\Handlers\PrepareParams.php(65): App\Libraries\GapAPI\Handlers\Codes->get_chat_id()
 3 APPPATH\Libraries\GapAPI\Send\Handlers\PrepareParams.php(29): App\Libraries\GapAPI\Send\Handlers\PrepareParams->set_chat_id(Object(App\Libraries\GapAPI\Handlers\FormParams))
 4 APPPATH\Libraries\GapAPI\Send\BaseSend.php(93): App\Libraries\GapAPI\Send\Handlers\PrepareParams->run(Object(App\Libraries\GapAPI\Handlers\FormParams))
 5 APPPATH\Libraries\GapAPI\Send\BaseSend.php(56): App\Libraries\GapAPI\Send\BaseSend->prepare_params(Object(App\Libraries\GapAPI\Handlers\FormParams), null)
 6 APPPATH\Libraries\GapAPI\Send\SendMessage.php(14): App\Libraries\GapAPI\Send\BaseSend->__construct(Object(CodeIgniter\HTTP\CURLRequest), Object(App\Libraries\GapAPI\Handlers\FormParams), null)
 7 APPPATH\Libraries\GapAPI\GapAPI.php(45): App\Libraries\GapAPI\Send\SendMessage->__construct(Object(CodeIgniter\HTTP\CURLRequest), Object(App\Libraries\GapAPI\Handlers\FormParams))
 8 APPPATH\Controllers\Home.php(21): App\Libraries\GapAPI\GapAPI->send_text()
 9 SYSTEMPATH\CodeIgniter.php(898): App\Controllers\Home->index()
10 SYSTEMPATH\CodeIgniter.php(468): CodeIgniter\CodeIgniter->runController(Object(App\Controllers\Home))
11 SYSTEMPATH\CodeIgniter.php(351): CodeIgniter\CodeIgniter->handleRequest(null, Object(Config\Cache), false)
12 FCPATH\index.php(55): CodeIgniter\CodeIgniter->run()
CRITICAL - 2023-12-17 19:11:43 --> Undefined property: App\Libraries\GapAPI\Handlers\Codes::$request
in APPPATH\Libraries\GapAPI\Handlers\Codes.php on line 13.
 1 APPPATH\Libraries\GapAPI\Handlers\Codes.php(13): CodeIgniter\Debug\Exceptions->errorHandler(2, 'Undefined property: App\\Libraries\\GapAPI\\Handlers\\Codes::$request', 'APPPATH\\Libraries\\GapAPI\\Handlers\\Codes.php', 13)
 2 APPPATH\Libraries\GapAPI\Send\Handlers\PrepareParams.php(65): App\Libraries\GapAPI\Handlers\Codes->get_chat_id()
 3 APPPATH\Libraries\GapAPI\Send\Handlers\PrepareParams.php(29): App\Libraries\GapAPI\Send\Handlers\PrepareParams->set_chat_id(Object(App\Libraries\GapAPI\Handlers\FormParams))
 4 APPPATH\Libraries\GapAPI\Send\BaseSend.php(93): App\Libraries\GapAPI\Send\Handlers\PrepareParams->run(Object(App\Libraries\GapAPI\Handlers\FormParams))
 5 APPPATH\Libraries\GapAPI\Send\BaseSend.php(56): App\Libraries\GapAPI\Send\BaseSend->prepare_params(Object(App\Libraries\GapAPI\Handlers\FormParams), null)
 6 APPPATH\Libraries\GapAPI\Send\SendMessage.php(14): App\Libraries\GapAPI\Send\BaseSend->__construct(Object(CodeIgniter\HTTP\CURLRequest), Object(App\Libraries\GapAPI\Handlers\FormParams), null)
 7 APPPATH\Libraries\GapAPI\GapAPI.php(45): App\Libraries\GapAPI\Send\SendMessage->__construct(Object(CodeIgniter\HTTP\CURLRequest), Object(App\Libraries\GapAPI\Handlers\FormParams))
 8 APPPATH\Controllers\Home.php(21): App\Libraries\GapAPI\GapAPI->send_text()
 9 SYSTEMPATH\CodeIgniter.php(898): App\Controllers\Home->index()
10 SYSTEMPATH\CodeIgniter.php(468): CodeIgniter\CodeIgniter->runController(Object(App\Controllers\Home))
11 SYSTEMPATH\CodeIgniter.php(351): CodeIgniter\CodeIgniter->handleRequest(null, Object(Config\Cache), false)
12 FCPATH\index.php(55): CodeIgniter\CodeIgniter->run()
CRITICAL - 2023-12-17 19:11:49 --> Undefined property: App\Libraries\GapAPI\Handlers\Codes::$request
in APPPATH\Libraries\GapAPI\Handlers\Codes.php on line 13.
 1 APPPATH\Libraries\GapAPI\Handlers\Codes.php(13): CodeIgniter\Debug\Exceptions->errorHandler(2, 'Undefined property: App\\Libraries\\GapAPI\\Handlers\\Codes::$request', 'APPPATH\\Libraries\\GapAPI\\Handlers\\Codes.php', 13)
 2 APPPATH\Libraries\GapAPI\Send\Handlers\PrepareParams.php(65): App\Libraries\GapAPI\Handlers\Codes->get_chat_id()
 3 APPPATH\Libraries\GapAPI\Send\Handlers\PrepareParams.php(29): App\Libraries\GapAPI\Send\Handlers\PrepareParams->set_chat_id(Object(App\Libraries\GapAPI\Handlers\FormParams))
 4 APPPATH\Libraries\GapAPI\Send\BaseSend.php(93): App\Libraries\GapAPI\Send\Handlers\PrepareParams->run(Object(App\Libraries\GapAPI\Handlers\FormParams))
 5 APPPATH\Libraries\GapAPI\Send\BaseSend.php(56): App\Libraries\GapAPI\Send\BaseSend->prepare_params(Object(App\Libraries\GapAPI\Handlers\FormParams), null)
 6 APPPATH\Libraries\GapAPI\Send\SendMessage.php(14): App\Libraries\GapAPI\Send\BaseSend->__construct(Object(CodeIgniter\HTTP\CURLRequest), Object(App\Libraries\GapAPI\Handlers\FormParams), null)
 7 APPPATH\Libraries\GapAPI\GapAPI.php(45): App\Libraries\GapAPI\Send\SendMessage->__construct(Object(CodeIgniter\HTTP\CURLRequest), Object(App\Libraries\GapAPI\Handlers\FormParams))
 8 APPPATH\Controllers\Home.php(21): App\Libraries\GapAPI\GapAPI->send_text()
 9 SYSTEMPATH\CodeIgniter.php(898): App\Controllers\Home->index()
10 SYSTEMPATH\CodeIgniter.php(468): CodeIgniter\CodeIgniter->runController(Object(App\Controllers\Home))
11 SYSTEMPATH\CodeIgniter.php(351): CodeIgniter\CodeIgniter->handleRequest(null, Object(Config\Cache), false)
12 FCPATH\index.php(55): CodeIgniter\CodeIgniter->run()
CRITICAL - 2023-12-17 19:12:39 --> Undefined property: App\Libraries\GapAPI\Handlers\Codes::$request
in APPPATH\Libraries\GapAPI\Handlers\Codes.php on line 13.
 1 APPPATH\Libraries\GapAPI\Handlers\Codes.php(13): CodeIgniter\Debug\Exceptions->errorHandler(2, 'Undefined property: App\\Libraries\\GapAPI\\Handlers\\Codes::$request', 'APPPATH\\Libraries\\GapAPI\\Handlers\\Codes.php', 13)
 2 APPPATH\Libraries\GapAPI\Send\Handlers\PrepareParams.php(64): App\Libraries\GapAPI\Handlers\Codes->get_chat_id()
 3 APPPATH\Libraries\GapAPI\Send\Handlers\PrepareParams.php(29): App\Libraries\GapAPI\Send\Handlers\PrepareParams->set_chat_id(Object(App\Libraries\GapAPI\Handlers\FormParams))
 4 APPPATH\Libraries\GapAPI\Send\BaseSend.php(93): App\Libraries\GapAPI\Send\Handlers\PrepareParams->run(Object(App\Libraries\GapAPI\Handlers\FormParams))
 5 APPPATH\Libraries\GapAPI\Send\BaseSend.php(56): App\Libraries\GapAPI\Send\BaseSend->prepare_params(Object(App\Libraries\GapAPI\Handlers\FormParams), null)
 6 APPPATH\Libraries\GapAPI\Send\SendMessage.php(14): App\Libraries\GapAPI\Send\BaseSend->__construct(Object(CodeIgniter\HTTP\CURLRequest), Object(App\Libraries\GapAPI\Handlers\FormParams), null)
 7 APPPATH\Libraries\GapAPI\GapAPI.php(45): App\Libraries\GapAPI\Send\SendMessage->__construct(Object(CodeIgniter\HTTP\CURLRequest), Object(App\Libraries\GapAPI\Handlers\FormParams))
 8 APPPATH\Controllers\Home.php(21): App\Libraries\GapAPI\GapAPI->send_text()
 9 SYSTEMPATH\CodeIgniter.php(898): App\Controllers\Home->index()
10 SYSTEMPATH\CodeIgniter.php(468): CodeIgniter\CodeIgniter->runController(Object(App\Controllers\Home))
11 SYSTEMPATH\CodeIgniter.php(351): CodeIgniter\CodeIgniter->handleRequest(null, Object(Config\Cache), false)
12 FCPATH\index.php(55): CodeIgniter\CodeIgniter->run()
CRITICAL - 2023-12-17 19:13:09 --> Undefined property: App\Libraries\GapAPI\Handlers\Codes::$request
in APPPATH\Libraries\GapAPI\Handlers\Codes.php on line 13.
 1 APPPATH\Libraries\GapAPI\Handlers\Codes.php(13): CodeIgniter\Debug\Exceptions->errorHandler(2, 'Undefined property: App\\Libraries\\GapAPI\\Handlers\\Codes::$request', 'APPPATH\\Libraries\\GapAPI\\Handlers\\Codes.php', 13)
 2 APPPATH\Libraries\GapAPI\Send\Handlers\PrepareParams.php(65): App\Libraries\GapAPI\Handlers\Codes->get_chat_id()
 3 APPPATH\Libraries\GapAPI\Send\Handlers\PrepareParams.php(29): App\Libraries\GapAPI\Send\Handlers\PrepareParams->set_chat_id(Object(App\Libraries\GapAPI\Handlers\FormParams))
 4 APPPATH\Libraries\GapAPI\Send\BaseSend.php(93): App\Libraries\GapAPI\Send\Handlers\PrepareParams->run(Object(App\Libraries\GapAPI\Handlers\FormParams))
 5 APPPATH\Libraries\GapAPI\Send\BaseSend.php(56): App\Libraries\GapAPI\Send\BaseSend->prepare_params(Object(App\Libraries\GapAPI\Handlers\FormParams), null)
 6 APPPATH\Libraries\GapAPI\Send\SendMessage.php(14): App\Libraries\GapAPI\Send\BaseSend->__construct(Object(CodeIgniter\HTTP\CURLRequest), Object(App\Libraries\GapAPI\Handlers\FormParams), null)
 7 APPPATH\Libraries\GapAPI\GapAPI.php(45): App\Libraries\GapAPI\Send\SendMessage->__construct(Object(CodeIgniter\HTTP\CURLRequest), Object(App\Libraries\GapAPI\Handlers\FormParams))
 8 APPPATH\Controllers\Home.php(21): App\Libraries\GapAPI\GapAPI->send_text()
 9 SYSTEMPATH\CodeIgniter.php(898): App\Controllers\Home->index()
10 SYSTEMPATH\CodeIgniter.php(468): CodeIgniter\CodeIgniter->runController(Object(App\Controllers\Home))
11 SYSTEMPATH\CodeIgniter.php(351): CodeIgniter\CodeIgniter->handleRequest(null, Object(Config\Cache), false)
12 FCPATH\index.php(55): CodeIgniter\CodeIgniter->run()
CRITICAL - 2023-12-17 19:15:17 --> Undefined property: App\Libraries\GapAPI\Send\Handlers\PrepareParams::$request
in APPPATH\Libraries\GapAPI\Send\Handlers\PrepareParams.php on line 65.
 1 APPPATH\Libraries\GapAPI\Send\Handlers\PrepareParams.php(65): CodeIgniter\Debug\Exceptions->errorHandler(2, 'Undefined property: App\\Libraries\\GapAPI\\Send\\Handlers\\PrepareParams::$request', 'APPPATH\\Libraries\\GapAPI\\Send\\Handlers\\PrepareParams.php', 65)
 2 APPPATH\Libraries\GapAPI\Send\Handlers\PrepareParams.php(29): App\Libraries\GapAPI\Send\Handlers\PrepareParams->set_chat_id(Object(App\Libraries\GapAPI\Handlers\FormParams))
 3 APPPATH\Libraries\GapAPI\Send\BaseSend.php(93): App\Libraries\GapAPI\Send\Handlers\PrepareParams->run(Object(App\Libraries\GapAPI\Handlers\FormParams))
 4 APPPATH\Libraries\GapAPI\Send\BaseSend.php(56): App\Libraries\GapAPI\Send\BaseSend->prepare_params(Object(App\Libraries\GapAPI\Handlers\FormParams), null)
 5 APPPATH\Libraries\GapAPI\Send\SendMessage.php(14): App\Libraries\GapAPI\Send\BaseSend->__construct(Object(CodeIgniter\HTTP\CURLRequest), Object(App\Libraries\GapAPI\Handlers\FormParams), null)
 6 APPPATH\Libraries\GapAPI\GapAPI.php(45): App\Libraries\GapAPI\Send\SendMessage->__construct(Object(CodeIgniter\HTTP\CURLRequest), Object(App\Libraries\GapAPI\Handlers\FormParams))
 7 APPPATH\Controllers\Home.php(21): App\Libraries\GapAPI\GapAPI->send_text()
 8 SYSTEMPATH\CodeIgniter.php(898): App\Controllers\Home->index()
 9 SYSTEMPATH\CodeIgniter.php(468): CodeIgniter\CodeIgniter->runController(Object(App\Controllers\Home))
10 SYSTEMPATH\CodeIgniter.php(351): CodeIgniter\CodeIgniter->handleRequest(null, Object(Config\Cache), false)
11 FCPATH\index.php(55): CodeIgniter\CodeIgniter->run()
CRITICAL - 2023-12-17 19:15:59 --> 22 : The requested URL returned error: 400
in SYSTEMPATH\HTTP\CURLRequest.php on line 655.
 1 SYSTEMPATH\HTTP\CURLRequest.php(655): CodeIgniter\HTTP\Exceptions\HTTPException::forCurlError('22', 'The requested URL returned error: 400')
 2 SYSTEMPATH\HTTP\CURLRequest.php(363): CodeIgniter\HTTP\CURLRequest->sendRequest([...])
 3 SYSTEMPATH\HTTP\CURLRequest.php(136): CodeIgniter\HTTP\CURLRequest->send('POST', 'https://api.gap.im/sendMessage')
 4 APPPATH\Libraries\GapAPI\Send\BaseSend.php(148): CodeIgniter\HTTP\CURLRequest->request('POST', 'https://api.gap.im/sendMessage', [...])
 5 APPPATH\Libraries\GapAPI\Send\SendMessage.php(20): App\Libraries\GapAPI\Send\BaseSend->request()
 6 APPPATH\Libraries\GapAPI\GapAPI.php(45): App\Libraries\GapAPI\Send\SendMessage->__construct(Object(CodeIgniter\HTTP\CURLRequest), Object(App\Libraries\GapAPI\Handlers\FormParams))
 7 APPPATH\Controllers\Home.php(23): App\Libraries\GapAPI\GapAPI->send_text()
 8 SYSTEMPATH\CodeIgniter.php(898): App\Controllers\Home->index()
 9 SYSTEMPATH\CodeIgniter.php(468): CodeIgniter\CodeIgniter->runController(Object(App\Controllers\Home))
10 SYSTEMPATH\CodeIgniter.php(351): CodeIgniter\CodeIgniter->handleRequest(null, Object(Config\Cache), false)
11 FCPATH\index.php(55): CodeIgniter\CodeIgniter->run()
CRITICAL - 2023-12-17 19:17:10 --> 22 : The requested URL returned error: 400
in SYSTEMPATH\HTTP\CURLRequest.php on line 655.
 1 SYSTEMPATH\HTTP\CURLRequest.php(655): CodeIgniter\HTTP\Exceptions\HTTPException::forCurlError('22', 'The requested URL returned error: 400')
 2 SYSTEMPATH\HTTP\CURLRequest.php(363): CodeIgniter\HTTP\CURLRequest->sendRequest([...])
 3 SYSTEMPATH\HTTP\CURLRequest.php(136): CodeIgniter\HTTP\CURLRequest->send('POST', 'https://api.gap.im/sendMessage')
 4 APPPATH\Libraries\GapAPI\Send\BaseSend.php(148): CodeIgniter\HTTP\CURLRequest->request('POST', 'https://api.gap.im/sendMessage', [...])
 5 APPPATH\Libraries\GapAPI\Send\SendMessage.php(20): App\Libraries\GapAPI\Send\BaseSend->request()
 6 APPPATH\Libraries\GapAPI\GapAPI.php(45): App\Libraries\GapAPI\Send\SendMessage->__construct(Object(CodeIgniter\HTTP\CURLRequest), Object(App\Libraries\GapAPI\Handlers\FormParams))
 7 APPPATH\Controllers\Home.php(24): App\Libraries\GapAPI\GapAPI->send_text()
 8 SYSTEMPATH\CodeIgniter.php(898): App\Controllers\Home->index()
 9 SYSTEMPATH\CodeIgniter.php(468): CodeIgniter\CodeIgniter->runController(Object(App\Controllers\Home))
10 SYSTEMPATH\CodeIgniter.php(351): CodeIgniter\CodeIgniter->handleRequest(null, Object(Config\Cache), false)
11 FCPATH\index.php(55): CodeIgniter\CodeIgniter->run()
CRITICAL - 2023-12-17 19:17:35 --> Undefined array key "chat_id"
in APPPATH\Controllers\Home.php on line 25.
 1 APPPATH\Controllers\Home.php(25): CodeIgniter\Debug\Exceptions->errorHandler(2, 'Undefined array key "chat_id"', 'APPPATH\\Controllers\\Home.php', 25)
 2 SYSTEMPATH\CodeIgniter.php(898): App\Controllers\Home->index()
 3 SYSTEMPATH\CodeIgniter.php(468): CodeIgniter\CodeIgniter->runController(Object(App\Controllers\Home))
 4 SYSTEMPATH\CodeIgniter.php(351): CodeIgniter\CodeIgniter->handleRequest(null, Object(Config\Cache), false)
 5 FCPATH\index.php(55): CodeIgniter\CodeIgniter->run()
CRITICAL - 2023-12-17 21:13:28 --> Undefined property: App\Libraries\GapAPI\Handlers\Codes::$request
in APPPATH\Libraries\GapAPI\Handlers\Codes.php on line 13.
 1 APPPATH\Libraries\GapAPI\Handlers\Codes.php(13): CodeIgniter\Debug\Exceptions->errorHandler(2, 'Undefined property: App\\Libraries\\GapAPI\\Handlers\\Codes::$request', 'APPPATH\\Libraries\\GapAPI\\Handlers\\Codes.php', 13)
 2 APPPATH\Libraries\GapAPI\Send\Handlers\PrepareParams.php(65): App\Libraries\GapAPI\Handlers\Codes->get_chat_id()
 3 APPPATH\Libraries\GapAPI\Send\Handlers\PrepareParams.php(29): App\Libraries\GapAPI\Send\Handlers\PrepareParams->set_chat_id(Object(App\Libraries\GapAPI\Handlers\FormParams))
 4 APPPATH\Libraries\GapAPI\Send\BaseSend.php(93): App\Libraries\GapAPI\Send\Handlers\PrepareParams->run(Object(App\Libraries\GapAPI\Handlers\FormParams))
 5 APPPATH\Libraries\GapAPI\Send\BaseSend.php(56): App\Libraries\GapAPI\Send\BaseSend->prepare_params(Object(App\Libraries\GapAPI\Handlers\FormParams), null)
 6 APPPATH\Libraries\GapAPI\Send\Location.php(11): App\Libraries\GapAPI\Send\BaseSend->__construct(Object(CodeIgniter\HTTP\CURLRequest), Object(App\Libraries\GapAPI\Handlers\FormParams), null)
 7 APPPATH\Libraries\GapAPI\GapAPI.php(57): App\Libraries\GapAPI\Send\Location->__construct(Object(CodeIgniter\HTTP\CURLRequest), Object(App\Libraries\GapAPI\Handlers\FormParams))
 8 APPPATH\Controllers\Home.php(14): App\Libraries\GapAPI\GapAPI->send_location('111', '1111', 'this is my local')
 9 SYSTEMPATH\CodeIgniter.php(898): App\Controllers\Home->index()
10 SYSTEMPATH\CodeIgniter.php(468): CodeIgniter\CodeIgniter->runController(Object(App\Controllers\Home))
11 SYSTEMPATH\CodeIgniter.php(351): CodeIgniter\CodeIgniter->handleRequest(null, Object(Config\Cache), false)
12 FCPATH\index.php(55): CodeIgniter\CodeIgniter->run()
CRITICAL - 2023-12-17 21:13:37 --> Undefined property: App\Libraries\GapAPI\Handlers\Codes::$request
in APPPATH\Libraries\GapAPI\Handlers\Codes.php on line 13.
 1 APPPATH\Libraries\GapAPI\Handlers\Codes.php(13): CodeIgniter\Debug\Exceptions->errorHandler(2, 'Undefined property: App\\Libraries\\GapAPI\\Handlers\\Codes::$request', 'APPPATH\\Libraries\\GapAPI\\Handlers\\Codes.php', 13)
 2 APPPATH\Libraries\GapAPI\Send\Handlers\PrepareParams.php(65): App\Libraries\GapAPI\Handlers\Codes->get_chat_id()
 3 APPPATH\Libraries\GapAPI\Send\Handlers\PrepareParams.php(29): App\Libraries\GapAPI\Send\Handlers\PrepareParams->set_chat_id(Object(App\Libraries\GapAPI\Handlers\FormParams))
 4 APPPATH\Libraries\GapAPI\Send\BaseSend.php(93): App\Libraries\GapAPI\Send\Handlers\PrepareParams->run(Object(App\Libraries\GapAPI\Handlers\FormParams))
 5 APPPATH\Libraries\GapAPI\Send\BaseSend.php(56): App\Libraries\GapAPI\Send\BaseSend->prepare_params(Object(App\Libraries\GapAPI\Handlers\FormParams), null)
 6 APPPATH\Libraries\GapAPI\Send\Location.php(11): App\Libraries\GapAPI\Send\BaseSend->__construct(Object(CodeIgniter\HTTP\CURLRequest), Object(App\Libraries\GapAPI\Handlers\FormParams), null)
 7 APPPATH\Libraries\GapAPI\GapAPI.php(57): App\Libraries\GapAPI\Send\Location->__construct(Object(CodeIgniter\HTTP\CURLRequest), Object(App\Libraries\GapAPI\Handlers\FormParams))
 8 APPPATH\Controllers\Home.php(14): App\Libraries\GapAPI\GapAPI->send_location('111', '1111', 'this is my local')
 9 SYSTEMPATH\CodeIgniter.php(898): App\Controllers\Home->index()
10 SYSTEMPATH\CodeIgniter.php(468): CodeIgniter\CodeIgniter->runController(Object(App\Controllers\Home))
11 SYSTEMPATH\CodeIgniter.php(351): CodeIgniter\CodeIgniter->handleRequest(null, Object(Config\Cache), false)
12 FCPATH\index.php(55): CodeIgniter\CodeIgniter->run()
CRITICAL - 2023-12-17 21:24:18 --> Undefined property: App\Libraries\GapAPI\Handlers\Codes::$request
in APPPATH\Libraries\GapAPI\Handlers\Codes.php on line 13.
 1 APPPATH\Libraries\GapAPI\Handlers\Codes.php(13): CodeIgniter\Debug\Exceptions->errorHandler(2, 'Undefined property: App\\Libraries\\GapAPI\\Handlers\\Codes::$request', 'APPPATH\\Libraries\\GapAPI\\Handlers\\Codes.php', 13)
 2 APPPATH\Libraries\GapAPI\Send\Handlers\PrepareParams.php(65): App\Libraries\GapAPI\Handlers\Codes->get_chat_id()
 3 APPPATH\Libraries\GapAPI\Send\Handlers\PrepareParams.php(29): App\Libraries\GapAPI\Send\Handlers\PrepareParams->set_chat_id(Object(App\Libraries\GapAPI\Handlers\FormParams))
 4 APPPATH\Libraries\GapAPI\Send\BaseSend.php(93): App\Libraries\GapAPI\Send\Handlers\PrepareParams->run(Object(App\Libraries\GapAPI\Handlers\FormParams))
 5 APPPATH\Libraries\GapAPI\Send\BaseSend.php(56): App\Libraries\GapAPI\Send\BaseSend->prepare_params(Object(App\Libraries\GapAPI\Handlers\FormParams), null)
 6 APPPATH\Libraries\GapAPI\Send\Location.php(11): App\Libraries\GapAPI\Send\BaseSend->__construct(Object(CodeIgniter\HTTP\CURLRequest), Object(App\Libraries\GapAPI\Handlers\FormParams), null)
 7 APPPATH\Libraries\GapAPI\GapAPI.php(57): App\Libraries\GapAPI\Send\Location->__construct(Object(CodeIgniter\HTTP\CURLRequest), Object(App\Libraries\GapAPI\Handlers\FormParams))
 8 APPPATH\Controllers\Home.php(14): App\Libraries\GapAPI\GapAPI->send_location('111', '1111', 'this is my local')
 9 SYSTEMPATH\CodeIgniter.php(898): App\Controllers\Home->index()
10 SYSTEMPATH\CodeIgniter.php(468): CodeIgniter\CodeIgniter->runController(Object(App\Controllers\Home))
11 SYSTEMPATH\CodeIgniter.php(351): CodeIgniter\CodeIgniter->handleRequest(null, Object(Config\Cache), false)
12 FCPATH\index.php(55): CodeIgniter\CodeIgniter->run()
CRITICAL - 2023-12-17 21:26:34 --> Undefined property: App\Libraries\GapAPI\Handlers\Codes::$request
in APPPATH\Libraries\GapAPI\Handlers\Codes.php on line 13.
 1 APPPATH\Libraries\GapAPI\Handlers\Codes.php(13): CodeIgniter\Debug\Exceptions->errorHandler(2, 'Undefined property: App\\Libraries\\GapAPI\\Handlers\\Codes::$request', 'APPPATH\\Libraries\\GapAPI\\Handlers\\Codes.php', 13)
 2 APPPATH\Libraries\GapAPI\Send\Handlers\PrepareParams.php(65): App\Libraries\GapAPI\Handlers\Codes->get_chat_id()
 3 APPPATH\Libraries\GapAPI\Send\Handlers\PrepareParams.php(29): App\Libraries\GapAPI\Send\Handlers\PrepareParams->set_chat_id(Object(App\Libraries\GapAPI\Handlers\FormParams))
 4 APPPATH\Libraries\GapAPI\Send\BaseSend.php(93): App\Libraries\GapAPI\Send\Handlers\PrepareParams->run(Object(App\Libraries\GapAPI\Handlers\FormParams))
 5 APPPATH\Libraries\GapAPI\Send\BaseSend.php(56): App\Libraries\GapAPI\Send\BaseSend->prepare_params(Object(App\Libraries\GapAPI\Handlers\FormParams), null)
 6 APPPATH\Libraries\GapAPI\Send\Location.php(13): App\Libraries\GapAPI\Send\BaseSend->__construct(Object(CodeIgniter\HTTP\CURLRequest), Object(App\Libraries\GapAPI\Handlers\FormParams), null)
 7 APPPATH\Libraries\GapAPI\GapAPI.php(57): App\Libraries\GapAPI\Send\Location->__construct(Object(CodeIgniter\HTTP\CURLRequest), Object(App\Libraries\GapAPI\Handlers\FormParams))
 8 APPPATH\Controllers\Home.php(14): App\Libraries\GapAPI\GapAPI->send_location('111', '1111', 'this is my local')
 9 SYSTEMPATH\CodeIgniter.php(898): App\Controllers\Home->index()
10 SYSTEMPATH\CodeIgniter.php(468): CodeIgniter\CodeIgniter->runController(Object(App\Controllers\Home))
11 SYSTEMPATH\CodeIgniter.php(351): CodeIgniter\CodeIgniter->handleRequest(null, Object(Config\Cache), false)
12 FCPATH\index.php(55): CodeIgniter\CodeIgniter->run()
CRITICAL - 2023-12-17 21:27:38 --> Undefined array key "chat_id"
in APPPATH\Controllers\Home.php on line 24.
 1 APPPATH\Controllers\Home.php(24): CodeIgniter\Debug\Exceptions->errorHandler(2, 'Undefined array key "chat_id"', 'APPPATH\\Controllers\\Home.php', 24)
 2 SYSTEMPATH\CodeIgniter.php(898): App\Controllers\Home->index()
 3 SYSTEMPATH\CodeIgniter.php(468): CodeIgniter\CodeIgniter->runController(Object(App\Controllers\Home))
 4 SYSTEMPATH\CodeIgniter.php(351): CodeIgniter\CodeIgniter->handleRequest(null, Object(Config\Cache), false)
 5 FCPATH\index.php(55): CodeIgniter\CodeIgniter->run()
CRITICAL - 2023-12-17 21:45:14 --> Call to protected method App\Libraries\GapAPI\SetParams::set_contact() from scope App\Controllers\Home
in APPPATH\Controllers\Home.php on line 15.
 1 SYSTEMPATH\CodeIgniter.php(898): App\Controllers\Home->index()
 2 SYSTEMPATH\CodeIgniter.php(468): CodeIgniter\CodeIgniter->runController(Object(App\Controllers\Home))
 3 SYSTEMPATH\CodeIgniter.php(351): CodeIgniter\CodeIgniter->handleRequest(null, Object(Config\Cache), false)
 4 FCPATH\index.php(55): CodeIgniter\CodeIgniter->run()
CRITICAL - 2023-12-17 21:45:28 --> Call to protected method App\Libraries\GapAPI\SetParams::set_contact() from scope App\Controllers\Home
in APPPATH\Controllers\Home.php on line 15.
 1 SYSTEMPATH\CodeIgniter.php(898): App\Controllers\Home->index()
 2 SYSTEMPATH\CodeIgniter.php(468): CodeIgniter\CodeIgniter->runController(Object(App\Controllers\Home))
 3 SYSTEMPATH\CodeIgniter.php(351): CodeIgniter\CodeIgniter->handleRequest(null, Object(Config\Cache), false)
 4 FCPATH\index.php(55): CodeIgniter\CodeIgniter->run()
CRITICAL - 2023-12-17 22:15:55 --> syntax error, unexpected token "}", expecting ";"
in APPPATH\Libraries\GapAPI\Send\Action.php on line 20.
 1 SYSTEMPATH\Autoloader\Autoloader.php(261): CodeIgniter\Autoloader\Autoloader->includeFile('APPPATH\\Libraries\\GapAPI\\Send\\Action.php')
 2 SYSTEMPATH\Autoloader\Autoloader.php(239): CodeIgniter\Autoloader\Autoloader->loadInNamespace('App\\Libraries\\GapAPI\\Send\\Action')
 3 APPPATH\Libraries\GapAPI\GapAPI.php(66): CodeIgniter\Autoloader\Autoloader->loadClass('App\\Libraries\\GapAPI\\Send\\Action')
 4 APPPATH\Controllers\Home.php(18): App\Libraries\GapAPI\GapAPI->send_action()
 5 SYSTEMPATH\CodeIgniter.php(898): App\Controllers\Home->index()
 6 SYSTEMPATH\CodeIgniter.php(468): CodeIgniter\CodeIgniter->runController(Object(App\Controllers\Home))
 7 SYSTEMPATH\CodeIgniter.php(351): CodeIgniter\CodeIgniter->handleRequest(null, Object(Config\Cache), false)
 8 FCPATH\index.php(55): CodeIgniter\CodeIgniter->run()
CRITICAL - 2023-12-17 22:16:30 --> 22 : The requested URL returned error: 405
in SYSTEMPATH\HTTP\CURLRequest.php on line 655.
 1 SYSTEMPATH\HTTP\CURLRequest.php(655): CodeIgniter\HTTP\Exceptions\HTTPException::forCurlError('22', 'The requested URL returned error: 405')
 2 SYSTEMPATH\HTTP\CURLRequest.php(363): CodeIgniter\HTTP\CURLRequest->sendRequest([...])
 3 SYSTEMPATH\HTTP\CURLRequest.php(136): CodeIgniter\HTTP\CURLRequest->send('POST', 'https://api.gap.im/sendAction')
 4 APPPATH\Libraries\GapAPI\Send\BaseSend.php(148): CodeIgniter\HTTP\CURLRequest->request('POST', 'https://api.gap.im/sendAction', [...])
 5 APPPATH\Libraries\GapAPI\Send\Action.php(19): App\Libraries\GapAPI\Send\BaseSend->request()
 6 APPPATH\Libraries\GapAPI\GapAPI.php(66): App\Libraries\GapAPI\Send\Action->__construct(Object(CodeIgniter\HTTP\CURLRequest), Object(App\Libraries\GapAPI\Handlers\FormParams))
 7 APPPATH\Controllers\Home.php(18): App\Libraries\GapAPI\GapAPI->send_action()
 8 SYSTEMPATH\CodeIgniter.php(898): App\Controllers\Home->index()
 9 SYSTEMPATH\CodeIgniter.php(468): CodeIgniter\CodeIgniter->runController(Object(App\Controllers\Home))
10 SYSTEMPATH\CodeIgniter.php(351): CodeIgniter\CodeIgniter->handleRequest(null, Object(Config\Cache), false)
11 FCPATH\index.php(55): CodeIgniter\CodeIgniter->run()
CRITICAL - 2023-12-17 22:17:19 --> 22 : The requested URL returned error: 405
in SYSTEMPATH\HTTP\CURLRequest.php on line 655.
 1 SYSTEMPATH\HTTP\CURLRequest.php(655): CodeIgniter\HTTP\Exceptions\HTTPException::forCurlError('22', 'The requested URL returned error: 405')
 2 SYSTEMPATH\HTTP\CURLRequest.php(363): CodeIgniter\HTTP\CURLRequest->sendRequest([...])
 3 SYSTEMPATH\HTTP\CURLRequest.php(136): CodeIgniter\HTTP\CURLRequest->send('POST', 'https://api.gap.im/sendAction')
 4 APPPATH\Libraries\GapAPI\Send\BaseSend.php(148): CodeIgniter\HTTP\CURLRequest->request('POST', 'https://api.gap.im/sendAction', [...])
 5 APPPATH\Libraries\GapAPI\Send\Action.php(19): App\Libraries\GapAPI\Send\BaseSend->request()
 6 APPPATH\Libraries\GapAPI\GapAPI.php(66): App\Libraries\GapAPI\Send\Action->__construct(Object(CodeIgniter\HTTP\CURLRequest), Object(App\Libraries\GapAPI\Handlers\FormParams))
 7 APPPATH\Controllers\Home.php(18): App\Libraries\GapAPI\GapAPI->send_action()
 8 SYSTEMPATH\CodeIgniter.php(898): App\Controllers\Home->index()
 9 SYSTEMPATH\CodeIgniter.php(468): CodeIgniter\CodeIgniter->runController(Object(App\Controllers\Home))
10 SYSTEMPATH\CodeIgniter.php(351): CodeIgniter\CodeIgniter->handleRequest(null, Object(Config\Cache), false)
11 FCPATH\index.php(55): CodeIgniter\CodeIgniter->run()
CRITICAL - 2023-12-17 22:20:11 --> 22 : The requested URL returned error: 405
in SYSTEMPATH\HTTP\CURLRequest.php on line 655.
 1 SYSTEMPATH\HTTP\CURLRequest.php(655): CodeIgniter\HTTP\Exceptions\HTTPException::forCurlError('22', 'The requested URL returned error: 405')
 2 SYSTEMPATH\HTTP\CURLRequest.php(363): CodeIgniter\HTTP\CURLRequest->sendRequest([...])
 3 SYSTEMPATH\HTTP\CURLRequest.php(136): CodeIgniter\HTTP\CURLRequest->send('POST', 'https://api.gap.im/sendAction')
 4 APPPATH\Libraries\GapAPI\Send\BaseSend.php(148): CodeIgniter\HTTP\CURLRequest->request('POST', 'https://api.gap.im/sendAction', [...])
 5 APPPATH\Libraries\GapAPI\Send\Action.php(19): App\Libraries\GapAPI\Send\BaseSend->request()
 6 APPPATH\Libraries\GapAPI\GapAPI.php(69): App\Libraries\GapAPI\Send\Action->__construct(Object(CodeIgniter\HTTP\CURLRequest), Object(App\Libraries\GapAPI\Handlers\FormParams))
 7 APPPATH\Controllers\Home.php(18): App\Libraries\GapAPI\GapAPI->send_action()
 8 SYSTEMPATH\CodeIgniter.php(898): App\Controllers\Home->index()
 9 SYSTEMPATH\CodeIgniter.php(468): CodeIgniter\CodeIgniter->runController(Object(App\Controllers\Home))
10 SYSTEMPATH\CodeIgniter.php(351): CodeIgniter\CodeIgniter->handleRequest(null, Object(Config\Cache), false)
11 FCPATH\index.php(55): CodeIgniter\CodeIgniter->run()
CRITICAL - 2023-12-17 22:21:49 --> 22 : The requested URL returned error: 405
in SYSTEMPATH\HTTP\CURLRequest.php on line 655.
 1 SYSTEMPATH\HTTP\CURLRequest.php(655): CodeIgniter\HTTP\Exceptions\HTTPException::forCurlError('22', 'The requested URL returned error: 405')
 2 SYSTEMPATH\HTTP\CURLRequest.php(363): CodeIgniter\HTTP\CURLRequest->sendRequest([...])
 3 SYSTEMPATH\HTTP\CURLRequest.php(136): CodeIgniter\HTTP\CURLRequest->send('POST', 'https://api.gap.im/sendAction')
 4 APPPATH\Libraries\GapAPI\Send\BaseSend.php(150): CodeIgniter\HTTP\CURLRequest->request('POST', 'https://api.gap.im/sendAction', [...])
 5 APPPATH\Libraries\GapAPI\Send\Action.php(19): App\Libraries\GapAPI\Send\BaseSend->request()
 6 APPPATH\Libraries\GapAPI\GapAPI.php(66): App\Libraries\GapAPI\Send\Action->__construct(Object(CodeIgniter\HTTP\CURLRequest), Object(App\Libraries\GapAPI\Handlers\FormParams))
 7 APPPATH\Controllers\Home.php(18): App\Libraries\GapAPI\GapAPI->send_action()
 8 SYSTEMPATH\CodeIgniter.php(898): App\Controllers\Home->index()
 9 SYSTEMPATH\CodeIgniter.php(468): CodeIgniter\CodeIgniter->runController(Object(App\Controllers\Home))
10 SYSTEMPATH\CodeIgniter.php(351): CodeIgniter\CodeIgniter->handleRequest(null, Object(Config\Cache), false)
11 FCPATH\index.php(55): CodeIgniter\CodeIgniter->run()
CRITICAL - 2023-12-17 22:23:22 --> 22 : The requested URL returned error: 405
in SYSTEMPATH\HTTP\CURLRequest.php on line 655.
 1 SYSTEMPATH\HTTP\CURLRequest.php(655): CodeIgniter\HTTP\Exceptions\HTTPException::forCurlError('22', 'The requested URL returned error: 405')
 2 SYSTEMPATH\HTTP\CURLRequest.php(363): CodeIgniter\HTTP\CURLRequest->sendRequest([...])
 3 SYSTEMPATH\HTTP\CURLRequest.php(136): CodeIgniter\HTTP\CURLRequest->send('POST', 'https://api.gap.im/sendAction')
 4 APPPATH\Libraries\GapAPI\Send\BaseSend.php(151): CodeIgniter\HTTP\CURLRequest->request('POST', 'https://api.gap.im/sendAction', [...])
 5 APPPATH\Libraries\GapAPI\Send\Action.php(19): App\Libraries\GapAPI\Send\BaseSend->request()
 6 APPPATH\Libraries\GapAPI\GapAPI.php(66): App\Libraries\GapAPI\Send\Action->__construct(Object(CodeIgniter\HTTP\CURLRequest), Object(App\Libraries\GapAPI\Handlers\FormParams))
 7 APPPATH\Controllers\Home.php(18): App\Libraries\GapAPI\GapAPI->send_action()
 8 SYSTEMPATH\CodeIgniter.php(898): App\Controllers\Home->index()
 9 SYSTEMPATH\CodeIgniter.php(468): CodeIgniter\CodeIgniter->runController(Object(App\Controllers\Home))
10 SYSTEMPATH\CodeIgniter.php(351): CodeIgniter\CodeIgniter->handleRequest(null, Object(Config\Cache), false)
11 FCPATH\index.php(55): CodeIgniter\CodeIgniter->run()
CRITICAL - 2023-12-17 22:26:15 --> 22 : The requested URL returned error: 405
in SYSTEMPATH\HTTP\CURLRequest.php on line 655.
 1 SYSTEMPATH\HTTP\CURLRequest.php(655): CodeIgniter\HTTP\Exceptions\HTTPException::forCurlError('22', 'The requested URL returned error: 405')
 2 SYSTEMPATH\HTTP\CURLRequest.php(363): CodeIgniter\HTTP\CURLRequest->sendRequest([...])
 3 SYSTEMPATH\HTTP\CURLRequest.php(136): CodeIgniter\HTTP\CURLRequest->send('POST', 'https://api.gap.im/sendAction')
 4 APPPATH\Libraries\GapAPI\Send\BaseSend.php(148): CodeIgniter\HTTP\CURLRequest->request('POST', 'https://api.gap.im/sendAction', [...])
 5 APPPATH\Libraries\GapAPI\Send\Action.php(19): App\Libraries\GapAPI\Send\BaseSend->request()
 6 APPPATH\Libraries\GapAPI\GapAPI.php(66): App\Libraries\GapAPI\Send\Action->__construct(Object(CodeIgniter\HTTP\CURLRequest), Object(App\Libraries\GapAPI\Handlers\FormParams))
 7 APPPATH\Controllers\Home.php(18): App\Libraries\GapAPI\GapAPI->send_action()
 8 SYSTEMPATH\CodeIgniter.php(898): App\Controllers\Home->index()
 9 SYSTEMPATH\CodeIgniter.php(468): CodeIgniter\CodeIgniter->runController(Object(App\Controllers\Home))
10 SYSTEMPATH\CodeIgniter.php(351): CodeIgniter\CodeIgniter->handleRequest(null, Object(Config\Cache), false)
11 FCPATH\index.php(55): CodeIgniter\CodeIgniter->run()
CRITICAL - 2023-12-17 23:16:16 --> Undefined array key "chat_id"
in APPPATH\Controllers\Home.php on line 27.
 1 APPPATH\Controllers\Home.php(27): CodeIgniter\Debug\Exceptions->errorHandler(2, 'Undefined array key "chat_id"', 'APPPATH\\Controllers\\Home.php', 27)
 2 SYSTEMPATH\CodeIgniter.php(898): App\Controllers\Home->index()
 3 SYSTEMPATH\CodeIgniter.php(468): CodeIgniter\CodeIgniter->runController(Object(App\Controllers\Home))
 4 SYSTEMPATH\CodeIgniter.php(351): CodeIgniter\CodeIgniter->handleRequest(null, Object(Config\Cache), false)
 5 FCPATH\index.php(55): CodeIgniter\CodeIgniter->run()
