CRITICAL - 2023-12-31 06:08:33 --> 22 : The requested URL returned error: 405
in SYSTEMPATH\HTTP\CURLRequest.php on line 655.
 1 SYSTEMPATH\HTTP\CURLRequest.php(655): CodeIgniter\HTTP\Exceptions\HTTPException::forCurlError('22', 'The requested URL returned error: 405')
 2 SYSTEMPATH\HTTP\CURLRequest.php(363): CodeIgniter\HTTP\CURLRequest->sendRequest([...])
 3 SYSTEMPATH\HTTP\CURLRequest.php(136): CodeIgniter\HTTP\CURLRequest->send('POST', 'https://api.gap.im/sendMessage')
 4 APPPATH\Libraries\GapAPI\Send\BaseSend.php(154): CodeIgniter\HTTP\CURLRequest->request('POST', 'https://api.gap.im/sendMessage', [...])
 5 APPPATH\Libraries\GapAPI\SetParams.php(143): App\Libraries\GapAPI\Send\BaseSend->request()
 6 APPPATH\Libraries\GapAPI\GapAPI.php(172): App\Libraries\GapAPI\SetParams->request(Object(App\Libraries\GapAPI\Send\SendMessage))
 7 APPPATH\Controllers\Home.php(15): App\Libraries\GapAPI\GapAPI->send_image('FCPATH\\Images\\s.jpg', 'OK')
 8 SYSTEMPATH\CodeIgniter.php(898): App\Controllers\Home->index()
 9 SYSTEMPATH\CodeIgniter.php(468): CodeIgniter\CodeIgniter->runController(Object(App\Controllers\Home))
10 SYSTEMPATH\CodeIgniter.php(351): CodeIgniter\CodeIgniter->handleRequest(null, Object(Config\Cache), false)
11 FCPATH\index.php(55): CodeIgniter\CodeIgniter->run()
CRITICAL - 2023-12-31 06:09:56 --> 22 : The requested URL returned error: 405
in SYSTEMPATH\HTTP\CURLRequest.php on line 655.
 1 SYSTEMPATH\HTTP\CURLRequest.php(655): CodeIgniter\HTTP\Exceptions\HTTPException::forCurlError('22', 'The requested URL returned error: 405')
 2 SYSTEMPATH\HTTP\CURLRequest.php(363): CodeIgniter\HTTP\CURLRequest->sendRequest([...])
 3 SYSTEMPATH\HTTP\CURLRequest.php(136): CodeIgniter\HTTP\CURLRequest->send('POST', 'https://api.gap.im/sendMessage')
 4 APPPATH\Libraries\GapAPI\Send\BaseSend.php(154): CodeIgniter\HTTP\CURLRequest->request('POST', 'https://api.gap.im/sendMessage', [...])
 5 APPPATH\Libraries\GapAPI\SetParams.php(143): App\Libraries\GapAPI\Send\BaseSend->request()
 6 APPPATH\Libraries\GapAPI\GapAPI.php(172): App\Libraries\GapAPI\SetParams->request(Object(App\Libraries\GapAPI\Send\SendMessage))
 7 APPPATH\Controllers\Home.php(15): App\Libraries\GapAPI\GapAPI->send_image('FCPATH\\Images\\s.jpg', 'OK')
 8 SYSTEMPATH\CodeIgniter.php(898): App\Controllers\Home->index()
 9 SYSTEMPATH\CodeIgniter.php(468): CodeIgniter\CodeIgniter->runController(Object(App\Controllers\Home))
10 SYSTEMPATH\CodeIgniter.php(351): CodeIgniter\CodeIgniter->handleRequest(null, Object(Config\Cache), false)
11 FCPATH\index.php(55): CodeIgniter\CodeIgniter->run()
CRITICAL - 2023-12-31 06:11:09 --> 22 : The requested URL returned error: 405
in SYSTEMPATH\HTTP\CURLRequest.php on line 655.
 1 SYSTEMPATH\HTTP\CURLRequest.php(655): CodeIgniter\HTTP\Exceptions\HTTPException::forCurlError('22', 'The requested URL returned error: 405')
 2 SYSTEMPATH\HTTP\CURLRequest.php(363): CodeIgniter\HTTP\CURLRequest->sendRequest([...])
 3 SYSTEMPATH\HTTP\CURLRequest.php(136): CodeIgniter\HTTP\CURLRequest->send('POST', 'https://api.gap.im/sendMessage')
 4 APPPATH\Libraries\GapAPI\Send\BaseSend.php(150): CodeIgniter\HTTP\CURLRequest->request('POST', 'https://api.gap.im/sendMessage', [...])
 5 APPPATH\Libraries\GapAPI\SetParams.php(143): App\Libraries\GapAPI\Send\BaseSend->request()
 6 APPPATH\Libraries\GapAPI\GapAPI.php(172): App\Libraries\GapAPI\SetParams->request(Object(App\Libraries\GapAPI\Send\SendMessage))
 7 APPPATH\Controllers\Home.php(15): App\Libraries\GapAPI\GapAPI->send_image('FCPATH\\Images\\s.jpg', 'OK')
 8 SYSTEMPATH\CodeIgniter.php(898): App\Controllers\Home->index()
 9 SYSTEMPATH\CodeIgniter.php(468): CodeIgniter\CodeIgniter->runController(Object(App\Controllers\Home))
10 SYSTEMPATH\CodeIgniter.php(351): CodeIgniter\CodeIgniter->handleRequest(null, Object(Config\Cache), false)
11 FCPATH\index.php(55): CodeIgniter\CodeIgniter->run()
CRITICAL - 2023-12-31 06:14:01 --> 22 : The requested URL returned error: 405
in SYSTEMPATH\HTTP\CURLRequest.php on line 655.
 1 SYSTEMPATH\HTTP\CURLRequest.php(655): CodeIgniter\HTTP\Exceptions\HTTPException::forCurlError('22', 'The requested URL returned error: 405')
 2 SYSTEMPATH\HTTP\CURLRequest.php(363): CodeIgniter\HTTP\CURLRequest->sendRequest([...])
 3 SYSTEMPATH\HTTP\CURLRequest.php(136): CodeIgniter\HTTP\CURLRequest->send('POST', 'https://api.gap.im/sendMessage')
 4 APPPATH\Libraries\GapAPI\Send\BaseSend.php(150): CodeIgniter\HTTP\CURLRequest->request('POST', 'https://api.gap.im/sendMessage', [...])
 5 APPPATH\Libraries\GapAPI\SetParams.php(143): App\Libraries\GapAPI\Send\BaseSend->request()
 6 APPPATH\Libraries\GapAPI\GapAPI.php(172): App\Libraries\GapAPI\SetParams->request(Object(App\Libraries\GapAPI\Send\SendMessage))
 7 APPPATH\Controllers\Home.php(15): App\Libraries\GapAPI\GapAPI->send_image('FCPATH\\Images\\s.jpg', 'OK')
 8 SYSTEMPATH\CodeIgniter.php(898): App\Controllers\Home->index()
 9 SYSTEMPATH\CodeIgniter.php(468): CodeIgniter\CodeIgniter->runController(Object(App\Controllers\Home))
10 SYSTEMPATH\CodeIgniter.php(351): CodeIgniter\CodeIgniter->handleRequest(null, Object(Config\Cache), false)
11 FCPATH\index.php(55): CodeIgniter\CodeIgniter->run()
CRITICAL - 2023-12-31 06:14:09 --> 22 : The requested URL returned error: 405
in SYSTEMPATH\HTTP\CURLRequest.php on line 655.
 1 SYSTEMPATH\HTTP\CURLRequest.php(655): CodeIgniter\HTTP\Exceptions\HTTPException::forCurlError('22', 'The requested URL returned error: 405')
 2 SYSTEMPATH\HTTP\CURLRequest.php(363): CodeIgniter\HTTP\CURLRequest->sendRequest([...])
 3 SYSTEMPATH\HTTP\CURLRequest.php(136): CodeIgniter\HTTP\CURLRequest->send('POST', 'https://api.gap.im/sendMessage')
 4 APPPATH\Libraries\GapAPI\Send\BaseSend.php(150): CodeIgniter\HTTP\CURLRequest->request('POST', 'https://api.gap.im/sendMessage', [...])
 5 APPPATH\Libraries\GapAPI\SetParams.php(143): App\Libraries\GapAPI\Send\BaseSend->request()
 6 APPPATH\Libraries\GapAPI\GapAPI.php(172): App\Libraries\GapAPI\SetParams->request(Object(App\Libraries\GapAPI\Send\SendMessage))
 7 APPPATH\Controllers\Home.php(15): App\Libraries\GapAPI\GapAPI->send_image('FCPATH\\Images\\s.jpg', 'OK')
 8 SYSTEMPATH\CodeIgniter.php(898): App\Controllers\Home->index()
 9 SYSTEMPATH\CodeIgniter.php(468): CodeIgniter\CodeIgniter->runController(Object(App\Controllers\Home))
10 SYSTEMPATH\CodeIgniter.php(351): CodeIgniter\CodeIgniter->handleRequest(null, Object(Config\Cache), false)
11 FCPATH\index.php(55): CodeIgniter\CodeIgniter->run()
CRITICAL - 2023-12-31 06:14:25 --> Cannot assign array to property App\Libraries\GapAPI\Handlers\FormParams::$data of type string
in APPPATH\Libraries\GapAPI\GapAPI.php on line 168.
 1 APPPATH\Controllers\Home.php(15): App\Libraries\GapAPI\GapAPI->send_image('FCPATH\\Images\\s.jpg', 'OK')
 2 SYSTEMPATH\CodeIgniter.php(898): App\Controllers\Home->index()
 3 SYSTEMPATH\CodeIgniter.php(468): CodeIgniter\CodeIgniter->runController(Object(App\Controllers\Home))
 4 SYSTEMPATH\CodeIgniter.php(351): CodeIgniter\CodeIgniter->handleRequest(null, Object(Config\Cache), false)
 5 FCPATH\index.php(55): CodeIgniter\CodeIgniter->run()
CRITICAL - 2023-12-31 06:14:43 --> 22 : The requested URL returned error: 405
in SYSTEMPATH\HTTP\CURLRequest.php on line 655.
 1 SYSTEMPATH\HTTP\CURLRequest.php(655): CodeIgniter\HTTP\Exceptions\HTTPException::forCurlError('22', 'The requested URL returned error: 405')
 2 SYSTEMPATH\HTTP\CURLRequest.php(363): CodeIgniter\HTTP\CURLRequest->sendRequest([...])
 3 SYSTEMPATH\HTTP\CURLRequest.php(136): CodeIgniter\HTTP\CURLRequest->send('POST', 'https://api.gap.im/sendMessage')
 4 APPPATH\Libraries\GapAPI\Send\BaseSend.php(150): CodeIgniter\HTTP\CURLRequest->request('POST', 'https://api.gap.im/sendMessage', [...])
 5 APPPATH\Libraries\GapAPI\SetParams.php(143): App\Libraries\GapAPI\Send\BaseSend->request()
 6 APPPATH\Libraries\GapAPI\GapAPI.php(172): App\Libraries\GapAPI\SetParams->request(Object(App\Libraries\GapAPI\Send\SendMessage))
 7 APPPATH\Controllers\Home.php(15): App\Libraries\GapAPI\GapAPI->send_image('FCPATH\\Images\\s.jpg', 'OK')
 8 SYSTEMPATH\CodeIgniter.php(898): App\Controllers\Home->index()
 9 SYSTEMPATH\CodeIgniter.php(468): CodeIgniter\CodeIgniter->runController(Object(App\Controllers\Home))
10 SYSTEMPATH\CodeIgniter.php(351): CodeIgniter\CodeIgniter->handleRequest(null, Object(Config\Cache), false)
11 FCPATH\index.php(55): CodeIgniter\CodeIgniter->run()
CRITICAL - 2023-12-31 06:15:48 --> 22 : The requested URL returned error: 405
in SYSTEMPATH\HTTP\CURLRequest.php on line 655.
 1 SYSTEMPATH\HTTP\CURLRequest.php(655): CodeIgniter\HTTP\Exceptions\HTTPException::forCurlError('22', 'The requested URL returned error: 405')
 2 SYSTEMPATH\HTTP\CURLRequest.php(363): CodeIgniter\HTTP\CURLRequest->sendRequest([...])
 3 SYSTEMPATH\HTTP\CURLRequest.php(136): CodeIgniter\HTTP\CURLRequest->send('POST', 'https://api.gap.im/sendMessage')
 4 APPPATH\Libraries\GapAPI\Send\BaseSend.php(150): CodeIgniter\HTTP\CURLRequest->request('POST', 'https://api.gap.im/sendMessage', [...])
 5 APPPATH\Libraries\GapAPI\SetParams.php(143): App\Libraries\GapAPI\Send\BaseSend->request()
 6 APPPATH\Libraries\GapAPI\GapAPI.php(172): App\Libraries\GapAPI\SetParams->request(Object(App\Libraries\GapAPI\Send\SendMessage))
 7 APPPATH\Controllers\Home.php(15): App\Libraries\GapAPI\GapAPI->send_image('FCPATH\\Images\\s.jpg', 'OK')
 8 SYSTEMPATH\CodeIgniter.php(898): App\Controllers\Home->index()
 9 SYSTEMPATH\CodeIgniter.php(468): CodeIgniter\CodeIgniter->runController(Object(App\Controllers\Home))
10 SYSTEMPATH\CodeIgniter.php(351): CodeIgniter\CodeIgniter->handleRequest(null, Object(Config\Cache), false)
11 FCPATH\index.php(55): CodeIgniter\CodeIgniter->run()
CRITICAL - 2023-12-31 06:27:17 --> 22 : The requested URL returned error: 405
in SYSTEMPATH\HTTP\CURLRequest.php on line 655.
 1 SYSTEMPATH\HTTP\CURLRequest.php(655): CodeIgniter\HTTP\Exceptions\HTTPException::forCurlError('22', 'The requested URL returned error: 405')
 2 SYSTEMPATH\HTTP\CURLRequest.php(363): CodeIgniter\HTTP\CURLRequest->sendRequest([...])
 3 SYSTEMPATH\HTTP\CURLRequest.php(136): CodeIgniter\HTTP\CURLRequest->send('POST', 'https://api.gap.im/sendMessage')
 4 APPPATH\Libraries\GapAPI\Send\BaseSend.php(154): CodeIgniter\HTTP\CURLRequest->request('POST', 'https://api.gap.im/sendMessage', [...])
 5 APPPATH\Libraries\GapAPI\SetParams.php(143): App\Libraries\GapAPI\Send\BaseSend->request()
 6 APPPATH\Libraries\GapAPI\GapAPI.php(172): App\Libraries\GapAPI\SetParams->request(Object(App\Libraries\GapAPI\Send\SendMessage))
 7 APPPATH\Controllers\Home.php(15): App\Libraries\GapAPI\GapAPI->send_image('FCPATH\\Images\\s.jpg', 'OK')
 8 SYSTEMPATH\CodeIgniter.php(898): App\Controllers\Home->index()
 9 SYSTEMPATH\CodeIgniter.php(468): CodeIgniter\CodeIgniter->runController(Object(App\Controllers\Home))
10 SYSTEMPATH\CodeIgniter.php(351): CodeIgniter\CodeIgniter->handleRequest(null, Object(Config\Cache), false)
11 FCPATH\index.php(55): CodeIgniter\CodeIgniter->run()
CRITICAL - 2023-12-31 06:31:46 --> 22 : The requested URL returned error: 405
in SYSTEMPATH\HTTP\CURLRequest.php on line 655.
 1 SYSTEMPATH\HTTP\CURLRequest.php(655): CodeIgniter\HTTP\Exceptions\HTTPException::forCurlError('22', 'The requested URL returned error: 405')
 2 SYSTEMPATH\HTTP\CURLRequest.php(363): CodeIgniter\HTTP\CURLRequest->sendRequest([...])
 3 SYSTEMPATH\HTTP\CURLRequest.php(136): CodeIgniter\HTTP\CURLRequest->send('POST', 'https://api.gap.im/sendMessage')
 4 APPPATH\Libraries\GapAPI\Send\BaseSend.php(154): CodeIgniter\HTTP\CURLRequest->request('POST', 'https://api.gap.im/sendMessage', [...])
 5 APPPATH\Libraries\GapAPI\SetParams.php(143): App\Libraries\GapAPI\Send\BaseSend->request()
 6 APPPATH\Libraries\GapAPI\GapAPI.php(172): App\Libraries\GapAPI\SetParams->request(Object(App\Libraries\GapAPI\Send\SendMessage))
 7 APPPATH\Controllers\Home.php(15): App\Libraries\GapAPI\GapAPI->send_image('FCPATH\\Images\\s.jpg', 'OK')
 8 SYSTEMPATH\CodeIgniter.php(898): App\Controllers\Home->index()
 9 SYSTEMPATH\CodeIgniter.php(468): CodeIgniter\CodeIgniter->runController(Object(App\Controllers\Home))
10 SYSTEMPATH\CodeIgniter.php(351): CodeIgniter\CodeIgniter->handleRequest(null, Object(Config\Cache), false)
11 FCPATH\index.php(55): CodeIgniter\CodeIgniter->run()
CRITICAL - 2023-12-31 06:32:22 --> 22 : The requested URL returned error: 405
in SYSTEMPATH\HTTP\CURLRequest.php on line 655.
 1 SYSTEMPATH\HTTP\CURLRequest.php(655): CodeIgniter\HTTP\Exceptions\HTTPException::forCurlError('22', 'The requested URL returned error: 405')
 2 SYSTEMPATH\HTTP\CURLRequest.php(363): CodeIgniter\HTTP\CURLRequest->sendRequest([...])
 3 SYSTEMPATH\HTTP\CURLRequest.php(136): CodeIgniter\HTTP\CURLRequest->send('POST', 'https://api.gap.im/sendMessage')
 4 APPPATH\Libraries\GapAPI\Send\BaseSend.php(154): CodeIgniter\HTTP\CURLRequest->request('POST', 'https://api.gap.im/sendMessage', [...])
 5 APPPATH\Libraries\GapAPI\SetParams.php(143): App\Libraries\GapAPI\Send\BaseSend->request()
 6 APPPATH\Libraries\GapAPI\GapAPI.php(172): App\Libraries\GapAPI\SetParams->request(Object(App\Libraries\GapAPI\Send\SendMessage))
 7 APPPATH\Controllers\Home.php(15): App\Libraries\GapAPI\GapAPI->send_image('FCPATH\\Images\\s.jpg', 'OK')
 8 SYSTEMPATH\CodeIgniter.php(898): App\Controllers\Home->index()
 9 SYSTEMPATH\CodeIgniter.php(468): CodeIgniter\CodeIgniter->runController(Object(App\Controllers\Home))
10 SYSTEMPATH\CodeIgniter.php(351): CodeIgniter\CodeIgniter->handleRequest(null, Object(Config\Cache), false)
11 FCPATH\index.php(55): CodeIgniter\CodeIgniter->run()
CRITICAL - 2023-12-31 06:34:41 --> 22 : The requested URL returned error: 405
in SYSTEMPATH\HTTP\CURLRequest.php on line 655.
 1 SYSTEMPATH\HTTP\CURLRequest.php(655): CodeIgniter\HTTP\Exceptions\HTTPException::forCurlError('22', 'The requested URL returned error: 405')
 2 SYSTEMPATH\HTTP\CURLRequest.php(363): CodeIgniter\HTTP\CURLRequest->sendRequest([...])
 3 SYSTEMPATH\HTTP\CURLRequest.php(136): CodeIgniter\HTTP\CURLRequest->send('POST', 'https://api.gap.im/sendMessage')
 4 APPPATH\Libraries\GapAPI\Send\BaseSend.php(154): CodeIgniter\HTTP\CURLRequest->request('POST', 'https://api.gap.im/sendMessage', [...])
 5 APPPATH\Libraries\GapAPI\SetParams.php(143): App\Libraries\GapAPI\Send\BaseSend->request()
 6 APPPATH\Libraries\GapAPI\GapAPI.php(175): App\Libraries\GapAPI\SetParams->request(Object(App\Libraries\GapAPI\Send\SendMessage))
 7 APPPATH\Controllers\Home.php(15): App\Libraries\GapAPI\GapAPI->send_image('FCPATH\\Images\\s.jpg', 'OK')
 8 SYSTEMPATH\CodeIgniter.php(898): App\Controllers\Home->index()
 9 SYSTEMPATH\CodeIgniter.php(468): CodeIgniter\CodeIgniter->runController(Object(App\Controllers\Home))
10 SYSTEMPATH\CodeIgniter.php(351): CodeIgniter\CodeIgniter->handleRequest(null, Object(Config\Cache), false)
11 FCPATH\index.php(55): CodeIgniter\CodeIgniter->run()
CRITICAL - 2023-12-31 06:38:48 --> 22 : The requested URL returned error: 400
in SYSTEMPATH\HTTP\CURLRequest.php on line 655.
 1 SYSTEMPATH\HTTP\CURLRequest.php(655): CodeIgniter\HTTP\Exceptions\HTTPException::forCurlError('22', 'The requested URL returned error: 400')
 2 SYSTEMPATH\HTTP\CURLRequest.php(363): CodeIgniter\HTTP\CURLRequest->sendRequest([...])
 3 SYSTEMPATH\HTTP\CURLRequest.php(136): CodeIgniter\HTTP\CURLRequest->send('POST', 'https://api.gap.im/sendMessage')
 4 APPPATH\Libraries\GapAPI\Send\BaseSend.php(154): CodeIgniter\HTTP\CURLRequest->request('POST', 'https://api.gap.im/sendMessage', [...])
 5 APPPATH\Libraries\GapAPI\SetParams.php(143): App\Libraries\GapAPI\Send\BaseSend->request()
 6 APPPATH\Libraries\GapAPI\GapAPI.php(62): App\Libraries\GapAPI\SetParams->request(Object(App\Libraries\GapAPI\Send\SendMessage))
 7 APPPATH\Controllers\Home.php(13): App\Libraries\GapAPI\GapAPI->send_text('A1')
 8 SYSTEMPATH\CodeIgniter.php(898): App\Controllers\Home->index()
 9 SYSTEMPATH\CodeIgniter.php(468): CodeIgniter\CodeIgniter->runController(Object(App\Controllers\Home))
10 SYSTEMPATH\CodeIgniter.php(351): CodeIgniter\CodeIgniter->handleRequest(null, Object(Config\Cache), false)
11 FCPATH\index.php(55): CodeIgniter\CodeIgniter->run()
CRITICAL - 2023-12-31 06:39:35 --> 22 : The requested URL returned error: 400
in SYSTEMPATH\HTTP\CURLRequest.php on line 655.
 1 SYSTEMPATH\HTTP\CURLRequest.php(655): CodeIgniter\HTTP\Exceptions\HTTPException::forCurlError('22', 'The requested URL returned error: 400')
 2 SYSTEMPATH\HTTP\CURLRequest.php(363): CodeIgniter\HTTP\CURLRequest->sendRequest([...])
 3 SYSTEMPATH\HTTP\CURLRequest.php(136): CodeIgniter\HTTP\CURLRequest->send('POST', 'https://api.gap.im/sendMessage')
 4 APPPATH\Libraries\GapAPI\Send\BaseSend.php(154): CodeIgniter\HTTP\CURLRequest->request('POST', 'https://api.gap.im/sendMessage', [...])
 5 APPPATH\Libraries\GapAPI\SetParams.php(143): App\Libraries\GapAPI\Send\BaseSend->request()
 6 APPPATH\Libraries\GapAPI\GapAPI.php(62): App\Libraries\GapAPI\SetParams->request(Object(App\Libraries\GapAPI\Send\SendMessage))
 7 APPPATH\Controllers\Home.php(13): App\Libraries\GapAPI\GapAPI->send_text('A1')
 8 SYSTEMPATH\CodeIgniter.php(898): App\Controllers\Home->index()
 9 SYSTEMPATH\CodeIgniter.php(468): CodeIgniter\CodeIgniter->runController(Object(App\Controllers\Home))
10 SYSTEMPATH\CodeIgniter.php(351): CodeIgniter\CodeIgniter->handleRequest(null, Object(Config\Cache), false)
11 FCPATH\index.php(55): CodeIgniter\CodeIgniter->run()
CRITICAL - 2023-12-31 06:40:28 --> 22 : The requested URL returned error: 400
in SYSTEMPATH\HTTP\CURLRequest.php on line 655.
 1 SYSTEMPATH\HTTP\CURLRequest.php(655): CodeIgniter\HTTP\Exceptions\HTTPException::forCurlError('22', 'The requested URL returned error: 400')
 2 SYSTEMPATH\HTTP\CURLRequest.php(363): CodeIgniter\HTTP\CURLRequest->sendRequest([...])
 3 SYSTEMPATH\HTTP\CURLRequest.php(136): CodeIgniter\HTTP\CURLRequest->send('POST', 'https://api.gap.im/sendMessage')
 4 APPPATH\Libraries\GapAPI\Send\BaseSend.php(154): CodeIgniter\HTTP\CURLRequest->request('POST', 'https://api.gap.im/sendMessage', [...])
 5 APPPATH\Libraries\GapAPI\SetParams.php(143): App\Libraries\GapAPI\Send\BaseSend->request()
 6 APPPATH\Libraries\GapAPI\GapAPI.php(62): App\Libraries\GapAPI\SetParams->request(Object(App\Libraries\GapAPI\Send\SendMessage))
 7 APPPATH\Controllers\Home.php(13): App\Libraries\GapAPI\GapAPI->send_text('A1')
 8 SYSTEMPATH\CodeIgniter.php(898): App\Controllers\Home->index()
 9 SYSTEMPATH\CodeIgniter.php(468): CodeIgniter\CodeIgniter->runController(Object(App\Controllers\Home))
10 SYSTEMPATH\CodeIgniter.php(351): CodeIgniter\CodeIgniter->handleRequest(null, Object(Config\Cache), false)
11 FCPATH\index.php(55): CodeIgniter\CodeIgniter->run()
CRITICAL - 2023-12-31 06:41:04 --> 22 : The requested URL returned error: 400
in SYSTEMPATH\HTTP\CURLRequest.php on line 655.
 1 SYSTEMPATH\HTTP\CURLRequest.php(655): CodeIgniter\HTTP\Exceptions\HTTPException::forCurlError('22', 'The requested URL returned error: 400')
 2 SYSTEMPATH\HTTP\CURLRequest.php(363): CodeIgniter\HTTP\CURLRequest->sendRequest([...])
 3 SYSTEMPATH\HTTP\CURLRequest.php(136): CodeIgniter\HTTP\CURLRequest->send('POST', 'https://api.gap.im/sendMessage')
 4 APPPATH\Libraries\GapAPI\Send\BaseSend.php(154): CodeIgniter\HTTP\CURLRequest->request('POST', 'https://api.gap.im/sendMessage', [...])
 5 APPPATH\Libraries\GapAPI\SetParams.php(143): App\Libraries\GapAPI\Send\BaseSend->request()
 6 APPPATH\Libraries\GapAPI\GapAPI.php(62): App\Libraries\GapAPI\SetParams->request(Object(App\Libraries\GapAPI\Send\SendMessage))
 7 APPPATH\Controllers\Home.php(13): App\Libraries\GapAPI\GapAPI->send_text('A1')
 8 SYSTEMPATH\CodeIgniter.php(898): App\Controllers\Home->index()
 9 SYSTEMPATH\CodeIgniter.php(468): CodeIgniter\CodeIgniter->runController(Object(App\Controllers\Home))
10 SYSTEMPATH\CodeIgniter.php(351): CodeIgniter\CodeIgniter->handleRequest(null, Object(Config\Cache), false)
11 FCPATH\index.php(55): CodeIgniter\CodeIgniter->run()
CRITICAL - 2023-12-31 06:41:11 --> 22 : The requested URL returned error: 400
in SYSTEMPATH\HTTP\CURLRequest.php on line 655.
 1 SYSTEMPATH\HTTP\CURLRequest.php(655): CodeIgniter\HTTP\Exceptions\HTTPException::forCurlError('22', 'The requested URL returned error: 400')
 2 SYSTEMPATH\HTTP\CURLRequest.php(363): CodeIgniter\HTTP\CURLRequest->sendRequest([...])
 3 SYSTEMPATH\HTTP\CURLRequest.php(136): CodeIgniter\HTTP\CURLRequest->send('POST', 'https://api.gap.im/sendMessage')
 4 APPPATH\Libraries\GapAPI\Send\BaseSend.php(154): CodeIgniter\HTTP\CURLRequest->request('POST', 'https://api.gap.im/sendMessage', [...])
 5 APPPATH\Libraries\GapAPI\SetParams.php(143): App\Libraries\GapAPI\Send\BaseSend->request()
 6 APPPATH\Libraries\GapAPI\GapAPI.php(62): App\Libraries\GapAPI\SetParams->request(Object(App\Libraries\GapAPI\Send\SendMessage))
 7 APPPATH\Controllers\Home.php(13): App\Libraries\GapAPI\GapAPI->send_text('A1')
 8 SYSTEMPATH\CodeIgniter.php(898): App\Controllers\Home->index()
 9 SYSTEMPATH\CodeIgniter.php(468): CodeIgniter\CodeIgniter->runController(Object(App\Controllers\Home))
10 SYSTEMPATH\CodeIgniter.php(351): CodeIgniter\CodeIgniter->handleRequest(null, Object(Config\Cache), false)
11 FCPATH\index.php(55): CodeIgniter\CodeIgniter->run()
CRITICAL - 2023-12-31 06:42:06 --> App\Libraries\GapAPI\SetParams::set_chat_id(): Argument #1 ($chatId) cannot be passed by reference
in APPPATH\Controllers\Home.php on line 12.
 1 SYSTEMPATH\CodeIgniter.php(898): App\Controllers\Home->index()
 2 SYSTEMPATH\CodeIgniter.php(468): CodeIgniter\CodeIgniter->runController(Object(App\Controllers\Home))
 3 SYSTEMPATH\CodeIgniter.php(351): CodeIgniter\CodeIgniter->handleRequest(null, Object(Config\Cache), false)
 4 FCPATH\index.php(55): CodeIgniter\CodeIgniter->run()
CRITICAL - 2023-12-31 06:42:49 --> 22 : The requested URL returned error: 400
in SYSTEMPATH\HTTP\CURLRequest.php on line 655.
 1 SYSTEMPATH\HTTP\CURLRequest.php(655): CodeIgniter\HTTP\Exceptions\HTTPException::forCurlError('22', 'The requested URL returned error: 400')
 2 SYSTEMPATH\HTTP\CURLRequest.php(363): CodeIgniter\HTTP\CURLRequest->sendRequest([...])
 3 SYSTEMPATH\HTTP\CURLRequest.php(136): CodeIgniter\HTTP\CURLRequest->send('POST', 'https://api.gap.im/sendMessage')
 4 APPPATH\Libraries\GapAPI\Send\BaseSend.php(154): CodeIgniter\HTTP\CURLRequest->request('POST', 'https://api.gap.im/sendMessage', [...])
 5 APPPATH\Libraries\GapAPI\SetParams.php(143): App\Libraries\GapAPI\Send\BaseSend->request()
 6 APPPATH\Libraries\GapAPI\GapAPI.php(62): App\Libraries\GapAPI\SetParams->request(Object(App\Libraries\GapAPI\Send\SendMessage))
 7 APPPATH\Controllers\Home.php(13): App\Libraries\GapAPI\GapAPI->send_text('A1')
 8 SYSTEMPATH\CodeIgniter.php(898): App\Controllers\Home->index()
 9 SYSTEMPATH\CodeIgniter.php(468): CodeIgniter\CodeIgniter->runController(Object(App\Controllers\Home))
10 SYSTEMPATH\CodeIgniter.php(351): CodeIgniter\CodeIgniter->handleRequest(null, Object(Config\Cache), false)
11 FCPATH\index.php(55): CodeIgniter\CodeIgniter->run()
CRITICAL - 2023-12-31 06:43:17 --> 22 : The requested URL returned error: 400
in SYSTEMPATH\HTTP\CURLRequest.php on line 655.
 1 SYSTEMPATH\HTTP\CURLRequest.php(655): CodeIgniter\HTTP\Exceptions\HTTPException::forCurlError('22', 'The requested URL returned error: 400')
 2 SYSTEMPATH\HTTP\CURLRequest.php(363): CodeIgniter\HTTP\CURLRequest->sendRequest([...])
 3 SYSTEMPATH\HTTP\CURLRequest.php(136): CodeIgniter\HTTP\CURLRequest->send('POST', 'https://api.gap.im/sendMessage')
 4 APPPATH\Libraries\GapAPI\Send\BaseSend.php(154): CodeIgniter\HTTP\CURLRequest->request('POST', 'https://api.gap.im/sendMessage', [...])
 5 APPPATH\Libraries\GapAPI\SetParams.php(144): App\Libraries\GapAPI\Send\BaseSend->request()
 6 APPPATH\Libraries\GapAPI\GapAPI.php(62): App\Libraries\GapAPI\SetParams->request(Object(App\Libraries\GapAPI\Send\SendMessage))
 7 APPPATH\Controllers\Home.php(13): App\Libraries\GapAPI\GapAPI->send_text('A1')
 8 SYSTEMPATH\CodeIgniter.php(898): App\Controllers\Home->index()
 9 SYSTEMPATH\CodeIgniter.php(468): CodeIgniter\CodeIgniter->runController(Object(App\Controllers\Home))
10 SYSTEMPATH\CodeIgniter.php(351): CodeIgniter\CodeIgniter->handleRequest(null, Object(Config\Cache), false)
11 FCPATH\index.php(55): CodeIgniter\CodeIgniter->run()
CRITICAL - 2023-12-31 06:44:17 --> 22 : The requested URL returned error: 400
in SYSTEMPATH\HTTP\CURLRequest.php on line 655.
 1 SYSTEMPATH\HTTP\CURLRequest.php(655): CodeIgniter\HTTP\Exceptions\HTTPException::forCurlError('22', 'The requested URL returned error: 400')
 2 SYSTEMPATH\HTTP\CURLRequest.php(363): CodeIgniter\HTTP\CURLRequest->sendRequest([...])
 3 SYSTEMPATH\HTTP\CURLRequest.php(136): CodeIgniter\HTTP\CURLRequest->send('POST', 'https://api.gap.im/sendMessage')
 4 APPPATH\Libraries\GapAPI\Send\BaseSend.php(154): CodeIgniter\HTTP\CURLRequest->request('POST', 'https://api.gap.im/sendMessage', [...])
 5 APPPATH\Libraries\GapAPI\SetParams.php(143): App\Libraries\GapAPI\Send\BaseSend->request()
 6 APPPATH\Libraries\GapAPI\GapAPI.php(62): App\Libraries\GapAPI\SetParams->request(Object(App\Libraries\GapAPI\Send\SendMessage))
 7 APPPATH\Controllers\Home.php(15): App\Libraries\GapAPI\GapAPI->send_text('A2')
 8 SYSTEMPATH\CodeIgniter.php(898): App\Controllers\Home->index()
 9 SYSTEMPATH\CodeIgniter.php(468): CodeIgniter\CodeIgniter->runController(Object(App\Controllers\Home))
10 SYSTEMPATH\CodeIgniter.php(351): CodeIgniter\CodeIgniter->handleRequest(null, Object(Config\Cache), false)
11 FCPATH\index.php(55): CodeIgniter\CodeIgniter->run()
CRITICAL - 2023-12-31 06:49:53 --> Typed property App\Libraries\GapAPI\Handlers\Multipart::$chat_id must not be accessed before initialization
in APPPATH\Libraries\GapAPI\GapAPI.php on line 159.
 1 APPPATH\Controllers\Home.php(15): App\Libraries\GapAPI\GapAPI->send_image('FCPATH\\Images\\s.jpg', 'OK')
 2 SYSTEMPATH\CodeIgniter.php(898): App\Controllers\Home->index()
 3 SYSTEMPATH\CodeIgniter.php(468): CodeIgniter\CodeIgniter->runController(Object(App\Controllers\Home))
 4 SYSTEMPATH\CodeIgniter.php(351): CodeIgniter\CodeIgniter->handleRequest(null, Object(Config\Cache), false)
 5 FCPATH\index.php(55): CodeIgniter\CodeIgniter->run()
CRITICAL - 2023-12-31 06:51:14 --> 22 : The requested URL returned error: 405
in SYSTEMPATH\HTTP\CURLRequest.php on line 655.
 1 SYSTEMPATH\HTTP\CURLRequest.php(655): CodeIgniter\HTTP\Exceptions\HTTPException::forCurlError('22', 'The requested URL returned error: 405')
 2 SYSTEMPATH\HTTP\CURLRequest.php(363): CodeIgniter\HTTP\CURLRequest->sendRequest([...])
 3 SYSTEMPATH\HTTP\CURLRequest.php(136): CodeIgniter\HTTP\CURLRequest->send('POST', 'https://api.gap.im/sendMessage')
 4 APPPATH\Libraries\GapAPI\Send\BaseSend.php(154): CodeIgniter\HTTP\CURLRequest->request('POST', 'https://api.gap.im/sendMessage', [...])
 5 APPPATH\Libraries\GapAPI\SetParams.php(143): App\Libraries\GapAPI\Send\BaseSend->request()
 6 APPPATH\Libraries\GapAPI\GapAPI.php(172): App\Libraries\GapAPI\SetParams->request(Object(App\Libraries\GapAPI\Send\SendMessage))
 7 APPPATH\Controllers\Home.php(15): App\Libraries\GapAPI\GapAPI->send_image('FCPATH\\Images\\s.jpg', 'OK')
 8 SYSTEMPATH\CodeIgniter.php(898): App\Controllers\Home->index()
 9 SYSTEMPATH\CodeIgniter.php(468): CodeIgniter\CodeIgniter->runController(Object(App\Controllers\Home))
10 SYSTEMPATH\CodeIgniter.php(351): CodeIgniter\CodeIgniter->handleRequest(null, Object(Config\Cache), false)
11 FCPATH\index.php(55): CodeIgniter\CodeIgniter->run()
CRITICAL - 2023-12-31 07:10:48 --> 22 : The requested URL returned error: 405
in SYSTEMPATH\HTTP\CURLRequest.php on line 655.
 1 SYSTEMPATH\HTTP\CURLRequest.php(655): CodeIgniter\HTTP\Exceptions\HTTPException::forCurlError('22', 'The requested URL returned error: 405')
 2 SYSTEMPATH\HTTP\CURLRequest.php(363): CodeIgniter\HTTP\CURLRequest->sendRequest([...])
 3 SYSTEMPATH\HTTP\CURLRequest.php(136): CodeIgniter\HTTP\CURLRequest->send('POST', 'https://api.gap.im/sendMessage')
 4 APPPATH\Libraries\GapAPI\Send\BaseSend.php(154): CodeIgniter\HTTP\CURLRequest->request('POST', 'https://api.gap.im/sendMessage', [...])
 5 APPPATH\Libraries\GapAPI\SetParams.php(143): App\Libraries\GapAPI\Send\BaseSend->request()
 6 APPPATH\Libraries\GapAPI\GapAPI.php(172): App\Libraries\GapAPI\SetParams->request(Object(App\Libraries\GapAPI\Send\SendMessage))
 7 APPPATH\Controllers\Home.php(15): App\Libraries\GapAPI\GapAPI->send_image('FCPATH\\Images\\s.jpg', 'OK')
 8 SYSTEMPATH\CodeIgniter.php(898): App\Controllers\Home->index()
 9 SYSTEMPATH\CodeIgniter.php(468): CodeIgniter\CodeIgniter->runController(Object(App\Controllers\Home))
10 SYSTEMPATH\CodeIgniter.php(351): CodeIgniter\CodeIgniter->handleRequest(null, Object(Config\Cache), false)
11 FCPATH\index.php(55): CodeIgniter\CodeIgniter->run()
CRITICAL - 2023-12-31 07:12:10 --> 22 : The requested URL returned error: 405
in SYSTEMPATH\HTTP\CURLRequest.php on line 655.
 1 SYSTEMPATH\HTTP\CURLRequest.php(655): CodeIgniter\HTTP\Exceptions\HTTPException::forCurlError('22', 'The requested URL returned error: 405')
 2 SYSTEMPATH\HTTP\CURLRequest.php(363): CodeIgniter\HTTP\CURLRequest->sendRequest([...])
 3 SYSTEMPATH\HTTP\CURLRequest.php(136): CodeIgniter\HTTP\CURLRequest->send('POST', 'https://api.gap.im/sendMessage')
 4 APPPATH\Libraries\GapAPI\Send\BaseSend.php(154): CodeIgniter\HTTP\CURLRequest->request('POST', 'https://api.gap.im/sendMessage', [...])
 5 APPPATH\Libraries\GapAPI\SetParams.php(143): App\Libraries\GapAPI\Send\BaseSend->request()
 6 APPPATH\Libraries\GapAPI\GapAPI.php(172): App\Libraries\GapAPI\SetParams->request(Object(App\Libraries\GapAPI\Send\SendMessage))
 7 APPPATH\Controllers\Home.php(15): App\Libraries\GapAPI\GapAPI->send_image('FCPATH\\Images\\s.jpg', 'OK')
 8 SYSTEMPATH\CodeIgniter.php(898): App\Controllers\Home->index()
 9 SYSTEMPATH\CodeIgniter.php(468): CodeIgniter\CodeIgniter->runController(Object(App\Controllers\Home))
10 SYSTEMPATH\CodeIgniter.php(351): CodeIgniter\CodeIgniter->handleRequest(null, Object(Config\Cache), false)
11 FCPATH\index.php(55): CodeIgniter\CodeIgniter->run()
CRITICAL - 2023-12-31 09:08:35 --> 22 : The requested URL returned error: 400
in SYSTEMPATH\HTTP\CURLRequest.php on line 655.
 1 SYSTEMPATH\HTTP\CURLRequest.php(655): CodeIgniter\HTTP\Exceptions\HTTPException::forCurlError('22', 'The requested URL returned error: 400')
 2 SYSTEMPATH\HTTP\CURLRequest.php(363): CodeIgniter\HTTP\CURLRequest->sendRequest([...])
 3 SYSTEMPATH\HTTP\CURLRequest.php(136): CodeIgniter\HTTP\CURLRequest->send('POST', 'https://api.gap.im/sendMessage')
 4 APPPATH\Libraries\GapAPI\Send\BaseSend.php(150): CodeIgniter\HTTP\CURLRequest->request('POST', 'https://api.gap.im/sendMessage', [...])
 5 APPPATH\Libraries\GapAPI\SetParams.php(143): App\Libraries\GapAPI\Send\BaseSend->request()
 6 APPPATH\Libraries\GapAPI\GapAPI.php(62): App\Libraries\GapAPI\SetParams->request(Object(App\Libraries\GapAPI\Send\SendMessage))
 7 APPPATH\Controllers\Home.php(15): App\Libraries\GapAPI\GapAPI->send_text('AAAAAA')
 8 SYSTEMPATH\CodeIgniter.php(898): App\Controllers\Home->index()
 9 SYSTEMPATH\CodeIgniter.php(468): CodeIgniter\CodeIgniter->runController(Object(App\Controllers\Home))
10 SYSTEMPATH\CodeIgniter.php(351): CodeIgniter\CodeIgniter->handleRequest(null, Object(Config\Cache), false)
11 FCPATH\index.php(55): CodeIgniter\CodeIgniter->run()
CRITICAL - 2023-12-31 10:53:28 --> Undefined property: CodeIgniter\HTTP\IncomingRequest::$chat_id
in APPPATH\Libraries\GapAPI\Receive\Receive.php on line 14.
 1 APPPATH\Libraries\GapAPI\Receive\Receive.php(14): CodeIgniter\Debug\Exceptions->errorHandler(2, 'Undefined property: CodeIgniter\\HTTP\\IncomingRequest::$chat_id', 'APPPATH\\Libraries\\GapAPI\\Receive\\Receive.php', 14)
 2 APPPATH\Libraries\GapAPI\GapAPI.php(41): App\Libraries\GapAPI\Receive\Receive->get_chat_id()
 3 APPPATH\Controllers\Home.php(10): App\Libraries\GapAPI\GapAPI->__construct('18b34dbfab054137d021173fbcc12fc0ee01bca35c8a2d52b566585b1ff71496', Object(CodeIgniter\HTTP\IncomingRequest))
 4 SYSTEMPATH\CodeIgniter.php(898): App\Controllers\Home->index()
 5 SYSTEMPATH\CodeIgniter.php(468): CodeIgniter\CodeIgniter->runController(Object(App\Controllers\Home))
 6 SYSTEMPATH\CodeIgniter.php(351): CodeIgniter\CodeIgniter->handleRequest(null, Object(Config\Cache), false)
 7 FCPATH\index.php(55): CodeIgniter\CodeIgniter->run()
CRITICAL - 2023-12-31 10:54:26 --> Undefined property: CodeIgniter\HTTP\IncomingRequest::$chat_id
in APPPATH\Libraries\GapAPI\Receive\Receive.php on line 14.
 1 APPPATH\Libraries\GapAPI\Receive\Receive.php(14): CodeIgniter\Debug\Exceptions->errorHandler(2, 'Undefined property: CodeIgniter\\HTTP\\IncomingRequest::$chat_id', 'APPPATH\\Libraries\\GapAPI\\Receive\\Receive.php', 14)
 2 APPPATH\Libraries\GapAPI\GapAPI.php(41): App\Libraries\GapAPI\Receive\Receive->get_chat_id()
 3 APPPATH\Controllers\Home.php(10): App\Libraries\GapAPI\GapAPI->__construct('18b34dbfab054137d021173fbcc12fc0ee01bca35c8a2d52b566585b1ff71496', Object(CodeIgniter\HTTP\IncomingRequest))
 4 SYSTEMPATH\CodeIgniter.php(898): App\Controllers\Home->index()
 5 SYSTEMPATH\CodeIgniter.php(468): CodeIgniter\CodeIgniter->runController(Object(App\Controllers\Home))
 6 SYSTEMPATH\CodeIgniter.php(351): CodeIgniter\CodeIgniter->handleRequest(null, Object(Config\Cache), false)
 7 FCPATH\index.php(55): CodeIgniter\CodeIgniter->run()
CRITICAL - 2023-12-31 10:54:39 --> Undefined property: CodeIgniter\HTTP\IncomingRequest::$chat_id
in APPPATH\Libraries\GapAPI\Receive\Receive.php on line 14.
 1 APPPATH\Libraries\GapAPI\Receive\Receive.php(14): CodeIgniter\Debug\Exceptions->errorHandler(2, 'Undefined property: CodeIgniter\\HTTP\\IncomingRequest::$chat_id', 'APPPATH\\Libraries\\GapAPI\\Receive\\Receive.php', 14)
 2 APPPATH\Libraries\GapAPI\GapAPI.php(41): App\Libraries\GapAPI\Receive\Receive->get_chat_id()
 3 APPPATH\Controllers\Home.php(10): App\Libraries\GapAPI\GapAPI->__construct('18b34dbfab054137d021173fbcc12fc0ee01bca35c8a2d52b566585b1ff71496', Object(CodeIgniter\HTTP\IncomingRequest))
 4 SYSTEMPATH\CodeIgniter.php(898): App\Controllers\Home->index()
 5 SYSTEMPATH\CodeIgniter.php(468): CodeIgniter\CodeIgniter->runController(Object(App\Controllers\Home))
 6 SYSTEMPATH\CodeIgniter.php(351): CodeIgniter\CodeIgniter->handleRequest(null, Object(Config\Cache), false)
 7 FCPATH\index.php(55): CodeIgniter\CodeIgniter->run()
CRITICAL - 2023-12-31 10:55:37 --> Undefined property: CodeIgniter\HTTP\IncomingRequest::$chat_id
in APPPATH\Libraries\GapAPI\Receive\Receive.php on line 17.
 1 APPPATH\Libraries\GapAPI\Receive\Receive.php(17): CodeIgniter\Debug\Exceptions->errorHandler(2, 'Undefined property: CodeIgniter\\HTTP\\IncomingRequest::$chat_id', 'APPPATH\\Libraries\\GapAPI\\Receive\\Receive.php', 17)
 2 APPPATH\Libraries\GapAPI\GapAPI.php(41): App\Libraries\GapAPI\Receive\Receive->get_chat_id()
 3 APPPATH\Controllers\Home.php(10): App\Libraries\GapAPI\GapAPI->__construct('18b34dbfab054137d021173fbcc12fc0ee01bca35c8a2d52b566585b1ff71496', Object(CodeIgniter\HTTP\IncomingRequest))
 4 SYSTEMPATH\CodeIgniter.php(898): App\Controllers\Home->index()
 5 SYSTEMPATH\CodeIgniter.php(468): CodeIgniter\CodeIgniter->runController(Object(App\Controllers\Home))
 6 SYSTEMPATH\CodeIgniter.php(351): CodeIgniter\CodeIgniter->handleRequest(null, Object(Config\Cache), false)
 7 FCPATH\index.php(55): CodeIgniter\CodeIgniter->run()
CRITICAL - 2023-12-31 10:56:30 --> Undefined property: stdClass::$chat_id
in APPPATH\Libraries\GapAPI\Receive\Receive.php on line 17.
 1 APPPATH\Libraries\GapAPI\Receive\Receive.php(17): CodeIgniter\Debug\Exceptions->errorHandler(2, 'Undefined property: stdClass::$chat_id', 'APPPATH\\Libraries\\GapAPI\\Receive\\Receive.php', 17)
 2 APPPATH\Libraries\GapAPI\GapAPI.php(41): App\Libraries\GapAPI\Receive\Receive->get_chat_id()
 3 APPPATH\Controllers\Home.php(10): App\Libraries\GapAPI\GapAPI->__construct('18b34dbfab054137d021173fbcc12fc0ee01bca35c8a2d52b566585b1ff71496', Object(CodeIgniter\HTTP\IncomingRequest))
 4 SYSTEMPATH\CodeIgniter.php(898): App\Controllers\Home->index()
 5 SYSTEMPATH\CodeIgniter.php(468): CodeIgniter\CodeIgniter->runController(Object(App\Controllers\Home))
 6 SYSTEMPATH\CodeIgniter.php(351): CodeIgniter\CodeIgniter->handleRequest(null, Object(Config\Cache), false)
 7 FCPATH\index.php(55): CodeIgniter\CodeIgniter->run()
CRITICAL - 2023-12-31 10:58:03 --> 22 : The requested URL returned error: 403
in SYSTEMPATH\HTTP\CURLRequest.php on line 655.
 1 SYSTEMPATH\HTTP\CURLRequest.php(655): CodeIgniter\HTTP\Exceptions\HTTPException::forCurlError('22', 'The requested URL returned error: 403')
 2 SYSTEMPATH\HTTP\CURLRequest.php(363): CodeIgniter\HTTP\CURLRequest->sendRequest([...])
 3 SYSTEMPATH\HTTP\CURLRequest.php(136): CodeIgniter\HTTP\CURLRequest->send('POST', 'https://api.gap.im/sendMessage')
 4 APPPATH\Libraries\GapAPI\Send\BaseSend.php(150): CodeIgniter\HTTP\CURLRequest->request('POST', 'https://api.gap.im/sendMessage', [...])
 5 APPPATH\Libraries\GapAPI\SetParams.php(143): App\Libraries\GapAPI\Send\BaseSend->request()
 6 APPPATH\Libraries\GapAPI\GapAPI.php(69): App\Libraries\GapAPI\SetParams->request(Object(App\Libraries\GapAPI\Send\SendMessage))
 7 APPPATH\Controllers\Home.php(15): App\Libraries\GapAPI\GapAPI->send_text('AAAAAA')
 8 SYSTEMPATH\CodeIgniter.php(898): App\Controllers\Home->index()
 9 SYSTEMPATH\CodeIgniter.php(468): CodeIgniter\CodeIgniter->runController(Object(App\Controllers\Home))
10 SYSTEMPATH\CodeIgniter.php(351): CodeIgniter\CodeIgniter->handleRequest(null, Object(Config\Cache), false)
11 FCPATH\index.php(55): CodeIgniter\CodeIgniter->run()
CRITICAL - 2023-12-31 10:58:09 --> 22 : The requested URL returned error: 403
in SYSTEMPATH\HTTP\CURLRequest.php on line 655.
 1 SYSTEMPATH\HTTP\CURLRequest.php(655): CodeIgniter\HTTP\Exceptions\HTTPException::forCurlError('22', 'The requested URL returned error: 403')
 2 SYSTEMPATH\HTTP\CURLRequest.php(363): CodeIgniter\HTTP\CURLRequest->sendRequest([...])
 3 SYSTEMPATH\HTTP\CURLRequest.php(136): CodeIgniter\HTTP\CURLRequest->send('POST', 'https://api.gap.im/sendMessage')
 4 APPPATH\Libraries\GapAPI\Send\BaseSend.php(150): CodeIgniter\HTTP\CURLRequest->request('POST', 'https://api.gap.im/sendMessage', [...])
 5 APPPATH\Libraries\GapAPI\SetParams.php(143): App\Libraries\GapAPI\Send\BaseSend->request()
 6 APPPATH\Libraries\GapAPI\GapAPI.php(69): App\Libraries\GapAPI\SetParams->request(Object(App\Libraries\GapAPI\Send\SendMessage))
 7 APPPATH\Controllers\Home.php(15): App\Libraries\GapAPI\GapAPI->send_text('AAAAAA')
 8 SYSTEMPATH\CodeIgniter.php(898): App\Controllers\Home->index()
 9 SYSTEMPATH\CodeIgniter.php(468): CodeIgniter\CodeIgniter->runController(Object(App\Controllers\Home))
10 SYSTEMPATH\CodeIgniter.php(351): CodeIgniter\CodeIgniter->handleRequest(null, Object(Config\Cache), false)
11 FCPATH\index.php(55): CodeIgniter\CodeIgniter->run()
CRITICAL - 2023-12-31 11:05:05 --> Cannot access private property App\Libraries\GapAPI\GapAPI::$receive
in APPPATH\Libraries\GapAPI\SetParams.php on line 25.
 1 APPPATH\Libraries\GapAPI\GapAPI.php(41): App\Libraries\GapAPI\SetParams->set_chat_id()
 2 APPPATH\Controllers\Home.php(10): App\Libraries\GapAPI\GapAPI->__construct('18b34dbfab054137d021173fbcc12fc0ee01bca35c8a2d52b566585b1ff71496', Object(CodeIgniter\HTTP\IncomingRequest))
 3 SYSTEMPATH\CodeIgniter.php(898): App\Controllers\Home->index()
 4 SYSTEMPATH\CodeIgniter.php(468): CodeIgniter\CodeIgniter->runController(Object(App\Controllers\Home))
 5 SYSTEMPATH\CodeIgniter.php(351): CodeIgniter\CodeIgniter->handleRequest(null, Object(Config\Cache), false)
 6 FCPATH\index.php(55): CodeIgniter\CodeIgniter->run()
CRITICAL - 2023-12-31 11:05:19 --> Cannot access private property App\Libraries\GapAPI\GapAPI::$receive
in APPPATH\Libraries\GapAPI\SetParams.php on line 25.
 1 APPPATH\Libraries\GapAPI\GapAPI.php(41): App\Libraries\GapAPI\SetParams->set_chat_id()
 2 APPPATH\Controllers\Home.php(10): App\Libraries\GapAPI\GapAPI->__construct('18b34dbfab054137d021173fbcc12fc0ee01bca35c8a2d52b566585b1ff71496', Object(CodeIgniter\HTTP\IncomingRequest))
 3 SYSTEMPATH\CodeIgniter.php(898): App\Controllers\Home->index()
 4 SYSTEMPATH\CodeIgniter.php(468): CodeIgniter\CodeIgniter->runController(Object(App\Controllers\Home))
 5 SYSTEMPATH\CodeIgniter.php(351): CodeIgniter\CodeIgniter->handleRequest(null, Object(Config\Cache), false)
 6 FCPATH\index.php(55): CodeIgniter\CodeIgniter->run()
CRITICAL - 2023-12-31 11:06:01 --> Cannot access private property App\Libraries\GapAPI\GapAPI::$receive
in APPPATH\Libraries\GapAPI\SetParams.php on line 25.
 1 APPPATH\Libraries\GapAPI\GapAPI.php(41): App\Libraries\GapAPI\SetParams->set_chat_id()
 2 APPPATH\Controllers\Home.php(10): App\Libraries\GapAPI\GapAPI->__construct('18b34dbfab054137d021173fbcc12fc0ee01bca35c8a2d52b566585b1ff71496', Object(CodeIgniter\HTTP\IncomingRequest))
 3 SYSTEMPATH\CodeIgniter.php(898): App\Controllers\Home->index()
 4 SYSTEMPATH\CodeIgniter.php(468): CodeIgniter\CodeIgniter->runController(Object(App\Controllers\Home))
 5 SYSTEMPATH\CodeIgniter.php(351): CodeIgniter\CodeIgniter->handleRequest(null, Object(Config\Cache), false)
 6 FCPATH\index.php(55): CodeIgniter\CodeIgniter->run()
CRITICAL - 2023-12-31 11:06:49 --> Cannot access private property App\Libraries\GapAPI\GapAPI::$receive
in APPPATH\Libraries\GapAPI\SetParams.php on line 25.
 1 APPPATH\Libraries\GapAPI\GapAPI.php(41): App\Libraries\GapAPI\SetParams->set_chat_id()
 2 APPPATH\Controllers\Home.php(10): App\Libraries\GapAPI\GapAPI->__construct('18b34dbfab054137d021173fbcc12fc0ee01bca35c8a2d52b566585b1ff71496', Object(CodeIgniter\HTTP\IncomingRequest))
 3 SYSTEMPATH\CodeIgniter.php(898): App\Controllers\Home->index()
 4 SYSTEMPATH\CodeIgniter.php(468): CodeIgniter\CodeIgniter->runController(Object(App\Controllers\Home))
 5 SYSTEMPATH\CodeIgniter.php(351): CodeIgniter\CodeIgniter->handleRequest(null, Object(Config\Cache), false)
 6 FCPATH\index.php(55): CodeIgniter\CodeIgniter->run()
CRITICAL - 2023-12-31 11:07:37 --> Cannot access private property App\Libraries\GapAPI\GapAPI::$receive
in APPPATH\Libraries\GapAPI\SetParams.php on line 25.
 1 APPPATH\Libraries\GapAPI\GapAPI.php(41): App\Libraries\GapAPI\SetParams->set_chat_id()
 2 APPPATH\Controllers\Home.php(10): App\Libraries\GapAPI\GapAPI->__construct('18b34dbfab054137d021173fbcc12fc0ee01bca35c8a2d52b566585b1ff71496', Object(CodeIgniter\HTTP\IncomingRequest))
 3 SYSTEMPATH\CodeIgniter.php(898): App\Controllers\Home->index()
 4 SYSTEMPATH\CodeIgniter.php(468): CodeIgniter\CodeIgniter->runController(Object(App\Controllers\Home))
 5 SYSTEMPATH\CodeIgniter.php(351): CodeIgniter\CodeIgniter->handleRequest(null, Object(Config\Cache), false)
 6 FCPATH\index.php(55): CodeIgniter\CodeIgniter->run()
CRITICAL - 2023-12-31 11:08:28 --> Undefined property: stdClass::$chat_id
in APPPATH\Libraries\GapAPI\Receive\Receive.php on line 14.
 1 APPPATH\Libraries\GapAPI\Receive\Receive.php(14): CodeIgniter\Debug\Exceptions->errorHandler(2, 'Undefined property: stdClass::$chat_id', 'APPPATH\\Libraries\\GapAPI\\Receive\\Receive.php', 14)
 2 APPPATH\Libraries\GapAPI\SetParams.php(25): App\Libraries\GapAPI\Receive\Receive->get_chat_id()
 3 APPPATH\Libraries\GapAPI\GapAPI.php(41): App\Libraries\GapAPI\SetParams->set_chat_id()
 4 APPPATH\Controllers\Home.php(10): App\Libraries\GapAPI\GapAPI->__construct('18b34dbfab054137d021173fbcc12fc0ee01bca35c8a2d52b566585b1ff71496', Object(CodeIgniter\HTTP\IncomingRequest))
 5 SYSTEMPATH\CodeIgniter.php(898): App\Controllers\Home->index()
 6 SYSTEMPATH\CodeIgniter.php(468): CodeIgniter\CodeIgniter->runController(Object(App\Controllers\Home))
 7 SYSTEMPATH\CodeIgniter.php(351): CodeIgniter\CodeIgniter->handleRequest(null, Object(Config\Cache), false)
 8 FCPATH\index.php(55): CodeIgniter\CodeIgniter->run()
CRITICAL - 2023-12-31 11:09:01 --> Undefined property: stdClass::$chat_id
in APPPATH\Libraries\GapAPI\Receive\Receive.php on line 14.
 1 APPPATH\Libraries\GapAPI\Receive\Receive.php(14): CodeIgniter\Debug\Exceptions->errorHandler(2, 'Undefined property: stdClass::$chat_id', 'APPPATH\\Libraries\\GapAPI\\Receive\\Receive.php', 14)
 2 APPPATH\Libraries\GapAPI\SetParams.php(25): App\Libraries\GapAPI\Receive\Receive->get_chat_id()
 3 APPPATH\Libraries\GapAPI\GapAPI.php(41): App\Libraries\GapAPI\SetParams->set_chat_id()
 4 APPPATH\Controllers\Home.php(10): App\Libraries\GapAPI\GapAPI->__construct('18b34dbfab054137d021173fbcc12fc0ee01bca35c8a2d52b566585b1ff71496', Object(CodeIgniter\HTTP\IncomingRequest))
 5 SYSTEMPATH\CodeIgniter.php(898): App\Controllers\Home->index()
 6 SYSTEMPATH\CodeIgniter.php(468): CodeIgniter\CodeIgniter->runController(Object(App\Controllers\Home))
 7 SYSTEMPATH\CodeIgniter.php(351): CodeIgniter\CodeIgniter->handleRequest(null, Object(Config\Cache), false)
 8 FCPATH\index.php(55): CodeIgniter\CodeIgniter->run()
