CRITICAL - 2023-12-28 08:09:03 --> Undefined array key "info_keyboard"
in APPPATH\Libraries\GapAPI\Send\Handlers\PrepareParams.php on line 67.
 1 APPPATH\Libraries\GapAPI\Send\Handlers\PrepareParams.php(67): CodeIgniter\Debug\Exceptions->errorHandler(2, 'Undefined array key "info_keyboard"', 'APPPATH\\Libraries\\GapAPI\\Send\\Handlers\\PrepareParams.php', 67)
 2 APPPATH\Libraries\GapAPI\Send\Handlers\PrepareParams.php(51): App\Libraries\GapAPI\Send\Handlers\PrepareParams->encode_reply_keyboard([...])
 3 APPPATH\Libraries\GapAPI\Send\Handlers\PrepareParams.php(21): App\Libraries\GapAPI\Send\Handlers\PrepareParams->json_encode([...])
 4 APPPATH\Libraries\GapAPI\Send\BaseSend.php(93): App\Libraries\GapAPI\Send\Handlers\PrepareParams->run(Object(App\Libraries\GapAPI\Handlers\FormParams))
 5 APPPATH\Libraries\GapAPI\Send\BaseSend.php(56): App\Libraries\GapAPI\Send\BaseSend->prepare_params(Object(App\Libraries\GapAPI\Handlers\FormParams), null)
 6 APPPATH\Libraries\GapAPI\Send\SendMessage.php(14): App\Libraries\GapAPI\Send\BaseSend->__construct(Object(CodeIgniter\HTTP\CURLRequest), Object(App\Libraries\GapAPI\Handlers\FormParams), null)
 7 APPPATH\Libraries\GapAPI\GapAPI.php(57): App\Libraries\GapAPI\Send\SendMessage->__construct(Object(CodeIgniter\HTTP\CURLRequest), Object(App\Libraries\GapAPI\Handlers\FormParams))
 8 APPPATH\Controllers\Home.php(16): App\Libraries\GapAPI\GapAPI->send_text('Hello GAP')
 9 SYSTEMPATH\CodeIgniter.php(898): App\Controllers\Home->index()
10 SYSTEMPATH\CodeIgniter.php(468): CodeIgniter\CodeIgniter->runController(Object(App\Controllers\Home))
11 SYSTEMPATH\CodeIgniter.php(351): CodeIgniter\CodeIgniter->handleRequest(null, Object(Config\Cache), false)
12 FCPATH\index.php(55): CodeIgniter\CodeIgniter->run()
CRITICAL - 2023-12-28 08:09:26 --> Undefined array key "info_keyboard"
in APPPATH\Libraries\GapAPI\Send\Handlers\PrepareParams.php on line 67.
 1 APPPATH\Libraries\GapAPI\Send\Handlers\PrepareParams.php(67): CodeIgniter\Debug\Exceptions->errorHandler(2, 'Undefined array key "info_keyboard"', 'APPPATH\\Libraries\\GapAPI\\Send\\Handlers\\PrepareParams.php', 67)
 2 APPPATH\Libraries\GapAPI\Send\Handlers\PrepareParams.php(51): App\Libraries\GapAPI\Send\Handlers\PrepareParams->encode_reply_keyboard([...])
 3 APPPATH\Libraries\GapAPI\Send\Handlers\PrepareParams.php(21): App\Libraries\GapAPI\Send\Handlers\PrepareParams->json_encode([...])
 4 APPPATH\Libraries\GapAPI\Send\BaseSend.php(93): App\Libraries\GapAPI\Send\Handlers\PrepareParams->run(Object(App\Libraries\GapAPI\Handlers\FormParams))
 5 APPPATH\Libraries\GapAPI\Send\BaseSend.php(56): App\Libraries\GapAPI\Send\BaseSend->prepare_params(Object(App\Libraries\GapAPI\Handlers\FormParams), null)
 6 APPPATH\Libraries\GapAPI\Send\SendMessage.php(14): App\Libraries\GapAPI\Send\BaseSend->__construct(Object(CodeIgniter\HTTP\CURLRequest), Object(App\Libraries\GapAPI\Handlers\FormParams), null)
 7 APPPATH\Libraries\GapAPI\GapAPI.php(57): App\Libraries\GapAPI\Send\SendMessage->__construct(Object(CodeIgniter\HTTP\CURLRequest), Object(App\Libraries\GapAPI\Handlers\FormParams))
 8 APPPATH\Controllers\Home.php(16): App\Libraries\GapAPI\GapAPI->send_text('Hello GAP')
 9 SYSTEMPATH\CodeIgniter.php(898): App\Controllers\Home->index()
10 SYSTEMPATH\CodeIgniter.php(468): CodeIgniter\CodeIgniter->runController(Object(App\Controllers\Home))
11 SYSTEMPATH\CodeIgniter.php(351): CodeIgniter\CodeIgniter->handleRequest(null, Object(Config\Cache), false)
12 FCPATH\index.php(55): CodeIgniter\CodeIgniter->run()
CRITICAL - 2023-12-28 08:10:26 --> Undefined array key "info_keyboard"
in APPPATH\Libraries\GapAPI\Send\Handlers\PrepareParams.php on line 67.
 1 APPPATH\Libraries\GapAPI\Send\Handlers\PrepareParams.php(67): CodeIgniter\Debug\Exceptions->errorHandler(2, 'Undefined array key "info_keyboard"', 'APPPATH\\Libraries\\GapAPI\\Send\\Handlers\\PrepareParams.php', 67)
 2 APPPATH\Libraries\GapAPI\Send\Handlers\PrepareParams.php(51): App\Libraries\GapAPI\Send\Handlers\PrepareParams->encode_reply_keyboard([...])
 3 APPPATH\Libraries\GapAPI\Send\Handlers\PrepareParams.php(21): App\Libraries\GapAPI\Send\Handlers\PrepareParams->json_encode([...])
 4 APPPATH\Libraries\GapAPI\Send\BaseSend.php(93): App\Libraries\GapAPI\Send\Handlers\PrepareParams->run(Object(App\Libraries\GapAPI\Handlers\FormParams))
 5 APPPATH\Libraries\GapAPI\Send\BaseSend.php(56): App\Libraries\GapAPI\Send\BaseSend->prepare_params(Object(App\Libraries\GapAPI\Handlers\FormParams), null)
 6 APPPATH\Libraries\GapAPI\Send\SendMessage.php(14): App\Libraries\GapAPI\Send\BaseSend->__construct(Object(CodeIgniter\HTTP\CURLRequest), Object(App\Libraries\GapAPI\Handlers\FormParams), null)
 7 APPPATH\Libraries\GapAPI\GapAPI.php(57): App\Libraries\GapAPI\Send\SendMessage->__construct(Object(CodeIgniter\HTTP\CURLRequest), Object(App\Libraries\GapAPI\Handlers\FormParams))
 8 APPPATH\Controllers\Home.php(16): App\Libraries\GapAPI\GapAPI->send_text('Hello GAP')
 9 SYSTEMPATH\CodeIgniter.php(898): App\Controllers\Home->index()
10 SYSTEMPATH\CodeIgniter.php(468): CodeIgniter\CodeIgniter->runController(Object(App\Controllers\Home))
11 SYSTEMPATH\CodeIgniter.php(351): CodeIgniter\CodeIgniter->handleRequest(null, Object(Config\Cache), false)
12 FCPATH\index.php(55): CodeIgniter\CodeIgniter->run()
CRITICAL - 2023-12-28 08:10:38 --> Undefined array key "info_keyboard"
in APPPATH\Libraries\GapAPI\Send\Handlers\PrepareParams.php on line 67.
 1 APPPATH\Libraries\GapAPI\Send\Handlers\PrepareParams.php(67): CodeIgniter\Debug\Exceptions->errorHandler(2, 'Undefined array key "info_keyboard"', 'APPPATH\\Libraries\\GapAPI\\Send\\Handlers\\PrepareParams.php', 67)
 2 APPPATH\Libraries\GapAPI\Send\Handlers\PrepareParams.php(51): App\Libraries\GapAPI\Send\Handlers\PrepareParams->encode_reply_keyboard([...])
 3 APPPATH\Libraries\GapAPI\Send\Handlers\PrepareParams.php(21): App\Libraries\GapAPI\Send\Handlers\PrepareParams->json_encode([...])
 4 APPPATH\Libraries\GapAPI\Send\BaseSend.php(93): App\Libraries\GapAPI\Send\Handlers\PrepareParams->run(Object(App\Libraries\GapAPI\Handlers\FormParams))
 5 APPPATH\Libraries\GapAPI\Send\BaseSend.php(56): App\Libraries\GapAPI\Send\BaseSend->prepare_params(Object(App\Libraries\GapAPI\Handlers\FormParams), null)
 6 APPPATH\Libraries\GapAPI\Send\SendMessage.php(14): App\Libraries\GapAPI\Send\BaseSend->__construct(Object(CodeIgniter\HTTP\CURLRequest), Object(App\Libraries\GapAPI\Handlers\FormParams), null)
 7 APPPATH\Libraries\GapAPI\GapAPI.php(57): App\Libraries\GapAPI\Send\SendMessage->__construct(Object(CodeIgniter\HTTP\CURLRequest), Object(App\Libraries\GapAPI\Handlers\FormParams))
 8 APPPATH\Controllers\Home.php(16): App\Libraries\GapAPI\GapAPI->send_text('Hello GAP')
 9 SYSTEMPATH\CodeIgniter.php(898): App\Controllers\Home->index()
10 SYSTEMPATH\CodeIgniter.php(468): CodeIgniter\CodeIgniter->runController(Object(App\Controllers\Home))
11 SYSTEMPATH\CodeIgniter.php(351): CodeIgniter\CodeIgniter->handleRequest(null, Object(Config\Cache), false)
12 FCPATH\index.php(55): CodeIgniter\CodeIgniter->run()
CRITICAL - 2023-12-28 08:12:43 --> App\Libraries\GapAPI\Send\Handlers\PrepareParams::json_encode(): Argument #1 ($params) cannot be passed by reference
in APPPATH\Libraries\GapAPI\Send\Handlers\PrepareParams.php on line 80.
 1 APPPATH\Libraries\GapAPI\Send\Handlers\PrepareParams.php(51): App\Libraries\GapAPI\Send\Handlers\PrepareParams->encode_reply_keyboard([...])
 2 APPPATH\Libraries\GapAPI\Send\Handlers\PrepareParams.php(21): App\Libraries\GapAPI\Send\Handlers\PrepareParams->json_encode([...])
 3 APPPATH\Libraries\GapAPI\Send\BaseSend.php(93): App\Libraries\GapAPI\Send\Handlers\PrepareParams->run(Object(App\Libraries\GapAPI\Handlers\FormParams))
 4 APPPATH\Libraries\GapAPI\Send\BaseSend.php(56): App\Libraries\GapAPI\Send\BaseSend->prepare_params(Object(App\Libraries\GapAPI\Handlers\FormParams), null)
 5 APPPATH\Libraries\GapAPI\Send\SendMessage.php(14): App\Libraries\GapAPI\Send\BaseSend->__construct(Object(CodeIgniter\HTTP\CURLRequest), Object(App\Libraries\GapAPI\Handlers\FormParams), null)
 6 APPPATH\Libraries\GapAPI\GapAPI.php(57): App\Libraries\GapAPI\Send\SendMessage->__construct(Object(CodeIgniter\HTTP\CURLRequest), Object(App\Libraries\GapAPI\Handlers\FormParams))
 7 APPPATH\Controllers\Home.php(16): App\Libraries\GapAPI\GapAPI->send_text('Hello GAP')
 8 SYSTEMPATH\CodeIgniter.php(898): App\Controllers\Home->index()
 9 SYSTEMPATH\CodeIgniter.php(468): CodeIgniter\CodeIgniter->runController(Object(App\Controllers\Home))
10 SYSTEMPATH\CodeIgniter.php(351): CodeIgniter\CodeIgniter->handleRequest(null, Object(Config\Cache), false)
11 FCPATH\index.php(55): CodeIgniter\CodeIgniter->run()
CRITICAL - 2023-12-28 08:17:53 --> 22 : The requested URL returned error: 405
in SYSTEMPATH\HTTP\CURLRequest.php on line 655.
 1 SYSTEMPATH\HTTP\CURLRequest.php(655): CodeIgniter\HTTP\Exceptions\HTTPException::forCurlError('22', 'The requested URL returned error: 405')
 2 SYSTEMPATH\HTTP\CURLRequest.php(363): CodeIgniter\HTTP\CURLRequest->sendRequest([...])
 3 SYSTEMPATH\HTTP\CURLRequest.php(136): CodeIgniter\HTTP\CURLRequest->send('POST', 'https://api.gap.im/sendMessage')
 4 APPPATH\Libraries\GapAPI\Send\BaseSend.php(148): CodeIgniter\HTTP\CURLRequest->request('POST', 'https://api.gap.im/sendMessage', [...])
 5 APPPATH\Libraries\GapAPI\SetParams.php(120): App\Libraries\GapAPI\Send\BaseSend->request()
 6 APPPATH\Libraries\GapAPI\GapAPI.php(59): App\Libraries\GapAPI\SetParams->request(Object(App\Libraries\GapAPI\Send\SendMessage))
 7 APPPATH\Controllers\Home.php(16): App\Libraries\GapAPI\GapAPI->send_text('Hello GAP')
 8 SYSTEMPATH\CodeIgniter.php(898): App\Controllers\Home->index()
 9 SYSTEMPATH\CodeIgniter.php(468): CodeIgniter\CodeIgniter->runController(Object(App\Controllers\Home))
10 SYSTEMPATH\CodeIgniter.php(351): CodeIgniter\CodeIgniter->handleRequest(null, Object(Config\Cache), false)
11 FCPATH\index.php(55): CodeIgniter\CodeIgniter->run()
CRITICAL - 2023-12-28 08:19:02 --> array_push(): Argument #1 ($array) must be of type array, null given
in APPPATH\Libraries\GapAPI\SetParams.php on line 77.
 1 APPPATH\Libraries\GapAPI\SetParams.php(77): array_push(null, [...])
 2 APPPATH\Controllers\Home.php(16): App\Libraries\GapAPI\SetParams->set_contact_keyboard('Your Mobile')
 3 SYSTEMPATH\CodeIgniter.php(898): App\Controllers\Home->index()
 4 SYSTEMPATH\CodeIgniter.php(468): CodeIgniter\CodeIgniter->runController(Object(App\Controllers\Home))
 5 SYSTEMPATH\CodeIgniter.php(351): CodeIgniter\CodeIgniter->handleRequest(null, Object(Config\Cache), false)
 6 FCPATH\index.php(55): CodeIgniter\CodeIgniter->run()
CRITICAL - 2023-12-28 08:19:31 --> array_push(): Argument #1 ($array) must be of type array, null given
in APPPATH\Libraries\GapAPI\SetParams.php on line 77.
 1 APPPATH\Libraries\GapAPI\SetParams.php(77): array_push(null, [...])
 2 APPPATH\Controllers\Home.php(16): App\Libraries\GapAPI\SetParams->set_contact_keyboard('Your Mobile')
 3 SYSTEMPATH\CodeIgniter.php(898): App\Controllers\Home->index()
 4 SYSTEMPATH\CodeIgniter.php(468): CodeIgniter\CodeIgniter->runController(Object(App\Controllers\Home))
 5 SYSTEMPATH\CodeIgniter.php(351): CodeIgniter\CodeIgniter->handleRequest(null, Object(Config\Cache), false)
 6 FCPATH\index.php(55): CodeIgniter\CodeIgniter->run()
CRITICAL - 2023-12-28 08:19:58 --> array_push(): Argument #1 ($array) must be of type array, null given
in APPPATH\Libraries\GapAPI\SetParams.php on line 77.
 1 APPPATH\Libraries\GapAPI\SetParams.php(77): array_push(null, [...])
 2 APPPATH\Controllers\Home.php(16): App\Libraries\GapAPI\SetParams->set_contact_keyboard('Your Mobile')
 3 SYSTEMPATH\CodeIgniter.php(898): App\Controllers\Home->index()
 4 SYSTEMPATH\CodeIgniter.php(468): CodeIgniter\CodeIgniter->runController(Object(App\Controllers\Home))
 5 SYSTEMPATH\CodeIgniter.php(351): CodeIgniter\CodeIgniter->handleRequest(null, Object(Config\Cache), false)
 6 FCPATH\index.php(55): CodeIgniter\CodeIgniter->run()
CRITICAL - 2023-12-28 08:22:10 --> array_push(): Argument #1 ($array) must be of type array, null given
in APPPATH\Libraries\GapAPI\SetParams.php on line 77.
 1 APPPATH\Libraries\GapAPI\SetParams.php(77): array_push(null, [...])
 2 APPPATH\Controllers\Home.php(16): App\Libraries\GapAPI\SetParams->set_contact_keyboard('Your Mobile')
 3 SYSTEMPATH\CodeIgniter.php(898): App\Controllers\Home->index()
 4 SYSTEMPATH\CodeIgniter.php(468): CodeIgniter\CodeIgniter->runController(Object(App\Controllers\Home))
 5 SYSTEMPATH\CodeIgniter.php(351): CodeIgniter\CodeIgniter->handleRequest(null, Object(Config\Cache), false)
 6 FCPATH\index.php(55): CodeIgniter\CodeIgniter->run()
CRITICAL - 2023-12-28 08:23:34 --> array_push(): Argument #1 ($array) must be of type array, null given
in APPPATH\Libraries\GapAPI\SetParams.php on line 77.
 1 APPPATH\Libraries\GapAPI\SetParams.php(77): array_push(null, [...])
 2 APPPATH\Controllers\Home.php(16): App\Libraries\GapAPI\SetParams->set_contact_keyboard('Your Mobile')
 3 SYSTEMPATH\CodeIgniter.php(898): App\Controllers\Home->index()
 4 SYSTEMPATH\CodeIgniter.php(468): CodeIgniter\CodeIgniter->runController(Object(App\Controllers\Home))
 5 SYSTEMPATH\CodeIgniter.php(351): CodeIgniter\CodeIgniter->handleRequest(null, Object(Config\Cache), false)
 6 FCPATH\index.php(55): CodeIgniter\CodeIgniter->run()
CRITICAL - 2023-12-28 09:30:48 --> array_push(): Argument #1 ($array) must be of type array, null given
in APPPATH\Libraries\GapAPI\SetParams.php on line 77.
 1 APPPATH\Libraries\GapAPI\SetParams.php(77): array_push(null, [...])
 2 APPPATH\Controllers\Home.php(16): App\Libraries\GapAPI\SetParams->set_contact_keyboard('Your Mobile')
 3 SYSTEMPATH\CodeIgniter.php(898): App\Controllers\Home->index()
 4 SYSTEMPATH\CodeIgniter.php(468): CodeIgniter\CodeIgniter->runController(Object(App\Controllers\Home))
 5 SYSTEMPATH\CodeIgniter.php(351): CodeIgniter\CodeIgniter->handleRequest(null, Object(Config\Cache), false)
 6 FCPATH\index.php(55): CodeIgniter\CodeIgniter->run()
CRITICAL - 2023-12-28 09:32:10 --> Undefined array key "reply_keyboard"
in APPPATH\Libraries\GapAPI\Send\Handlers\PrepareParams.php on line 69.
 1 APPPATH\Libraries\GapAPI\Send\Handlers\PrepareParams.php(69): CodeIgniter\Debug\Exceptions->errorHandler(2, 'Undefined array key "reply_keyboard"', 'APPPATH\\Libraries\\GapAPI\\Send\\Handlers\\PrepareParams.php', 69)
 2 APPPATH\Libraries\GapAPI\Send\Handlers\PrepareParams.php(51): App\Libraries\GapAPI\Send\Handlers\PrepareParams->encode_reply_keyboard([...])
 3 APPPATH\Libraries\GapAPI\Send\Handlers\PrepareParams.php(21): App\Libraries\GapAPI\Send\Handlers\PrepareParams->json_encode([...])
 4 APPPATH\Libraries\GapAPI\Send\BaseSend.php(93): App\Libraries\GapAPI\Send\Handlers\PrepareParams->run(Object(App\Libraries\GapAPI\Handlers\FormParams))
 5 APPPATH\Libraries\GapAPI\Send\BaseSend.php(56): App\Libraries\GapAPI\Send\BaseSend->prepare_params(Object(App\Libraries\GapAPI\Handlers\FormParams), null)
 6 APPPATH\Libraries\GapAPI\Send\SendMessage.php(14): App\Libraries\GapAPI\Send\BaseSend->__construct(Object(CodeIgniter\HTTP\CURLRequest), Object(App\Libraries\GapAPI\Handlers\FormParams), null)
 7 APPPATH\Libraries\GapAPI\GapAPI.php(57): App\Libraries\GapAPI\Send\SendMessage->__construct(Object(CodeIgniter\HTTP\CURLRequest), Object(App\Libraries\GapAPI\Handlers\FormParams))
 8 APPPATH\Controllers\Home.php(18): App\Libraries\GapAPI\GapAPI->send_text('Hello GAP')
 9 SYSTEMPATH\CodeIgniter.php(898): App\Controllers\Home->index()
10 SYSTEMPATH\CodeIgniter.php(468): CodeIgniter\CodeIgniter->runController(Object(App\Controllers\Home))
11 SYSTEMPATH\CodeIgniter.php(351): CodeIgniter\CodeIgniter->handleRequest(null, Object(Config\Cache), false)
12 FCPATH\index.php(55): CodeIgniter\CodeIgniter->run()
CRITICAL - 2023-12-28 09:44:23 --> 22 : The requested URL returned error: 400
in SYSTEMPATH\HTTP\CURLRequest.php on line 655.
 1 SYSTEMPATH\HTTP\CURLRequest.php(655): CodeIgniter\HTTP\Exceptions\HTTPException::forCurlError('22', 'The requested URL returned error: 400')
 2 SYSTEMPATH\HTTP\CURLRequest.php(363): CodeIgniter\HTTP\CURLRequest->sendRequest([...])
 3 SYSTEMPATH\HTTP\CURLRequest.php(136): CodeIgniter\HTTP\CURLRequest->send('POST', 'https://api.gap.im/sendMessage')
 4 APPPATH\Libraries\GapAPI\Send\BaseSend.php(148): CodeIgniter\HTTP\CURLRequest->request('POST', 'https://api.gap.im/sendMessage', [...])
 5 APPPATH\Libraries\GapAPI\SetParams.php(120): App\Libraries\GapAPI\Send\BaseSend->request()
 6 APPPATH\Libraries\GapAPI\GapAPI.php(59): App\Libraries\GapAPI\SetParams->request(Object(App\Libraries\GapAPI\Send\SendMessage))
 7 APPPATH\Controllers\Home.php(18): App\Libraries\GapAPI\GapAPI->send_text('Hello GAP')
 8 SYSTEMPATH\CodeIgniter.php(898): App\Controllers\Home->index()
 9 SYSTEMPATH\CodeIgniter.php(468): CodeIgniter\CodeIgniter->runController(Object(App\Controllers\Home))
10 SYSTEMPATH\CodeIgniter.php(351): CodeIgniter\CodeIgniter->handleRequest(null, Object(Config\Cache), false)
11 FCPATH\index.php(55): CodeIgniter\CodeIgniter->run()
CRITICAL - 2023-12-28 09:47:39 --> 22 : The requested URL returned error: 400
in SYSTEMPATH\HTTP\CURLRequest.php on line 655.
 1 SYSTEMPATH\HTTP\CURLRequest.php(655): CodeIgniter\HTTP\Exceptions\HTTPException::forCurlError('22', 'The requested URL returned error: 400')
 2 SYSTEMPATH\HTTP\CURLRequest.php(363): CodeIgniter\HTTP\CURLRequest->sendRequest([...])
 3 SYSTEMPATH\HTTP\CURLRequest.php(136): CodeIgniter\HTTP\CURLRequest->send('POST', 'https://api.gap.im/sendMessage')
 4 APPPATH\Libraries\GapAPI\Send\BaseSend.php(148): CodeIgniter\HTTP\CURLRequest->request('POST', 'https://api.gap.im/sendMessage', [...])
 5 APPPATH\Libraries\GapAPI\SetParams.php(120): App\Libraries\GapAPI\Send\BaseSend->request()
 6 APPPATH\Libraries\GapAPI\GapAPI.php(59): App\Libraries\GapAPI\SetParams->request(Object(App\Libraries\GapAPI\Send\SendMessage))
 7 APPPATH\Controllers\Home.php(18): App\Libraries\GapAPI\GapAPI->send_text('Hello GAP')
 8 SYSTEMPATH\CodeIgniter.php(898): App\Controllers\Home->index()
 9 SYSTEMPATH\CodeIgniter.php(468): CodeIgniter\CodeIgniter->runController(Object(App\Controllers\Home))
10 SYSTEMPATH\CodeIgniter.php(351): CodeIgniter\CodeIgniter->handleRequest(null, Object(Config\Cache), false)
11 FCPATH\index.php(55): CodeIgniter\CodeIgniter->run()
CRITICAL - 2023-12-28 09:48:56 --> 22 : The requested URL returned error: 400
in SYSTEMPATH\HTTP\CURLRequest.php on line 655.
 1 SYSTEMPATH\HTTP\CURLRequest.php(655): CodeIgniter\HTTP\Exceptions\HTTPException::forCurlError('22', 'The requested URL returned error: 400')
 2 SYSTEMPATH\HTTP\CURLRequest.php(363): CodeIgniter\HTTP\CURLRequest->sendRequest([...])
 3 SYSTEMPATH\HTTP\CURLRequest.php(136): CodeIgniter\HTTP\CURLRequest->send('POST', 'https://api.gap.im/sendMessage')
 4 APPPATH\Libraries\GapAPI\Send\BaseSend.php(148): CodeIgniter\HTTP\CURLRequest->request('POST', 'https://api.gap.im/sendMessage', [...])
 5 APPPATH\Libraries\GapAPI\SetParams.php(120): App\Libraries\GapAPI\Send\BaseSend->request()
 6 APPPATH\Libraries\GapAPI\GapAPI.php(59): App\Libraries\GapAPI\SetParams->request(Object(App\Libraries\GapAPI\Send\SendMessage))
 7 APPPATH\Controllers\Home.php(18): App\Libraries\GapAPI\GapAPI->send_text('Hello GAP')
 8 SYSTEMPATH\CodeIgniter.php(898): App\Controllers\Home->index()
 9 SYSTEMPATH\CodeIgniter.php(468): CodeIgniter\CodeIgniter->runController(Object(App\Controllers\Home))
10 SYSTEMPATH\CodeIgniter.php(351): CodeIgniter\CodeIgniter->handleRequest(null, Object(Config\Cache), false)
11 FCPATH\index.php(55): CodeIgniter\CodeIgniter->run()
CRITICAL - 2023-12-28 09:49:15 --> 22 : The requested URL returned error: 400
in SYSTEMPATH\HTTP\CURLRequest.php on line 655.
 1 SYSTEMPATH\HTTP\CURLRequest.php(655): CodeIgniter\HTTP\Exceptions\HTTPException::forCurlError('22', 'The requested URL returned error: 400')
 2 SYSTEMPATH\HTTP\CURLRequest.php(363): CodeIgniter\HTTP\CURLRequest->sendRequest([...])
 3 SYSTEMPATH\HTTP\CURLRequest.php(136): CodeIgniter\HTTP\CURLRequest->send('POST', 'https://api.gap.im/sendMessage')
 4 APPPATH\Libraries\GapAPI\Send\BaseSend.php(148): CodeIgniter\HTTP\CURLRequest->request('POST', 'https://api.gap.im/sendMessage', [...])
 5 APPPATH\Libraries\GapAPI\SetParams.php(120): App\Libraries\GapAPI\Send\BaseSend->request()
 6 APPPATH\Libraries\GapAPI\GapAPI.php(59): App\Libraries\GapAPI\SetParams->request(Object(App\Libraries\GapAPI\Send\SendMessage))
 7 APPPATH\Controllers\Home.php(18): App\Libraries\GapAPI\GapAPI->send_text('Hello GAP')
 8 SYSTEMPATH\CodeIgniter.php(898): App\Controllers\Home->index()
 9 SYSTEMPATH\CodeIgniter.php(468): CodeIgniter\CodeIgniter->runController(Object(App\Controllers\Home))
10 SYSTEMPATH\CodeIgniter.php(351): CodeIgniter\CodeIgniter->handleRequest(null, Object(Config\Cache), false)
11 FCPATH\index.php(55): CodeIgniter\CodeIgniter->run()
CRITICAL - 2023-12-28 09:52:09 --> Undefined variable $keyboard
in APPPATH\Libraries\GapAPI\Send\Handlers\PrepareParams.php on line 79.
 1 APPPATH\Libraries\GapAPI\Send\Handlers\PrepareParams.php(79): CodeIgniter\Debug\Exceptions->errorHandler(2, 'Undefined variable $keyboard', 'APPPATH\\Libraries\\GapAPI\\Send\\Handlers\\PrepareParams.php', 79)
 2 APPPATH\Libraries\GapAPI\Send\Handlers\PrepareParams.php(51): App\Libraries\GapAPI\Send\Handlers\PrepareParams->encode_reply_keyboard([...])
 3 APPPATH\Libraries\GapAPI\Send\Handlers\PrepareParams.php(21): App\Libraries\GapAPI\Send\Handlers\PrepareParams->json_encode([...])
 4 APPPATH\Libraries\GapAPI\Send\BaseSend.php(93): App\Libraries\GapAPI\Send\Handlers\PrepareParams->run(Object(App\Libraries\GapAPI\Handlers\FormParams))
 5 APPPATH\Libraries\GapAPI\Send\BaseSend.php(56): App\Libraries\GapAPI\Send\BaseSend->prepare_params(Object(App\Libraries\GapAPI\Handlers\FormParams), null)
 6 APPPATH\Libraries\GapAPI\Send\SendMessage.php(14): App\Libraries\GapAPI\Send\BaseSend->__construct(Object(CodeIgniter\HTTP\CURLRequest), Object(App\Libraries\GapAPI\Handlers\FormParams), null)
 7 APPPATH\Libraries\GapAPI\GapAPI.php(57): App\Libraries\GapAPI\Send\SendMessage->__construct(Object(CodeIgniter\HTTP\CURLRequest), Object(App\Libraries\GapAPI\Handlers\FormParams))
 8 APPPATH\Controllers\Home.php(18): App\Libraries\GapAPI\GapAPI->send_text('Hello GAP')
 9 SYSTEMPATH\CodeIgniter.php(898): App\Controllers\Home->index()
10 SYSTEMPATH\CodeIgniter.php(468): CodeIgniter\CodeIgniter->runController(Object(App\Controllers\Home))
11 SYSTEMPATH\CodeIgniter.php(351): CodeIgniter\CodeIgniter->handleRequest(null, Object(Config\Cache), false)
12 FCPATH\index.php(55): CodeIgniter\CodeIgniter->run()
CRITICAL - 2023-12-28 09:52:52 --> array_push(): Argument #1 ($array) must be of type array, null given
in APPPATH\Libraries\GapAPI\Send\Handlers\PrepareParams.php on line 80.
 1 APPPATH\Libraries\GapAPI\Send\Handlers\PrepareParams.php(80): array_push(null, [], [...])
 2 APPPATH\Libraries\GapAPI\Send\Handlers\PrepareParams.php(51): App\Libraries\GapAPI\Send\Handlers\PrepareParams->encode_reply_keyboard([...])
 3 APPPATH\Libraries\GapAPI\Send\Handlers\PrepareParams.php(21): App\Libraries\GapAPI\Send\Handlers\PrepareParams->json_encode([...])
 4 APPPATH\Libraries\GapAPI\Send\BaseSend.php(93): App\Libraries\GapAPI\Send\Handlers\PrepareParams->run(Object(App\Libraries\GapAPI\Handlers\FormParams))
 5 APPPATH\Libraries\GapAPI\Send\BaseSend.php(56): App\Libraries\GapAPI\Send\BaseSend->prepare_params(Object(App\Libraries\GapAPI\Handlers\FormParams), null)
 6 APPPATH\Libraries\GapAPI\Send\SendMessage.php(14): App\Libraries\GapAPI\Send\BaseSend->__construct(Object(CodeIgniter\HTTP\CURLRequest), Object(App\Libraries\GapAPI\Handlers\FormParams), null)
 7 APPPATH\Libraries\GapAPI\GapAPI.php(57): App\Libraries\GapAPI\Send\SendMessage->__construct(Object(CodeIgniter\HTTP\CURLRequest), Object(App\Libraries\GapAPI\Handlers\FormParams))
 8 APPPATH\Controllers\Home.php(18): App\Libraries\GapAPI\GapAPI->send_text('Hello GAP')
 9 SYSTEMPATH\CodeIgniter.php(898): App\Controllers\Home->index()
10 SYSTEMPATH\CodeIgniter.php(468): CodeIgniter\CodeIgniter->runController(Object(App\Controllers\Home))
11 SYSTEMPATH\CodeIgniter.php(351): CodeIgniter\CodeIgniter->handleRequest(null, Object(Config\Cache), false)
12 FCPATH\index.php(55): CodeIgniter\CodeIgniter->run()
CRITICAL - 2023-12-28 09:53:28 --> array_push(): Argument #1 ($array) must be of type array, string given
in APPPATH\Libraries\GapAPI\Send\Handlers\PrepareParams.php on line 80.
 1 APPPATH\Libraries\GapAPI\Send\Handlers\PrepareParams.php(80): array_push('ROOTPATH\\public', [], [...])
 2 APPPATH\Libraries\GapAPI\Send\Handlers\PrepareParams.php(51): App\Libraries\GapAPI\Send\Handlers\PrepareParams->encode_reply_keyboard([...])
 3 APPPATH\Libraries\GapAPI\Send\Handlers\PrepareParams.php(21): App\Libraries\GapAPI\Send\Handlers\PrepareParams->json_encode([...])
 4 APPPATH\Libraries\GapAPI\Send\BaseSend.php(93): App\Libraries\GapAPI\Send\Handlers\PrepareParams->run(Object(App\Libraries\GapAPI\Handlers\FormParams))
 5 APPPATH\Libraries\GapAPI\Send\BaseSend.php(56): App\Libraries\GapAPI\Send\BaseSend->prepare_params(Object(App\Libraries\GapAPI\Handlers\FormParams), null)
 6 APPPATH\Libraries\GapAPI\Send\SendMessage.php(14): App\Libraries\GapAPI\Send\BaseSend->__construct(Object(CodeIgniter\HTTP\CURLRequest), Object(App\Libraries\GapAPI\Handlers\FormParams), null)
 7 APPPATH\Libraries\GapAPI\GapAPI.php(57): App\Libraries\GapAPI\Send\SendMessage->__construct(Object(CodeIgniter\HTTP\CURLRequest), Object(App\Libraries\GapAPI\Handlers\FormParams))
 8 APPPATH\Controllers\Home.php(18): App\Libraries\GapAPI\GapAPI->send_text('Hello GAP')
 9 SYSTEMPATH\CodeIgniter.php(898): App\Controllers\Home->index()
10 SYSTEMPATH\CodeIgniter.php(468): CodeIgniter\CodeIgniter->runController(Object(App\Controllers\Home))
11 SYSTEMPATH\CodeIgniter.php(351): CodeIgniter\CodeIgniter->handleRequest(null, Object(Config\Cache), false)
12 FCPATH\index.php(55): CodeIgniter\CodeIgniter->run()
CRITICAL - 2023-12-28 09:54:51 --> array_push(): Argument #1 ($array) must be of type array, string given
in APPPATH\Libraries\GapAPI\Send\Handlers\PrepareParams.php on line 82.
 1 APPPATH\Libraries\GapAPI\Send\Handlers\PrepareParams.php(82): array_push('ROOTPATH\\public', [], [...])
 2 APPPATH\Libraries\GapAPI\Send\Handlers\PrepareParams.php(51): App\Libraries\GapAPI\Send\Handlers\PrepareParams->encode_reply_keyboard([...])
 3 APPPATH\Libraries\GapAPI\Send\Handlers\PrepareParams.php(21): App\Libraries\GapAPI\Send\Handlers\PrepareParams->json_encode([...])
 4 APPPATH\Libraries\GapAPI\Send\BaseSend.php(93): App\Libraries\GapAPI\Send\Handlers\PrepareParams->run(Object(App\Libraries\GapAPI\Handlers\FormParams))
 5 APPPATH\Libraries\GapAPI\Send\BaseSend.php(56): App\Libraries\GapAPI\Send\BaseSend->prepare_params(Object(App\Libraries\GapAPI\Handlers\FormParams), null)
 6 APPPATH\Libraries\GapAPI\Send\SendMessage.php(14): App\Libraries\GapAPI\Send\BaseSend->__construct(Object(CodeIgniter\HTTP\CURLRequest), Object(App\Libraries\GapAPI\Handlers\FormParams), null)
 7 APPPATH\Libraries\GapAPI\GapAPI.php(57): App\Libraries\GapAPI\Send\SendMessage->__construct(Object(CodeIgniter\HTTP\CURLRequest), Object(App\Libraries\GapAPI\Handlers\FormParams))
 8 APPPATH\Controllers\Home.php(18): App\Libraries\GapAPI\GapAPI->send_text('Hello GAP')
 9 SYSTEMPATH\CodeIgniter.php(898): App\Controllers\Home->index()
10 SYSTEMPATH\CodeIgniter.php(468): CodeIgniter\CodeIgniter->runController(Object(App\Controllers\Home))
11 SYSTEMPATH\CodeIgniter.php(351): CodeIgniter\CodeIgniter->handleRequest(null, Object(Config\Cache), false)
12 FCPATH\index.php(55): CodeIgniter\CodeIgniter->run()
CRITICAL - 2023-12-28 09:55:34 --> 22 : The requested URL returned error: 400
in SYSTEMPATH\HTTP\CURLRequest.php on line 655.
 1 SYSTEMPATH\HTTP\CURLRequest.php(655): CodeIgniter\HTTP\Exceptions\HTTPException::forCurlError('22', 'The requested URL returned error: 400')
 2 SYSTEMPATH\HTTP\CURLRequest.php(363): CodeIgniter\HTTP\CURLRequest->sendRequest([...])
 3 SYSTEMPATH\HTTP\CURLRequest.php(136): CodeIgniter\HTTP\CURLRequest->send('POST', 'https://api.gap.im/sendMessage')
 4 APPPATH\Libraries\GapAPI\Send\BaseSend.php(148): CodeIgniter\HTTP\CURLRequest->request('POST', 'https://api.gap.im/sendMessage', [...])
 5 APPPATH\Libraries\GapAPI\SetParams.php(120): App\Libraries\GapAPI\Send\BaseSend->request()
 6 APPPATH\Libraries\GapAPI\GapAPI.php(59): App\Libraries\GapAPI\SetParams->request(Object(App\Libraries\GapAPI\Send\SendMessage))
 7 APPPATH\Controllers\Home.php(18): App\Libraries\GapAPI\GapAPI->send_text('Hello GAP')
 8 SYSTEMPATH\CodeIgniter.php(898): App\Controllers\Home->index()
 9 SYSTEMPATH\CodeIgniter.php(468): CodeIgniter\CodeIgniter->runController(Object(App\Controllers\Home))
10 SYSTEMPATH\CodeIgniter.php(351): CodeIgniter\CodeIgniter->handleRequest(null, Object(Config\Cache), false)
11 FCPATH\index.php(55): CodeIgniter\CodeIgniter->run()
CRITICAL - 2023-12-28 09:57:44 --> Undefined variable $keyboard
in APPPATH\Libraries\GapAPI\Send\Handlers\PrepareParams.php on line 84.
 1 APPPATH\Libraries\GapAPI\Send\Handlers\PrepareParams.php(84): CodeIgniter\Debug\Exceptions->errorHandler(2, 'Undefined variable $keyboard', 'APPPATH\\Libraries\\GapAPI\\Send\\Handlers\\PrepareParams.php', 84)
 2 APPPATH\Libraries\GapAPI\Send\Handlers\PrepareParams.php(51): App\Libraries\GapAPI\Send\Handlers\PrepareParams->encode_reply_keyboard([...])
 3 APPPATH\Libraries\GapAPI\Send\Handlers\PrepareParams.php(21): App\Libraries\GapAPI\Send\Handlers\PrepareParams->json_encode([...])
 4 APPPATH\Libraries\GapAPI\Send\BaseSend.php(93): App\Libraries\GapAPI\Send\Handlers\PrepareParams->run(Object(App\Libraries\GapAPI\Handlers\FormParams))
 5 APPPATH\Libraries\GapAPI\Send\BaseSend.php(56): App\Libraries\GapAPI\Send\BaseSend->prepare_params(Object(App\Libraries\GapAPI\Handlers\FormParams), null)
 6 APPPATH\Libraries\GapAPI\Send\SendMessage.php(14): App\Libraries\GapAPI\Send\BaseSend->__construct(Object(CodeIgniter\HTTP\CURLRequest), Object(App\Libraries\GapAPI\Handlers\FormParams), null)
 7 APPPATH\Libraries\GapAPI\GapAPI.php(57): App\Libraries\GapAPI\Send\SendMessage->__construct(Object(CodeIgniter\HTTP\CURLRequest), Object(App\Libraries\GapAPI\Handlers\FormParams))
 8 APPPATH\Controllers\Home.php(18): App\Libraries\GapAPI\GapAPI->send_text('Hello GAP')
 9 SYSTEMPATH\CodeIgniter.php(898): App\Controllers\Home->index()
10 SYSTEMPATH\CodeIgniter.php(468): CodeIgniter\CodeIgniter->runController(Object(App\Controllers\Home))
11 SYSTEMPATH\CodeIgniter.php(351): CodeIgniter\CodeIgniter->handleRequest(null, Object(Config\Cache), false)
12 FCPATH\index.php(55): CodeIgniter\CodeIgniter->run()
CRITICAL - 2023-12-28 09:58:35 --> Undefined variable $keyboard
in APPPATH\Libraries\GapAPI\Send\Handlers\PrepareParams.php on line 86.
 1 APPPATH\Libraries\GapAPI\Send\Handlers\PrepareParams.php(86): CodeIgniter\Debug\Exceptions->errorHandler(2, 'Undefined variable $keyboard', 'APPPATH\\Libraries\\GapAPI\\Send\\Handlers\\PrepareParams.php', 86)
 2 APPPATH\Libraries\GapAPI\Send\Handlers\PrepareParams.php(51): App\Libraries\GapAPI\Send\Handlers\PrepareParams->encode_reply_keyboard([...])
 3 APPPATH\Libraries\GapAPI\Send\Handlers\PrepareParams.php(21): App\Libraries\GapAPI\Send\Handlers\PrepareParams->json_encode([...])
 4 APPPATH\Libraries\GapAPI\Send\BaseSend.php(93): App\Libraries\GapAPI\Send\Handlers\PrepareParams->run(Object(App\Libraries\GapAPI\Handlers\FormParams))
 5 APPPATH\Libraries\GapAPI\Send\BaseSend.php(56): App\Libraries\GapAPI\Send\BaseSend->prepare_params(Object(App\Libraries\GapAPI\Handlers\FormParams), null)
 6 APPPATH\Libraries\GapAPI\Send\SendMessage.php(14): App\Libraries\GapAPI\Send\BaseSend->__construct(Object(CodeIgniter\HTTP\CURLRequest), Object(App\Libraries\GapAPI\Handlers\FormParams), null)
 7 APPPATH\Libraries\GapAPI\GapAPI.php(57): App\Libraries\GapAPI\Send\SendMessage->__construct(Object(CodeIgniter\HTTP\CURLRequest), Object(App\Libraries\GapAPI\Handlers\FormParams))
 8 APPPATH\Controllers\Home.php(18): App\Libraries\GapAPI\GapAPI->send_text('Hello GAP')
 9 SYSTEMPATH\CodeIgniter.php(898): App\Controllers\Home->index()
10 SYSTEMPATH\CodeIgniter.php(468): CodeIgniter\CodeIgniter->runController(Object(App\Controllers\Home))
11 SYSTEMPATH\CodeIgniter.php(351): CodeIgniter\CodeIgniter->handleRequest(null, Object(Config\Cache), false)
12 FCPATH\index.php(55): CodeIgniter\CodeIgniter->run()
CRITICAL - 2023-12-28 09:59:46 --> Undefined variable $keyboard
in APPPATH\Libraries\GapAPI\Send\Handlers\PrepareParams.php on line 84.
 1 APPPATH\Libraries\GapAPI\Send\Handlers\PrepareParams.php(84): CodeIgniter\Debug\Exceptions->errorHandler(2, 'Undefined variable $keyboard', 'APPPATH\\Libraries\\GapAPI\\Send\\Handlers\\PrepareParams.php', 84)
 2 APPPATH\Libraries\GapAPI\Send\Handlers\PrepareParams.php(51): App\Libraries\GapAPI\Send\Handlers\PrepareParams->encode_reply_keyboard([...])
 3 APPPATH\Libraries\GapAPI\Send\Handlers\PrepareParams.php(21): App\Libraries\GapAPI\Send\Handlers\PrepareParams->json_encode([...])
 4 APPPATH\Libraries\GapAPI\Send\BaseSend.php(93): App\Libraries\GapAPI\Send\Handlers\PrepareParams->run(Object(App\Libraries\GapAPI\Handlers\FormParams))
 5 APPPATH\Libraries\GapAPI\Send\BaseSend.php(56): App\Libraries\GapAPI\Send\BaseSend->prepare_params(Object(App\Libraries\GapAPI\Handlers\FormParams), null)
 6 APPPATH\Libraries\GapAPI\Send\SendMessage.php(14): App\Libraries\GapAPI\Send\BaseSend->__construct(Object(CodeIgniter\HTTP\CURLRequest), Object(App\Libraries\GapAPI\Handlers\FormParams), null)
 7 APPPATH\Libraries\GapAPI\GapAPI.php(57): App\Libraries\GapAPI\Send\SendMessage->__construct(Object(CodeIgniter\HTTP\CURLRequest), Object(App\Libraries\GapAPI\Handlers\FormParams))
 8 APPPATH\Controllers\Home.php(18): App\Libraries\GapAPI\GapAPI->send_text('Hello GAP')
 9 SYSTEMPATH\CodeIgniter.php(898): App\Controllers\Home->index()
10 SYSTEMPATH\CodeIgniter.php(468): CodeIgniter\CodeIgniter->runController(Object(App\Controllers\Home))
11 SYSTEMPATH\CodeIgniter.php(351): CodeIgniter\CodeIgniter->handleRequest(null, Object(Config\Cache), false)
12 FCPATH\index.php(55): CodeIgniter\CodeIgniter->run()
CRITICAL - 2023-12-28 10:03:59 --> 22 : The requested URL returned error: 400
in SYSTEMPATH\HTTP\CURLRequest.php on line 655.
 1 SYSTEMPATH\HTTP\CURLRequest.php(655): CodeIgniter\HTTP\Exceptions\HTTPException::forCurlError('22', 'The requested URL returned error: 400')
 2 SYSTEMPATH\HTTP\CURLRequest.php(363): CodeIgniter\HTTP\CURLRequest->sendRequest([...])
 3 SYSTEMPATH\HTTP\CURLRequest.php(136): CodeIgniter\HTTP\CURLRequest->send('POST', 'https://api.gap.im/sendMessage')
 4 APPPATH\Libraries\GapAPI\Send\BaseSend.php(148): CodeIgniter\HTTP\CURLRequest->request('POST', 'https://api.gap.im/sendMessage', [...])
 5 APPPATH\Libraries\GapAPI\SetParams.php(120): App\Libraries\GapAPI\Send\BaseSend->request()
 6 APPPATH\Libraries\GapAPI\GapAPI.php(59): App\Libraries\GapAPI\SetParams->request(Object(App\Libraries\GapAPI\Send\SendMessage))
 7 APPPATH\Controllers\Home.php(18): App\Libraries\GapAPI\GapAPI->send_text('Hello GAP')
 8 SYSTEMPATH\CodeIgniter.php(898): App\Controllers\Home->index()
 9 SYSTEMPATH\CodeIgniter.php(468): CodeIgniter\CodeIgniter->runController(Object(App\Controllers\Home))
10 SYSTEMPATH\CodeIgniter.php(351): CodeIgniter\CodeIgniter->handleRequest(null, Object(Config\Cache), false)
11 FCPATH\index.php(55): CodeIgniter\CodeIgniter->run()
CRITICAL - 2023-12-28 11:41:54 --> 22 : The requested URL returned error: 400
in SYSTEMPATH\HTTP\CURLRequest.php on line 655.
 1 SYSTEMPATH\HTTP\CURLRequest.php(655): CodeIgniter\HTTP\Exceptions\HTTPException::forCurlError('22', 'The requested URL returned error: 400')
 2 SYSTEMPATH\HTTP\CURLRequest.php(363): CodeIgniter\HTTP\CURLRequest->sendRequest([...])
 3 SYSTEMPATH\HTTP\CURLRequest.php(136): CodeIgniter\HTTP\CURLRequest->send('POST', 'https://api.gap.im/editMessage')
 4 APPPATH\Libraries\GapAPI\Send\BaseSend.php(148): CodeIgniter\HTTP\CURLRequest->request('POST', 'https://api.gap.im/editMessage', [...])
 5 APPPATH\Libraries\GapAPI\SetParams.php(125): App\Libraries\GapAPI\Send\BaseSend->request()
 6 APPPATH\Libraries\GapAPI\GapAPI.php(138): App\Libraries\GapAPI\SetParams->request(Object(App\Libraries\GapAPI\Send\EditMessage))
 7 APPPATH\Controllers\Home.php(18): App\Libraries\GapAPI\GapAPI->send_edit_message('111', 'aaa')
 8 SYSTEMPATH\CodeIgniter.php(898): App\Controllers\Home->index()
 9 SYSTEMPATH\CodeIgniter.php(468): CodeIgniter\CodeIgniter->runController(Object(App\Controllers\Home))
10 SYSTEMPATH\CodeIgniter.php(351): CodeIgniter\CodeIgniter->handleRequest(null, Object(Config\Cache), false)
11 FCPATH\index.php(55): CodeIgniter\CodeIgniter->run()
