CRITICAL - 2024-01-01 07:26:17 --> Undefined property: stdClass::$chat_id
in APPPATH\Libraries\GapAPI\Receive\Receive.php on line 22.
 1 APPPATH\Libraries\GapAPI\Receive\Receive.php(22): CodeIgniter\Debug\Exceptions->errorHandler(2, 'Undefined property: stdClass::$chat_id', 'APPPATH\\Libraries\\GapAPI\\Receive\\Receive.php', 22)
 2 APPPATH\Libraries\GapAPI\SetParams.php(25): App\Libraries\GapAPI\Receive\Receive->get_chat_id()
 3 APPPATH\Libraries\GapAPI\GapAPI.php(42): App\Libraries\GapAPI\SetParams->set_chat_id()
 4 APPPATH\Controllers\Home.php(10): App\Libraries\GapAPI\GapAPI->__construct('18b34dbfab054137d021173fbcc12fc0ee01bca35c8a2d52b566585b1ff71496', Object(CodeIgniter\HTTP\IncomingRequest))
 5 SYSTEMPATH\CodeIgniter.php(898): App\Controllers\Home->index()
 6 SYSTEMPATH\CodeIgniter.php(468): CodeIgniter\CodeIgniter->runController(Object(App\Controllers\Home))
 7 SYSTEMPATH\CodeIgniter.php(351): CodeIgniter\CodeIgniter->handleRequest(null, Object(Config\Cache), false)
 8 FCPATH\index.php(55): CodeIgniter\CodeIgniter->run()
CRITICAL - 2024-01-01 07:27:27 --> Undefined property: stdClass::$chat_id
in APPPATH\Libraries\GapAPI\Receive\Receive.php on line 22.
 1 APPPATH\Libraries\GapAPI\Receive\Receive.php(22): CodeIgniter\Debug\Exceptions->errorHandler(2, 'Undefined property: stdClass::$chat_id', 'APPPATH\\Libraries\\GapAPI\\Receive\\Receive.php', 22)
 2 APPPATH\Libraries\GapAPI\SetParams.php(25): App\Libraries\GapAPI\Receive\Receive->get_chat_id()
 3 APPPATH\Libraries\GapAPI\GapAPI.php(42): App\Libraries\GapAPI\SetParams->set_chat_id()
 4 APPPATH\Controllers\Home.php(10): App\Libraries\GapAPI\GapAPI->__construct('18b34dbfab054137d021173fbcc12fc0ee01bca35c8a2d52b566585b1ff71496', Object(CodeIgniter\HTTP\IncomingRequest))
 5 SYSTEMPATH\CodeIgniter.php(898): App\Controllers\Home->index()
 6 SYSTEMPATH\CodeIgniter.php(468): CodeIgniter\CodeIgniter->runController(Object(App\Controllers\Home))
 7 SYSTEMPATH\CodeIgniter.php(351): CodeIgniter\CodeIgniter->handleRequest(null, Object(Config\Cache), false)
 8 FCPATH\index.php(55): CodeIgniter\CodeIgniter->run()
CRITICAL - 2024-01-01 07:27:53 --> Undefined property: stdClass::$chat_id
in APPPATH\Libraries\GapAPI\Receive\Receive.php on line 22.
 1 APPPATH\Libraries\GapAPI\Receive\Receive.php(22): CodeIgniter\Debug\Exceptions->errorHandler(2, 'Undefined property: stdClass::$chat_id', 'APPPATH\\Libraries\\GapAPI\\Receive\\Receive.php', 22)
 2 APPPATH\Libraries\GapAPI\SetParams.php(25): App\Libraries\GapAPI\Receive\Receive->get_chat_id()
 3 APPPATH\Libraries\GapAPI\GapAPI.php(42): App\Libraries\GapAPI\SetParams->set_chat_id()
 4 APPPATH\Controllers\Home.php(10): App\Libraries\GapAPI\GapAPI->__construct('18b34dbfab054137d021173fbcc12fc0ee01bca35c8a2d52b566585b1ff71496', Object(CodeIgniter\HTTP\IncomingRequest))
 5 SYSTEMPATH\CodeIgniter.php(898): App\Controllers\Home->index()
 6 SYSTEMPATH\CodeIgniter.php(468): CodeIgniter\CodeIgniter->runController(Object(App\Controllers\Home))
 7 SYSTEMPATH\CodeIgniter.php(351): CodeIgniter\CodeIgniter->handleRequest(null, Object(Config\Cache), false)
 8 FCPATH\index.php(55): CodeIgniter\CodeIgniter->run()
CRITICAL - 2024-01-01 07:29:25 --> Undefined property: stdClass::$chat_id
in APPPATH\Libraries\GapAPI\Receive\Receive.php on line 22.
 1 APPPATH\Libraries\GapAPI\Receive\Receive.php(22): CodeIgniter\Debug\Exceptions->errorHandler(2, 'Undefined property: stdClass::$chat_id', 'APPPATH\\Libraries\\GapAPI\\Receive\\Receive.php', 22)
 2 APPPATH\Libraries\GapAPI\SetParams.php(25): App\Libraries\GapAPI\Receive\Receive->get_chat_id()
 3 APPPATH\Libraries\GapAPI\GapAPI.php(42): App\Libraries\GapAPI\SetParams->set_chat_id()
 4 APPPATH\Controllers\Home.php(10): App\Libraries\GapAPI\GapAPI->__construct('18b34dbfab054137d021173fbcc12fc0ee01bca35c8a2d52b566585b1ff71496', Object(CodeIgniter\HTTP\IncomingRequest))
 5 SYSTEMPATH\CodeIgniter.php(898): App\Controllers\Home->index()
 6 SYSTEMPATH\CodeIgniter.php(468): CodeIgniter\CodeIgniter->runController(Object(App\Controllers\Home))
 7 SYSTEMPATH\CodeIgniter.php(351): CodeIgniter\CodeIgniter->handleRequest(null, Object(Config\Cache), false)
 8 FCPATH\index.php(55): CodeIgniter\CodeIgniter->run()
CRITICAL - 2024-01-01 07:39:05 --> Undefined property: stdClass::$chat_id
in APPPATH\Libraries\GapAPI\Receive\Receive.php on line 22.
 1 APPPATH\Libraries\GapAPI\Receive\Receive.php(22): CodeIgniter\Debug\Exceptions->errorHandler(2, 'Undefined property: stdClass::$chat_id', 'APPPATH\\Libraries\\GapAPI\\Receive\\Receive.php', 22)
 2 APPPATH\Libraries\GapAPI\SetParams.php(25): App\Libraries\GapAPI\Receive\Receive->get_chat_id()
 3 APPPATH\Libraries\GapAPI\GapAPI.php(42): App\Libraries\GapAPI\SetParams->set_chat_id()
 4 APPPATH\Controllers\Home.php(10): App\Libraries\GapAPI\GapAPI->__construct('18b34dbfab054137d021173fbcc12fc0ee01bca35c8a2d52b566585b1ff71496', Object(CodeIgniter\HTTP\IncomingRequest))
 5 SYSTEMPATH\CodeIgniter.php(898): App\Controllers\Home->index()
 6 SYSTEMPATH\CodeIgniter.php(468): CodeIgniter\CodeIgniter->runController(Object(App\Controllers\Home))
 7 SYSTEMPATH\CodeIgniter.php(351): CodeIgniter\CodeIgniter->handleRequest(null, Object(Config\Cache), false)
 8 FCPATH\index.php(55): CodeIgniter\CodeIgniter->run()
CRITICAL - 2024-01-01 07:41:46 --> 22 : The requested URL returned error: 405
in SYSTEMPATH\HTTP\CURLRequest.php on line 655.
 1 SYSTEMPATH\HTTP\CURLRequest.php(655): CodeIgniter\HTTP\Exceptions\HTTPException::forCurlError('22', 'The requested URL returned error: 405')
 2 SYSTEMPATH\HTTP\CURLRequest.php(363): CodeIgniter\HTTP\CURLRequest->sendRequest([...])
 3 SYSTEMPATH\HTTP\CURLRequest.php(136): CodeIgniter\HTTP\CURLRequest->send('POST', 'https://api.gap.im/sendMessage')
 4 APPPATH\Libraries\GapAPI\Send\BaseSend.php(150): CodeIgniter\HTTP\CURLRequest->request('POST', 'https://api.gap.im/sendMessage', [...])
 5 APPPATH\Libraries\GapAPI\SetParams.php(145): App\Libraries\GapAPI\Send\BaseSend->request()
 6 APPPATH\Libraries\GapAPI\GapAPI.php(70): App\Libraries\GapAPI\SetParams->request(Object(App\Libraries\GapAPI\Send\SendMessage))
 7 APPPATH\Controllers\Home.php(18): App\Libraries\GapAPI\GapAPI->send_text('The Message is Successfully')
 8 SYSTEMPATH\CodeIgniter.php(898): App\Controllers\Home->index()
 9 SYSTEMPATH\CodeIgniter.php(468): CodeIgniter\CodeIgniter->runController(Object(App\Controllers\Home))
10 SYSTEMPATH\CodeIgniter.php(351): CodeIgniter\CodeIgniter->handleRequest(null, Object(Config\Cache), false)
11 FCPATH\index.php(55): CodeIgniter\CodeIgniter->run()
