ALERT - 2024-01-05 07:31:14 --> start of send image
ALERT - 2024-01-05 07:31:17 --> status code: 200
ALERT - 2024-01-05 07:31:17 --> chat id: 339322905
ALERT - 2024-01-05 07:33:04 --> start of send image
ALERT - 2024-01-05 07:33:08 --> status code: 200
ALERT - 2024-01-05 07:33:08 --> chat_id --> 339322905
ALERT - 2024-01-05 07:33:08 --> data --> Yes
ALERT - 2024-01-05 07:33:08 --> from --> {"id":3186648,"name":"@ramin_golzar","user":"ramin_golzar","avatar":"{\"64\":\"https:\\/\\/cdn.gap.im\\/o\\/5d5219f7c4924a7ab2776bb78730d707.jpg?width=64\",\"128\":\"https:\\/\\/cdn.gap.im\\/o\\/5d5219f7c4924a7ab2776bb78730d707.jpg?width=128\",\"256\":\"https:\\/\\/cdn.gap.im\\/o\\/5d5219f7c4924a7ab2776bb78730d707.jpg?width=256\",\"512\":\"https:\\/\\/cdn.gap.im\\/o\\/5d5219f7c4924a7ab2776bb78730d707.jpg?width=512\"}"}
ALERT - 2024-01-05 07:33:08 --> traceID --> 1c31a4b4104fa8b2
ALERT - 2024-01-05 07:33:08 --> type --> text
ALERT - 2024-01-05 07:34:36 --> start of send image
ALERT - 2024-01-05 07:34:39 --> status code: 200
ALERT - 2024-01-05 07:34:39 --> {"id":1654}
ALERT - 2024-01-05 07:37:28 --> start of send image
ALERT - 2024-01-05 07:37:29 --> delete --> 200
CRITICAL - 2024-01-05 07:37:29 --> Undefined variable $uploadImage
in APPPATH\Controllers\Home.php on line 33.
 1 APPPATH\Controllers\Home.php(33): CodeIgniter\Debug\Exceptions->errorHandler(2, 'Undefined variable $uploadImage', 'APPPATH\\Controllers\\Home.php', 33)
 2 SYSTEMPATH\CodeIgniter.php(898): App\Controllers\Home->index()
 3 SYSTEMPATH\CodeIgniter.php(468): CodeIgniter\CodeIgniter->runController(Object(App\Controllers\Home))
 4 SYSTEMPATH\CodeIgniter.php(351): CodeIgniter\CodeIgniter->handleRequest(null, Object(Config\Cache), false)
 5 FCPATH\index.php(55): CodeIgniter\CodeIgniter->run()
ALERT - 2024-01-05 07:40:44 --> start of send image
ALERT - 2024-01-05 07:40:45 --> text --> 200
ALERT - 2024-01-05 07:41:43 --> start of send image
ALERT - 2024-01-05 07:41:44 --> text --> {"id":1659}
ALERT - 2024-01-05 07:43:17 --> start of send image
ALERT - 2024-01-05 07:45:15 --> start of send image
ALERT - 2024-01-05 07:45:15 --> chat_id --> 339322905
ALERT - 2024-01-05 07:45:15 --> data --> FF
ALERT - 2024-01-05 07:45:15 --> from --> {"id":3186648,"name":"@ramin_golzar","user":"ramin_golzar","avatar":"{\"64\":\"https:\\/\\/cdn.gap.im\\/o\\/5d5219f7c4924a7ab2776bb78730d707.jpg?width=64\",\"128\":\"https:\\/\\/cdn.gap.im\\/o\\/5d5219f7c4924a7ab2776bb78730d707.jpg?width=128\",\"256\":\"https:\\/\\/cdn.gap.im\\/o\\/5d5219f7c4924a7ab2776bb78730d707.jpg?width=256\",\"512\":\"https:\\/\\/cdn.gap.im\\/o\\/5d5219f7c4924a7ab2776bb78730d707.jpg?width=512\"}"}
ALERT - 2024-01-05 07:45:15 --> traceID --> 0c17d984147b219e
ALERT - 2024-01-05 07:45:15 --> type --> text
ALERT - 2024-01-05 07:46:04 --> start of send image
CRITICAL - 2024-01-05 07:46:04 --> 22 : The requested URL returned error: 400
in SYSTEMPATH\HTTP\CURLRequest.php on line 655.
 1 SYSTEMPATH\HTTP\CURLRequest.php(655): CodeIgniter\HTTP\Exceptions\HTTPException::forCurlError('22', 'The requested URL returned error: 400')
 2 SYSTEMPATH\HTTP\CURLRequest.php(363): CodeIgniter\HTTP\CURLRequest->sendRequest([...])
 3 SYSTEMPATH\HTTP\CURLRequest.php(136): CodeIgniter\HTTP\CURLRequest->send('POST', 'https://api.gap.im/deleteMessage')
 4 APPPATH\Libraries\GapAPI\Send\BaseSend.php(161): CodeIgniter\HTTP\CURLRequest->request('POST', 'https://api.gap.im/deleteMessage', [...])
 5 APPPATH\Libraries\GapAPI\SetParams.php(160): App\Libraries\GapAPI\Send\BaseSend->request()
 6 APPPATH\Libraries\GapAPI\GapAPI.php(156): App\Libraries\GapAPI\SetParams->request(Object(App\Libraries\GapAPI\Send\DeleteMessage))
 7 APPPATH\Controllers\Home.php(30): App\Libraries\GapAPI\GapAPI->send_delete_message('0c17d984147b219e')
 8 SYSTEMPATH\CodeIgniter.php(898): App\Controllers\Home->index()
 9 SYSTEMPATH\CodeIgniter.php(468): CodeIgniter\CodeIgniter->runController(Object(App\Controllers\Home))
10 SYSTEMPATH\CodeIgniter.php(351): CodeIgniter\CodeIgniter->handleRequest(null, Object(Config\Cache), false)
11 FCPATH\index.php(55): CodeIgniter\CodeIgniter->run()
ALERT - 2024-01-05 08:00:44 --> start of send image
CRITICAL - 2024-01-05 08:00:44 --> Cannot use object of type CodeIgniter\HTTP\Response as array
in APPPATH\Controllers\Home.php on line 31.
 1 SYSTEMPATH\CodeIgniter.php(898): App\Controllers\Home->index()
 2 SYSTEMPATH\CodeIgniter.php(468): CodeIgniter\CodeIgniter->runController(Object(App\Controllers\Home))
 3 SYSTEMPATH\CodeIgniter.php(351): CodeIgniter\CodeIgniter->handleRequest(null, Object(Config\Cache), false)
 4 FCPATH\index.php(55): CodeIgniter\CodeIgniter->run()
ALERT - 2024-01-05 08:01:55 --> start of send image
CRITICAL - 2024-01-05 08:01:56 --> json_decode(): Argument #1 ($json) must be of type string, CodeIgniter\HTTP\Response given
in APPPATH\Controllers\Home.php on line 31.
 1 APPPATH\Controllers\Home.php(31): json_decode(Object(CodeIgniter\HTTP\Response), true)
 2 SYSTEMPATH\CodeIgniter.php(898): App\Controllers\Home->index()
 3 SYSTEMPATH\CodeIgniter.php(468): CodeIgniter\CodeIgniter->runController(Object(App\Controllers\Home))
 4 SYSTEMPATH\CodeIgniter.php(351): CodeIgniter\CodeIgniter->handleRequest(null, Object(Config\Cache), false)
 5 FCPATH\index.php(55): CodeIgniter\CodeIgniter->run()
ALERT - 2024-01-05 08:02:54 --> start of send image
CRITICAL - 2024-01-05 08:02:55 --> json_decode(): Argument #1 ($json) must be of type string, CodeIgniter\HTTP\Response given
in APPPATH\Controllers\Home.php on line 31.
 1 APPPATH\Controllers\Home.php(31): json_decode(Object(CodeIgniter\HTTP\Response), true)
 2 SYSTEMPATH\CodeIgniter.php(898): App\Controllers\Home->index()
 3 SYSTEMPATH\CodeIgniter.php(468): CodeIgniter\CodeIgniter->runController(Object(App\Controllers\Home))
 4 SYSTEMPATH\CodeIgniter.php(351): CodeIgniter\CodeIgniter->handleRequest(null, Object(Config\Cache), false)
 5 FCPATH\index.php(55): CodeIgniter\CodeIgniter->run()
ALERT - 2024-01-05 08:03:45 --> start of send image
CRITICAL - 2024-01-05 08:03:46 --> 22 : The requested URL returned error: 400
in SYSTEMPATH\HTTP\CURLRequest.php on line 655.
 1 SYSTEMPATH\HTTP\CURLRequest.php(655): CodeIgniter\HTTP\Exceptions\HTTPException::forCurlError('22', 'The requested URL returned error: 400')
 2 SYSTEMPATH\HTTP\CURLRequest.php(363): CodeIgniter\HTTP\CURLRequest->sendRequest([...])
 3 SYSTEMPATH\HTTP\CURLRequest.php(136): CodeIgniter\HTTP\CURLRequest->send('POST', 'https://api.gap.im/editMessage')
 4 APPPATH\Libraries\GapAPI\Send\BaseSend.php(161): CodeIgniter\HTTP\CURLRequest->request('POST', 'https://api.gap.im/editMessage', [...])
 5 APPPATH\Libraries\GapAPI\SetParams.php(160): App\Libraries\GapAPI\Send\BaseSend->request()
 6 APPPATH\Libraries\GapAPI\GapAPI.php(148): App\Libraries\GapAPI\SetParams->request(Object(App\Libraries\GapAPI\Send\EditMessage))
 7 APPPATH\Controllers\Home.php(32): App\Libraries\GapAPI\GapAPI->send_edit_message('1670', 'HELLO RAMIN')
 8 SYSTEMPATH\CodeIgniter.php(898): App\Controllers\Home->index()
 9 SYSTEMPATH\CodeIgniter.php(468): CodeIgniter\CodeIgniter->runController(Object(App\Controllers\Home))
10 SYSTEMPATH\CodeIgniter.php(351): CodeIgniter\CodeIgniter->handleRequest(null, Object(Config\Cache), false)
11 FCPATH\index.php(55): CodeIgniter\CodeIgniter->run()
ALERT - 2024-01-05 08:05:09 --> start of send image
CRITICAL - 2024-01-05 08:05:09 --> log_message(): Argument #2 ($message) must be of type string, array given, called in E:\SoftWare\xampp-windows-x64-8.2.4-0-VS16-installer\htdocs\my_projects\GitHub\GapAPI\app\Controllers\Home.php on line 34
in SYSTEMPATH\Common.php on line 781.
 1 APPPATH\Controllers\Home.php(34): log_message('alert', [...])
 2 SYSTEMPATH\CodeIgniter.php(898): App\Controllers\Home->index()
 3 SYSTEMPATH\CodeIgniter.php(468): CodeIgniter\CodeIgniter->runController(Object(App\Controllers\Home))
 4 SYSTEMPATH\CodeIgniter.php(351): CodeIgniter\CodeIgniter->handleRequest(null, Object(Config\Cache), false)
 5 FCPATH\index.php(55): CodeIgniter\CodeIgniter->run()
ALERT - 2024-01-05 08:05:53 --> start of send image
ALERT - 2024-01-05 08:05:54 --> {"id":1674}
ALERT - 2024-01-05 08:06:34 --> start of send image
ALERT - 2024-01-05 08:06:34 --> 1676
CRITICAL - 2024-01-05 08:13:18 --> 42 : operation aborted by callback
in SYSTEMPATH\HTTP\CURLRequest.php on line 655.
 1 SYSTEMPATH\HTTP\CURLRequest.php(655): CodeIgniter\HTTP\Exceptions\HTTPException::forCurlError('42', 'operation aborted by callback')
 2 SYSTEMPATH\HTTP\CURLRequest.php(363): CodeIgniter\HTTP\CURLRequest->sendRequest([...])
 3 SYSTEMPATH\HTTP\CURLRequest.php(136): CodeIgniter\HTTP\CURLRequest->send('POST', 'https://api.gap.im/upload')
 4 APPPATH\Libraries\GapAPI\Send\BaseSend.php(161): CodeIgniter\HTTP\CURLRequest->request('POST', 'https://api.gap.im/upload', [...])
 5 APPPATH\Libraries\GapAPI\Send\UploadFile.php(55): App\Libraries\GapAPI\Send\BaseSend->request()
 6 APPPATH\Libraries\GapAPI\SetParams.php(160): App\Libraries\GapAPI\Send\UploadFile->request()
 7 APPPATH\Libraries\GapAPI\GapAPI.php(164): App\Libraries\GapAPI\SetParams->request(Object(App\Libraries\GapAPI\Send\UploadFile))
 8 APPPATH\Controllers\Home.php(28): App\Libraries\GapAPI\GapAPI->upload_image('FCPATH\\/Images/s.jpgthis is upload file')
 9 SYSTEMPATH\CodeIgniter.php(898): App\Controllers\Home->index()
10 SYSTEMPATH\CodeIgniter.php(468): CodeIgniter\CodeIgniter->runController(Object(App\Controllers\Home))
11 SYSTEMPATH\CodeIgniter.php(351): CodeIgniter\CodeIgniter->handleRequest(null, Object(Config\Cache), false)
12 FCPATH\index.php(55): CodeIgniter\CodeIgniter->run()
CRITICAL - 2024-01-05 08:15:22 --> 42 : operation aborted by callback
in SYSTEMPATH\HTTP\CURLRequest.php on line 655.
 1 SYSTEMPATH\HTTP\CURLRequest.php(655): CodeIgniter\HTTP\Exceptions\HTTPException::forCurlError('42', 'operation aborted by callback')
 2 SYSTEMPATH\HTTP\CURLRequest.php(363): CodeIgniter\HTTP\CURLRequest->sendRequest([...])
 3 SYSTEMPATH\HTTP\CURLRequest.php(136): CodeIgniter\HTTP\CURLRequest->send('POST', 'https://api.gap.im/upload')
 4 APPPATH\Libraries\GapAPI\Send\BaseSend.php(161): CodeIgniter\HTTP\CURLRequest->request('POST', 'https://api.gap.im/upload', [...])
 5 APPPATH\Libraries\GapAPI\Send\UploadFile.php(55): App\Libraries\GapAPI\Send\BaseSend->request()
 6 APPPATH\Libraries\GapAPI\SetParams.php(160): App\Libraries\GapAPI\Send\UploadFile->request()
 7 APPPATH\Libraries\GapAPI\GapAPI.php(164): App\Libraries\GapAPI\SetParams->request(Object(App\Libraries\GapAPI\Send\UploadFile))
 8 APPPATH\Controllers\Home.php(28): App\Libraries\GapAPI\GapAPI->upload_image('FCPATH\\/Images/s.jpgthis is upload file')
 9 SYSTEMPATH\CodeIgniter.php(898): App\Controllers\Home->index()
10 SYSTEMPATH\CodeIgniter.php(468): CodeIgniter\CodeIgniter->runController(Object(App\Controllers\Home))
11 SYSTEMPATH\CodeIgniter.php(351): CodeIgniter\CodeIgniter->handleRequest(null, Object(Config\Cache), false)
12 FCPATH\index.php(55): CodeIgniter\CodeIgniter->run()
ALERT - 2024-01-05 08:17:54 --> upload
ALERT - 2024-01-05 08:17:54 --> {"headers":{"Content-Type":"multipart\/form-data"},"multipart":{"chat_id":"339322905","image":{"name":"E:\\SoftWare\\xampp-windows-x64-8.2.4-0-VS16-installer\\htdocs\\my_projects\\GitHub\\GapAPI\\public\\\/Images\/s.jpgthis is upload file","mime":"","postname":""}}}
CRITICAL - 2024-01-05 08:17:55 --> 42 : operation aborted by callback
in SYSTEMPATH\HTTP\CURLRequest.php on line 655.
 1 SYSTEMPATH\HTTP\CURLRequest.php(655): CodeIgniter\HTTP\Exceptions\HTTPException::forCurlError('42', 'operation aborted by callback')
 2 SYSTEMPATH\HTTP\CURLRequest.php(363): CodeIgniter\HTTP\CURLRequest->sendRequest([...])
 3 SYSTEMPATH\HTTP\CURLRequest.php(136): CodeIgniter\HTTP\CURLRequest->send('POST', 'https://api.gap.im/upload')
 4 APPPATH\Libraries\GapAPI\Send\BaseSend.php(163): CodeIgniter\HTTP\CURLRequest->request('POST', 'https://api.gap.im/upload', [...])
 5 APPPATH\Libraries\GapAPI\Send\UploadFile.php(55): App\Libraries\GapAPI\Send\BaseSend->request()
 6 APPPATH\Libraries\GapAPI\SetParams.php(160): App\Libraries\GapAPI\Send\UploadFile->request()
 7 APPPATH\Libraries\GapAPI\GapAPI.php(164): App\Libraries\GapAPI\SetParams->request(Object(App\Libraries\GapAPI\Send\UploadFile))
 8 APPPATH\Controllers\Home.php(28): App\Libraries\GapAPI\GapAPI->upload_image('FCPATH\\/Images/s.jpgthis is upload file')
 9 SYSTEMPATH\CodeIgniter.php(898): App\Controllers\Home->index()
10 SYSTEMPATH\CodeIgniter.php(468): CodeIgniter\CodeIgniter->runController(Object(App\Controllers\Home))
11 SYSTEMPATH\CodeIgniter.php(351): CodeIgniter\CodeIgniter->handleRequest(null, Object(Config\Cache), false)
12 FCPATH\index.php(55): CodeIgniter\CodeIgniter->run()
ALERT - 2024-01-05 08:21:21 --> end of send
ALERT - 2024-01-05 08:21:49 --> end of send
ALERT - 2024-01-05 08:38:33 --> end of send
