CRITICAL - 2023-11-12 06:31:49 --> 22 : The requested URL returned error: 403
in SYSTEMPATH\HTTP\CURLRequest.php on line 655.
 1 SYSTEMPATH\HTTP\CURLRequest.php(655): CodeIgniter\HTTP\Exceptions\HTTPException::forCurlError('22', 'The requested URL returned error: 403')
 2 SYSTEMPATH\HTTP\CURLRequest.php(363): CodeIgniter\HTTP\CURLRequest->sendRequest([...])
 3 SYSTEMPATH\HTTP\CURLRequest.php(136): CodeIgniter\HTTP\CURLRequest->send('POST', 'https://api.gap.im/sendMessage/')
 4 APPPATH\Controllers\Home.php(33): CodeIgniter\HTTP\CURLRequest->request('POST', 'https://api.gap.im/sendMessage/', [...])
 5 APPPATH\Controllers\Home.php(13): App\Controllers\Home->send('339322905')
 6 SYSTEMPATH\CodeIgniter.php(898): App\Controllers\Home->index()
 7 SYSTEMPATH\CodeIgniter.php(468): CodeIgniter\CodeIgniter->runController(Object(App\Controllers\Home))
 8 SYSTEMPATH\CodeIgniter.php(351): CodeIgniter\CodeIgniter->handleRequest(null, Object(Config\Cache), false)
 9 FCPATH\index.php(55): CodeIgniter\CodeIgniter->run()
CRITICAL - 2023-11-12 07:03:35 --> Class "App\Libraries\GapAPI" not found
in APPPATH\Controllers\Home.php on line 10.
 1 SYSTEMPATH\CodeIgniter.php(898): App\Controllers\Home->index()
 2 SYSTEMPATH\CodeIgniter.php(468): CodeIgniter\CodeIgniter->runController(Object(App\Controllers\Home))
 3 SYSTEMPATH\CodeIgniter.php(351): CodeIgniter\CodeIgniter->handleRequest(null, Object(Config\Cache), false)
 4 FCPATH\index.php(55): CodeIgniter\CodeIgniter->run()
CRITICAL - 2023-11-12 07:03:51 --> Class "App\Libraries\GapAPI" not found
in APPPATH\Controllers\Home.php on line 10.
 1 SYSTEMPATH\CodeIgniter.php(898): App\Controllers\Home->index()
 2 SYSTEMPATH\CodeIgniter.php(468): CodeIgniter\CodeIgniter->runController(Object(App\Controllers\Home))
 3 SYSTEMPATH\CodeIgniter.php(351): CodeIgniter\CodeIgniter->handleRequest(null, Object(Config\Cache), false)
 4 FCPATH\index.php(55): CodeIgniter\CodeIgniter->run()
CRITICAL - 2023-11-12 07:06:15 --> Call to private method App\Libraries\GapAPI\GapAPI::send() from scope App\Controllers\Home
in APPPATH\Controllers\Home.php on line 13.
 1 SYSTEMPATH\CodeIgniter.php(898): App\Controllers\Home->index()
 2 SYSTEMPATH\CodeIgniter.php(468): CodeIgniter\CodeIgniter->runController(Object(App\Controllers\Home))
 3 SYSTEMPATH\CodeIgniter.php(351): CodeIgniter\CodeIgniter->handleRequest(null, Object(Config\Cache), false)
 4 FCPATH\index.php(55): CodeIgniter\CodeIgniter->run()
CRITICAL - 2023-11-12 07:06:25 --> Call to private method App\Libraries\GapAPI\GapAPI::send() from scope App\Controllers\Home
in APPPATH\Controllers\Home.php on line 13.
 1 SYSTEMPATH\CodeIgniter.php(898): App\Controllers\Home->index()
 2 SYSTEMPATH\CodeIgniter.php(468): CodeIgniter\CodeIgniter->runController(Object(App\Controllers\Home))
 3 SYSTEMPATH\CodeIgniter.php(351): CodeIgniter\CodeIgniter->handleRequest(null, Object(Config\Cache), false)
 4 FCPATH\index.php(55): CodeIgniter\CodeIgniter->run()
