CRITICAL - 2023-12-27 06:38:26 --> Undefined array key "inline_keyboard"
in APPPATH\Libraries\GapAPI\Send\Handlers\PrepareParams.php on line 80.
 1 APPPATH\Libraries\GapAPI\Send\Handlers\PrepareParams.php(80): CodeIgniter\Debug\Exceptions->errorHandler(2, 'Undefined array key "inline_keyboard"', 'APPPATH\\Libraries\\GapAPI\\Send\\Handlers\\PrepareParams.php', 80)
 2 APPPATH\Libraries\GapAPI\Send\Handlers\PrepareParams.php(52): App\Libraries\GapAPI\Send\Handlers\PrepareParams->encode_inline_keyboard([...])
 3 APPPATH\Libraries\GapAPI\Send\Handlers\PrepareParams.php(21): App\Libraries\GapAPI\Send\Handlers\PrepareParams->json_encode([...])
 4 APPPATH\Libraries\GapAPI\Send\BaseSend.php(93): App\Libraries\GapAPI\Send\Handlers\PrepareParams->run(Object(App\Libraries\GapAPI\Handlers\FormParams))
 5 APPPATH\Libraries\GapAPI\Send\BaseSend.php(56): App\Libraries\GapAPI\Send\BaseSend->prepare_params(Object(App\Libraries\GapAPI\Handlers\FormParams), null)
 6 APPPATH\Libraries\GapAPI\Send\SendMessage.php(14): App\Libraries\GapAPI\Send\BaseSend->__construct(Object(CodeIgniter\HTTP\CURLRequest), Object(App\Libraries\GapAPI\Handlers\FormParams), null)
 7 APPPATH\Libraries\GapAPI\GapAPI.php(55): App\Libraries\GapAPI\Send\SendMessage->__construct(Object(CodeIgniter\HTTP\CURLRequest), Object(App\Libraries\GapAPI\Handlers\FormParams))
 8 APPPATH\Controllers\Home.php(21): App\Libraries\GapAPI\GapAPI->send_text('GGGGGGG')
 9 SYSTEMPATH\CodeIgniter.php(898): App\Controllers\Home->index()
10 SYSTEMPATH\CodeIgniter.php(468): CodeIgniter\CodeIgniter->runController(Object(App\Controllers\Home))
11 SYSTEMPATH\CodeIgniter.php(351): CodeIgniter\CodeIgniter->handleRequest(null, Object(Config\Cache), false)
12 FCPATH\index.php(55): CodeIgniter\CodeIgniter->run()
CRITICAL - 2023-12-27 06:38:41 --> Undefined array key "inline_keyboard"
in APPPATH\Libraries\GapAPI\Send\Handlers\PrepareParams.php on line 80.
 1 APPPATH\Libraries\GapAPI\Send\Handlers\PrepareParams.php(80): CodeIgniter\Debug\Exceptions->errorHandler(2, 'Undefined array key "inline_keyboard"', 'APPPATH\\Libraries\\GapAPI\\Send\\Handlers\\PrepareParams.php', 80)
 2 APPPATH\Libraries\GapAPI\Send\Handlers\PrepareParams.php(52): App\Libraries\GapAPI\Send\Handlers\PrepareParams->encode_inline_keyboard([...])
 3 APPPATH\Libraries\GapAPI\Send\Handlers\PrepareParams.php(21): App\Libraries\GapAPI\Send\Handlers\PrepareParams->json_encode([...])
 4 APPPATH\Libraries\GapAPI\Send\BaseSend.php(93): App\Libraries\GapAPI\Send\Handlers\PrepareParams->run(Object(App\Libraries\GapAPI\Handlers\FormParams))
 5 APPPATH\Libraries\GapAPI\Send\BaseSend.php(56): App\Libraries\GapAPI\Send\BaseSend->prepare_params(Object(App\Libraries\GapAPI\Handlers\FormParams), null)
 6 APPPATH\Libraries\GapAPI\Send\SendMessage.php(14): App\Libraries\GapAPI\Send\BaseSend->__construct(Object(CodeIgniter\HTTP\CURLRequest), Object(App\Libraries\GapAPI\Handlers\FormParams), null)
 7 APPPATH\Libraries\GapAPI\GapAPI.php(55): App\Libraries\GapAPI\Send\SendMessage->__construct(Object(CodeIgniter\HTTP\CURLRequest), Object(App\Libraries\GapAPI\Handlers\FormParams))
 8 APPPATH\Controllers\Home.php(21): App\Libraries\GapAPI\GapAPI->send_text('GGGGGGG')
 9 SYSTEMPATH\CodeIgniter.php(898): App\Controllers\Home->index()
10 SYSTEMPATH\CodeIgniter.php(468): CodeIgniter\CodeIgniter->runController(Object(App\Controllers\Home))
11 SYSTEMPATH\CodeIgniter.php(351): CodeIgniter\CodeIgniter->handleRequest(null, Object(Config\Cache), false)
12 FCPATH\index.php(55): CodeIgniter\CodeIgniter->run()
CRITICAL - 2023-12-27 06:38:45 --> Undefined array key "inline_keyboard"
in APPPATH\Libraries\GapAPI\Send\Handlers\PrepareParams.php on line 80.
 1 APPPATH\Libraries\GapAPI\Send\Handlers\PrepareParams.php(80): CodeIgniter\Debug\Exceptions->errorHandler(2, 'Undefined array key "inline_keyboard"', 'APPPATH\\Libraries\\GapAPI\\Send\\Handlers\\PrepareParams.php', 80)
 2 APPPATH\Libraries\GapAPI\Send\Handlers\PrepareParams.php(52): App\Libraries\GapAPI\Send\Handlers\PrepareParams->encode_inline_keyboard([...])
 3 APPPATH\Libraries\GapAPI\Send\Handlers\PrepareParams.php(21): App\Libraries\GapAPI\Send\Handlers\PrepareParams->json_encode([...])
 4 APPPATH\Libraries\GapAPI\Send\BaseSend.php(93): App\Libraries\GapAPI\Send\Handlers\PrepareParams->run(Object(App\Libraries\GapAPI\Handlers\FormParams))
 5 APPPATH\Libraries\GapAPI\Send\BaseSend.php(56): App\Libraries\GapAPI\Send\BaseSend->prepare_params(Object(App\Libraries\GapAPI\Handlers\FormParams), null)
 6 APPPATH\Libraries\GapAPI\Send\SendMessage.php(14): App\Libraries\GapAPI\Send\BaseSend->__construct(Object(CodeIgniter\HTTP\CURLRequest), Object(App\Libraries\GapAPI\Handlers\FormParams), null)
 7 APPPATH\Libraries\GapAPI\GapAPI.php(55): App\Libraries\GapAPI\Send\SendMessage->__construct(Object(CodeIgniter\HTTP\CURLRequest), Object(App\Libraries\GapAPI\Handlers\FormParams))
 8 APPPATH\Controllers\Home.php(21): App\Libraries\GapAPI\GapAPI->send_text('GGGGGGG')
 9 SYSTEMPATH\CodeIgniter.php(898): App\Controllers\Home->index()
10 SYSTEMPATH\CodeIgniter.php(468): CodeIgniter\CodeIgniter->runController(Object(App\Controllers\Home))
11 SYSTEMPATH\CodeIgniter.php(351): CodeIgniter\CodeIgniter->handleRequest(null, Object(Config\Cache), false)
12 FCPATH\index.php(55): CodeIgniter\CodeIgniter->run()
CRITICAL - 2023-12-27 06:41:28 --> 22 : The requested URL returned error: 405
in SYSTEMPATH\HTTP\CURLRequest.php on line 655.
 1 SYSTEMPATH\HTTP\CURLRequest.php(655): CodeIgniter\HTTP\Exceptions\HTTPException::forCurlError('22', 'The requested URL returned error: 405')
 2 SYSTEMPATH\HTTP\CURLRequest.php(363): CodeIgniter\HTTP\CURLRequest->sendRequest([...])
 3 SYSTEMPATH\HTTP\CURLRequest.php(136): CodeIgniter\HTTP\CURLRequest->send('POST', 'https://api.gap.im/sendMessage')
 4 APPPATH\Libraries\GapAPI\Send\BaseSend.php(148): CodeIgniter\HTTP\CURLRequest->request('POST', 'https://api.gap.im/sendMessage', [...])
 5 APPPATH\Libraries\GapAPI\SetParams.php(104): App\Libraries\GapAPI\Send\BaseSend->request()
 6 APPPATH\Libraries\GapAPI\GapAPI.php(57): App\Libraries\GapAPI\SetParams->request(Object(App\Libraries\GapAPI\Send\SendMessage))
 7 APPPATH\Controllers\Home.php(21): App\Libraries\GapAPI\GapAPI->send_text('GGGGGGG')
 8 SYSTEMPATH\CodeIgniter.php(898): App\Controllers\Home->index()
 9 SYSTEMPATH\CodeIgniter.php(468): CodeIgniter\CodeIgniter->runController(Object(App\Controllers\Home))
10 SYSTEMPATH\CodeIgniter.php(351): CodeIgniter\CodeIgniter->handleRequest(null, Object(Config\Cache), false)
11 FCPATH\index.php(55): CodeIgniter\CodeIgniter->run()
CRITICAL - 2023-12-27 06:41:35 --> 22 : The requested URL returned error: 405
in SYSTEMPATH\HTTP\CURLRequest.php on line 655.
 1 SYSTEMPATH\HTTP\CURLRequest.php(655): CodeIgniter\HTTP\Exceptions\HTTPException::forCurlError('22', 'The requested URL returned error: 405')
 2 SYSTEMPATH\HTTP\CURLRequest.php(363): CodeIgniter\HTTP\CURLRequest->sendRequest([...])
 3 SYSTEMPATH\HTTP\CURLRequest.php(136): CodeIgniter\HTTP\CURLRequest->send('POST', 'https://api.gap.im/sendMessage')
 4 APPPATH\Libraries\GapAPI\Send\BaseSend.php(148): CodeIgniter\HTTP\CURLRequest->request('POST', 'https://api.gap.im/sendMessage', [...])
 5 APPPATH\Libraries\GapAPI\SetParams.php(104): App\Libraries\GapAPI\Send\BaseSend->request()
 6 APPPATH\Libraries\GapAPI\GapAPI.php(57): App\Libraries\GapAPI\SetParams->request(Object(App\Libraries\GapAPI\Send\SendMessage))
 7 APPPATH\Controllers\Home.php(21): App\Libraries\GapAPI\GapAPI->send_text('GGGGGGG')
 8 SYSTEMPATH\CodeIgniter.php(898): App\Controllers\Home->index()
 9 SYSTEMPATH\CodeIgniter.php(468): CodeIgniter\CodeIgniter->runController(Object(App\Controllers\Home))
10 SYSTEMPATH\CodeIgniter.php(351): CodeIgniter\CodeIgniter->handleRequest(null, Object(Config\Cache), false)
11 FCPATH\index.php(55): CodeIgniter\CodeIgniter->run()
CRITICAL - 2023-12-27 06:43:35 --> Undefined array key "chat_id"
in APPPATH\Controllers\Home.php on line 46.
 1 APPPATH\Controllers\Home.php(46): CodeIgniter\Debug\Exceptions->errorHandler(2, 'Undefined array key "chat_id"', 'APPPATH\\Controllers\\Home.php', 46)
 2 SYSTEMPATH\CodeIgniter.php(898): App\Controllers\Home->index()
 3 SYSTEMPATH\CodeIgniter.php(468): CodeIgniter\CodeIgniter->runController(Object(App\Controllers\Home))
 4 SYSTEMPATH\CodeIgniter.php(351): CodeIgniter\CodeIgniter->handleRequest(null, Object(Config\Cache), false)
 5 FCPATH\index.php(55): CodeIgniter\CodeIgniter->run()
CRITICAL - 2023-12-27 06:47:03 --> Undefined array key "chat_id"
in APPPATH\Controllers\Home.php on line 48.
 1 APPPATH\Controllers\Home.php(48): CodeIgniter\Debug\Exceptions->errorHandler(2, 'Undefined array key "chat_id"', 'APPPATH\\Controllers\\Home.php', 48)
 2 SYSTEMPATH\CodeIgniter.php(898): App\Controllers\Home->index()
 3 SYSTEMPATH\CodeIgniter.php(468): CodeIgniter\CodeIgniter->runController(Object(App\Controllers\Home))
 4 SYSTEMPATH\CodeIgniter.php(351): CodeIgniter\CodeIgniter->handleRequest(null, Object(Config\Cache), false)
 5 FCPATH\index.php(55): CodeIgniter\CodeIgniter->run()
