CRITICAL - 2023-12-15 18:00:41 --> Undefined variable $temp
in APPPATH\Libraries\GapAPI\Send\Handlers\PrepareParams.php on line 74.
 1 APPPATH\Libraries\GapAPI\Send\Handlers\PrepareParams.php(74): CodeIgniter\Debug\Exceptions->errorHandler(2, 'Undefined variable $temp', 'APPPATH\\Libraries\\GapAPI\\Send\\Handlers\\PrepareParams.php', 74)
 2 APPPATH\Libraries\GapAPI\Send\Handlers\PrepareParams.php(31): App\Libraries\GapAPI\Send\Handlers\PrepareParams->json_encode([...])
 3 APPPATH\Libraries\GapAPI\Send\Send.php(23): App\Libraries\GapAPI\Send\Handlers\PrepareParams->run(Object(App\Libraries\GapAPI\Handlers\FormParams))
 4 APPPATH\Libraries\GapAPI\GapAPI.php(19): App\Libraries\GapAPI\Send\Send->send_text(Object(App\Libraries\GapAPI\Handlers\FormParams))
 5 APPPATH\Controllers\Home.php(16): App\Libraries\GapAPI\GapAPI->send_text('18b34dbfab054137d021173fbcc12fc0ee01bca35c8a2d52b566585b1ff71496')
 6 SYSTEMPATH\CodeIgniter.php(898): App\Controllers\Home->index()
 7 SYSTEMPATH\CodeIgniter.php(468): CodeIgniter\CodeIgniter->runController(Object(App\Controllers\Home))
 8 SYSTEMPATH\CodeIgniter.php(351): CodeIgniter\CodeIgniter->handleRequest(null, Object(Config\Cache), false)
 9 FCPATH\index.php(55): CodeIgniter\CodeIgniter->run()
CRITICAL - 2023-12-15 18:32:58 --> Undefined variable $temp
in APPPATH\Libraries\GapAPI\Send\Handlers\PrepareParams.php on line 74.
 1 APPPATH\Libraries\GapAPI\Send\Handlers\PrepareParams.php(74): CodeIgniter\Debug\Exceptions->errorHandler(2, 'Undefined variable $temp', 'APPPATH\\Libraries\\GapAPI\\Send\\Handlers\\PrepareParams.php', 74)
 2 APPPATH\Libraries\GapAPI\Send\Handlers\PrepareParams.php(31): App\Libraries\GapAPI\Send\Handlers\PrepareParams->json_encode([...])
 3 APPPATH\Libraries\GapAPI\Send\Send.php(23): App\Libraries\GapAPI\Send\Handlers\PrepareParams->run(Object(App\Libraries\GapAPI\Handlers\FormParams))
 4 APPPATH\Libraries\GapAPI\GapAPI.php(19): App\Libraries\GapAPI\Send\Send->send_text(Object(App\Libraries\GapAPI\Handlers\FormParams))
 5 APPPATH\Controllers\Home.php(16): App\Libraries\GapAPI\GapAPI->send_text('18b34dbfab054137d021173fbcc12fc0ee01bca35c8a2d52b566585b1ff71496')
 6 SYSTEMPATH\CodeIgniter.php(898): App\Controllers\Home->index()
 7 SYSTEMPATH\CodeIgniter.php(468): CodeIgniter\CodeIgniter->runController(Object(App\Controllers\Home))
 8 SYSTEMPATH\CodeIgniter.php(351): CodeIgniter\CodeIgniter->handleRequest(null, Object(Config\Cache), false)
 9 FCPATH\index.php(55): CodeIgniter\CodeIgniter->run()
CRITICAL - 2023-12-15 18:33:18 --> Class "App\Libraries\GapAPI\Templates\ReplyKeyboard()" not found
in APPPATH\Libraries\GapAPI\Send\Handlers\PrepareParams.php on line 74.
 1 APPPATH\Libraries\GapAPI\Send\Handlers\PrepareParams.php(31): App\Libraries\GapAPI\Send\Handlers\PrepareParams->json_encode([...])
 2 APPPATH\Libraries\GapAPI\Send\Send.php(23): App\Libraries\GapAPI\Send\Handlers\PrepareParams->run(Object(App\Libraries\GapAPI\Handlers\FormParams))
 3 APPPATH\Libraries\GapAPI\GapAPI.php(19): App\Libraries\GapAPI\Send\Send->send_text(Object(App\Libraries\GapAPI\Handlers\FormParams))
 4 APPPATH\Controllers\Home.php(16): App\Libraries\GapAPI\GapAPI->send_text('18b34dbfab054137d021173fbcc12fc0ee01bca35c8a2d52b566585b1ff71496')
 5 SYSTEMPATH\CodeIgniter.php(898): App\Controllers\Home->index()
 6 SYSTEMPATH\CodeIgniter.php(468): CodeIgniter\CodeIgniter->runController(Object(App\Controllers\Home))
 7 SYSTEMPATH\CodeIgniter.php(351): CodeIgniter\CodeIgniter->handleRequest(null, Object(Config\Cache), false)
 8 FCPATH\index.php(55): CodeIgniter\CodeIgniter->run()
CRITICAL - 2023-12-15 18:40:48 --> Class "App\Libraries\GapAPI\Templates" not found
in APPPATH\Libraries\GapAPI\Send\Handlers\PrepareParams.php on line 82.
 1 APPPATH\Libraries\GapAPI\Send\Handlers\PrepareParams.php(73): App\Libraries\GapAPI\Send\Handlers\PrepareParams->load_temp_class('ReplyKeyboard')
 2 APPPATH\Libraries\GapAPI\Send\Handlers\PrepareParams.php(31): App\Libraries\GapAPI\Send\Handlers\PrepareParams->json_encode([...])
 3 APPPATH\Libraries\GapAPI\Send\Send.php(23): App\Libraries\GapAPI\Send\Handlers\PrepareParams->run(Object(App\Libraries\GapAPI\Handlers\FormParams))
 4 APPPATH\Libraries\GapAPI\GapAPI.php(19): App\Libraries\GapAPI\Send\Send->send_text(Object(App\Libraries\GapAPI\Handlers\FormParams))
 5 APPPATH\Controllers\Home.php(16): App\Libraries\GapAPI\GapAPI->send_text('18b34dbfab054137d021173fbcc12fc0ee01bca35c8a2d52b566585b1ff71496')
 6 SYSTEMPATH\CodeIgniter.php(898): App\Controllers\Home->index()
 7 SYSTEMPATH\CodeIgniter.php(468): CodeIgniter\CodeIgniter->runController(Object(App\Controllers\Home))
 8 SYSTEMPATH\CodeIgniter.php(351): CodeIgniter\CodeIgniter->handleRequest(null, Object(Config\Cache), false)
 9 FCPATH\index.php(55): CodeIgniter\CodeIgniter->run()
CRITICAL - 2023-12-15 18:41:46 --> Class "App\Libraries\GapAPI\Templates" not found
in APPPATH\Libraries\GapAPI\Send\Handlers\PrepareParams.php on line 82.
 1 APPPATH\Libraries\GapAPI\Send\Handlers\PrepareParams.php(73): App\Libraries\GapAPI\Send\Handlers\PrepareParams->load_temp_class('ReplyKeyboard')
 2 APPPATH\Libraries\GapAPI\Send\Handlers\PrepareParams.php(31): App\Libraries\GapAPI\Send\Handlers\PrepareParams->json_encode([...])
 3 APPPATH\Libraries\GapAPI\Send\Send.php(23): App\Libraries\GapAPI\Send\Handlers\PrepareParams->run(Object(App\Libraries\GapAPI\Handlers\FormParams))
 4 APPPATH\Libraries\GapAPI\GapAPI.php(19): App\Libraries\GapAPI\Send\Send->send_text(Object(App\Libraries\GapAPI\Handlers\FormParams))
 5 APPPATH\Controllers\Home.php(16): App\Libraries\GapAPI\GapAPI->send_text('18b34dbfab054137d021173fbcc12fc0ee01bca35c8a2d52b566585b1ff71496')
 6 SYSTEMPATH\CodeIgniter.php(898): App\Controllers\Home->index()
 7 SYSTEMPATH\CodeIgniter.php(468): CodeIgniter\CodeIgniter->runController(Object(App\Controllers\Home))
 8 SYSTEMPATH\CodeIgniter.php(351): CodeIgniter\CodeIgniter->handleRequest(null, Object(Config\Cache), false)
 9 FCPATH\index.php(55): CodeIgniter\CodeIgniter->run()
CRITICAL - 2023-12-15 18:42:37 --> Class "App\Libraries\GapAPI\Templates" not found
in APPPATH\Libraries\GapAPI\Send\Handlers\PrepareParams.php on line 82.
 1 APPPATH\Libraries\GapAPI\Send\Handlers\PrepareParams.php(73): App\Libraries\GapAPI\Send\Handlers\PrepareParams->load_temp_class('ReplyKeyboard')
 2 APPPATH\Libraries\GapAPI\Send\Handlers\PrepareParams.php(31): App\Libraries\GapAPI\Send\Handlers\PrepareParams->json_encode([...])
 3 APPPATH\Libraries\GapAPI\Send\Send.php(23): App\Libraries\GapAPI\Send\Handlers\PrepareParams->run(Object(App\Libraries\GapAPI\Handlers\FormParams))
 4 APPPATH\Libraries\GapAPI\GapAPI.php(19): App\Libraries\GapAPI\Send\Send->send_text(Object(App\Libraries\GapAPI\Handlers\FormParams))
 5 APPPATH\Controllers\Home.php(16): App\Libraries\GapAPI\GapAPI->send_text('18b34dbfab054137d021173fbcc12fc0ee01bca35c8a2d52b566585b1ff71496')
 6 SYSTEMPATH\CodeIgniter.php(898): App\Controllers\Home->index()
 7 SYSTEMPATH\CodeIgniter.php(468): CodeIgniter\CodeIgniter->runController(Object(App\Controllers\Home))
 8 SYSTEMPATH\CodeIgniter.php(351): CodeIgniter\CodeIgniter->handleRequest(null, Object(Config\Cache), false)
 9 FCPATH\index.php(55): CodeIgniter\CodeIgniter->run()
CRITICAL - 2023-12-15 18:43:43 --> Class "App\Libraries\GapAPI\Send\Handlers\App\Libraries\GapAPI\Templates" not found
in APPPATH\Libraries\GapAPI\Send\Handlers\PrepareParams.php on line 82.
 1 APPPATH\Libraries\GapAPI\Send\Handlers\PrepareParams.php(73): App\Libraries\GapAPI\Send\Handlers\PrepareParams->load_temp_class('ReplyKeyboard')
 2 APPPATH\Libraries\GapAPI\Send\Handlers\PrepareParams.php(31): App\Libraries\GapAPI\Send\Handlers\PrepareParams->json_encode([...])
 3 APPPATH\Libraries\GapAPI\Send\Send.php(23): App\Libraries\GapAPI\Send\Handlers\PrepareParams->run(Object(App\Libraries\GapAPI\Handlers\FormParams))
 4 APPPATH\Libraries\GapAPI\GapAPI.php(19): App\Libraries\GapAPI\Send\Send->send_text(Object(App\Libraries\GapAPI\Handlers\FormParams))
 5 APPPATH\Controllers\Home.php(16): App\Libraries\GapAPI\GapAPI->send_text('18b34dbfab054137d021173fbcc12fc0ee01bca35c8a2d52b566585b1ff71496')
 6 SYSTEMPATH\CodeIgniter.php(898): App\Controllers\Home->index()
 7 SYSTEMPATH\CodeIgniter.php(468): CodeIgniter\CodeIgniter->runController(Object(App\Controllers\Home))
 8 SYSTEMPATH\CodeIgniter.php(351): CodeIgniter\CodeIgniter->handleRequest(null, Object(Config\Cache), false)
 9 FCPATH\index.php(55): CodeIgniter\CodeIgniter->run()
CRITICAL - 2023-12-15 19:38:58 --> App\Libraries\GapAPI\Send\Handlers\PrepareParams::load_temp_class(): Return value must be of type object, none returned
in APPPATH\Libraries\GapAPI\Send\Handlers\PrepareParams.php on line 83.
 1 APPPATH\Libraries\GapAPI\Send\Handlers\PrepareParams.php(72): App\Libraries\GapAPI\Send\Handlers\PrepareParams->load_temp_class('reply_keyboard')
 2 APPPATH\Libraries\GapAPI\Send\Handlers\PrepareParams.php(31): App\Libraries\GapAPI\Send\Handlers\PrepareParams->json_encode([...])
 3 APPPATH\Libraries\GapAPI\Send\Send.php(23): App\Libraries\GapAPI\Send\Handlers\PrepareParams->run(Object(App\Libraries\GapAPI\Handlers\FormParams))
 4 APPPATH\Libraries\GapAPI\GapAPI.php(19): App\Libraries\GapAPI\Send\Send->send_text(Object(App\Libraries\GapAPI\Handlers\FormParams))
 5 APPPATH\Controllers\Home.php(16): App\Libraries\GapAPI\GapAPI->send_text('18b34dbfab054137d021173fbcc12fc0ee01bca35c8a2d52b566585b1ff71496')
 6 SYSTEMPATH\CodeIgniter.php(898): App\Controllers\Home->index()
 7 SYSTEMPATH\CodeIgniter.php(468): CodeIgniter\CodeIgniter->runController(Object(App\Controllers\Home))
 8 SYSTEMPATH\CodeIgniter.php(351): CodeIgniter\CodeIgniter->handleRequest(null, Object(Config\Cache), false)
 9 FCPATH\index.php(55): CodeIgniter\CodeIgniter->run()
CRITICAL - 2023-12-15 19:39:15 --> App\Libraries\GapAPI\Send\Handlers\PrepareParams::load_temp_class(): Return value must be of type object, none returned
in APPPATH\Libraries\GapAPI\Send\Handlers\PrepareParams.php on line 83.
 1 APPPATH\Libraries\GapAPI\Send\Handlers\PrepareParams.php(72): App\Libraries\GapAPI\Send\Handlers\PrepareParams->load_temp_class('reply_keyboard')
 2 APPPATH\Libraries\GapAPI\Send\Handlers\PrepareParams.php(31): App\Libraries\GapAPI\Send\Handlers\PrepareParams->json_encode([...])
 3 APPPATH\Libraries\GapAPI\Send\Send.php(23): App\Libraries\GapAPI\Send\Handlers\PrepareParams->run(Object(App\Libraries\GapAPI\Handlers\FormParams))
 4 APPPATH\Libraries\GapAPI\GapAPI.php(19): App\Libraries\GapAPI\Send\Send->send_text(Object(App\Libraries\GapAPI\Handlers\FormParams))
 5 APPPATH\Controllers\Home.php(16): App\Libraries\GapAPI\GapAPI->send_text('18b34dbfab054137d021173fbcc12fc0ee01bca35c8a2d52b566585b1ff71496')
 6 SYSTEMPATH\CodeIgniter.php(898): App\Controllers\Home->index()
 7 SYSTEMPATH\CodeIgniter.php(468): CodeIgniter\CodeIgniter->runController(Object(App\Controllers\Home))
 8 SYSTEMPATH\CodeIgniter.php(351): CodeIgniter\CodeIgniter->handleRequest(null, Object(Config\Cache), false)
 9 FCPATH\index.php(55): CodeIgniter\CodeIgniter->run()
CRITICAL - 2023-12-15 19:41:04 --> App\Libraries\GapAPI\Send\Handlers\PrepareParams::load_temp_class(): Return value must be of type object, none returned
in APPPATH\Libraries\GapAPI\Send\Handlers\PrepareParams.php on line 84.
 1 APPPATH\Libraries\GapAPI\Send\Handlers\PrepareParams.php(72): App\Libraries\GapAPI\Send\Handlers\PrepareParams->load_temp_class('reply_keyboard')
 2 APPPATH\Libraries\GapAPI\Send\Handlers\PrepareParams.php(31): App\Libraries\GapAPI\Send\Handlers\PrepareParams->json_encode([...])
 3 APPPATH\Libraries\GapAPI\Send\Send.php(23): App\Libraries\GapAPI\Send\Handlers\PrepareParams->run(Object(App\Libraries\GapAPI\Handlers\FormParams))
 4 APPPATH\Libraries\GapAPI\GapAPI.php(19): App\Libraries\GapAPI\Send\Send->send_text(Object(App\Libraries\GapAPI\Handlers\FormParams))
 5 APPPATH\Controllers\Home.php(16): App\Libraries\GapAPI\GapAPI->send_text('18b34dbfab054137d021173fbcc12fc0ee01bca35c8a2d52b566585b1ff71496')
 6 SYSTEMPATH\CodeIgniter.php(898): App\Controllers\Home->index()
 7 SYSTEMPATH\CodeIgniter.php(468): CodeIgniter\CodeIgniter->runController(Object(App\Controllers\Home))
 8 SYSTEMPATH\CodeIgniter.php(351): CodeIgniter\CodeIgniter->handleRequest(null, Object(Config\Cache), false)
 9 FCPATH\index.php(55): CodeIgniter\CodeIgniter->run()
CRITICAL - 2023-12-15 19:41:13 --> App\Libraries\GapAPI\Send\Handlers\PrepareParams::load_temp_class(): Return value must be of type object, none returned
in APPPATH\Libraries\GapAPI\Send\Handlers\PrepareParams.php on line 84.
 1 APPPATH\Libraries\GapAPI\Send\Handlers\PrepareParams.php(72): App\Libraries\GapAPI\Send\Handlers\PrepareParams->load_temp_class('reply_keyboard')
 2 APPPATH\Libraries\GapAPI\Send\Handlers\PrepareParams.php(31): App\Libraries\GapAPI\Send\Handlers\PrepareParams->json_encode([...])
 3 APPPATH\Libraries\GapAPI\Send\Send.php(23): App\Libraries\GapAPI\Send\Handlers\PrepareParams->run(Object(App\Libraries\GapAPI\Handlers\FormParams))
 4 APPPATH\Libraries\GapAPI\GapAPI.php(19): App\Libraries\GapAPI\Send\Send->send_text(Object(App\Libraries\GapAPI\Handlers\FormParams))
 5 APPPATH\Controllers\Home.php(16): App\Libraries\GapAPI\GapAPI->send_text('18b34dbfab054137d021173fbcc12fc0ee01bca35c8a2d52b566585b1ff71496')
 6 SYSTEMPATH\CodeIgniter.php(898): App\Controllers\Home->index()
 7 SYSTEMPATH\CodeIgniter.php(468): CodeIgniter\CodeIgniter->runController(Object(App\Controllers\Home))
 8 SYSTEMPATH\CodeIgniter.php(351): CodeIgniter\CodeIgniter->handleRequest(null, Object(Config\Cache), false)
 9 FCPATH\index.php(55): CodeIgniter\CodeIgniter->run()
CRITICAL - 2023-12-15 20:22:21 --> App\Libraries\GapAPI\Send\Handlers\PrepareParams::switch_load_temp(): Return value must be of type string, none returned
in APPPATH\Libraries\GapAPI\Send\Handlers\PrepareParams.php on line 81.
 1 APPPATH\Libraries\GapAPI\Send\Handlers\PrepareParams.php(69): App\Libraries\GapAPI\Send\Handlers\PrepareParams->switch_load_temp('reply_keyboard', '{"keyboard":[[{"Yes":"Yes"},{"No":"No"}],[{"Cancel":"Cancel"}]]}')
 2 APPPATH\Libraries\GapAPI\Send\Handlers\PrepareParams.php(31): App\Libraries\GapAPI\Send\Handlers\PrepareParams->json_encode([...])
 3 APPPATH\Libraries\GapAPI\Send\Send.php(23): App\Libraries\GapAPI\Send\Handlers\PrepareParams->run(Object(App\Libraries\GapAPI\Handlers\FormParams))
 4 APPPATH\Libraries\GapAPI\GapAPI.php(19): App\Libraries\GapAPI\Send\Send->send_text(Object(App\Libraries\GapAPI\Handlers\FormParams))
 5 APPPATH\Controllers\Home.php(16): App\Libraries\GapAPI\GapAPI->send_text('18b34dbfab054137d021173fbcc12fc0ee01bca35c8a2d52b566585b1ff71496')
 6 SYSTEMPATH\CodeIgniter.php(898): App\Controllers\Home->index()
 7 SYSTEMPATH\CodeIgniter.php(468): CodeIgniter\CodeIgniter->runController(Object(App\Controllers\Home))
 8 SYSTEMPATH\CodeIgniter.php(351): CodeIgniter\CodeIgniter->handleRequest(null, Object(Config\Cache), false)
 9 FCPATH\index.php(55): CodeIgniter\CodeIgniter->run()
CRITICAL - 2023-12-15 20:22:29 --> App\Libraries\GapAPI\Send\Handlers\PrepareParams::switch_load_temp(): Return value must be of type string, none returned
in APPPATH\Libraries\GapAPI\Send\Handlers\PrepareParams.php on line 81.
 1 APPPATH\Libraries\GapAPI\Send\Handlers\PrepareParams.php(69): App\Libraries\GapAPI\Send\Handlers\PrepareParams->switch_load_temp('reply_keyboard', '{"keyboard":[[{"Yes":"Yes"},{"No":"No"}],[{"Cancel":"Cancel"}]]}')
 2 APPPATH\Libraries\GapAPI\Send\Handlers\PrepareParams.php(31): App\Libraries\GapAPI\Send\Handlers\PrepareParams->json_encode([...])
 3 APPPATH\Libraries\GapAPI\Send\Send.php(23): App\Libraries\GapAPI\Send\Handlers\PrepareParams->run(Object(App\Libraries\GapAPI\Handlers\FormParams))
 4 APPPATH\Libraries\GapAPI\GapAPI.php(19): App\Libraries\GapAPI\Send\Send->send_text(Object(App\Libraries\GapAPI\Handlers\FormParams))
 5 APPPATH\Controllers\Home.php(16): App\Libraries\GapAPI\GapAPI->send_text('18b34dbfab054137d021173fbcc12fc0ee01bca35c8a2d52b566585b1ff71496')
 6 SYSTEMPATH\CodeIgniter.php(898): App\Controllers\Home->index()
 7 SYSTEMPATH\CodeIgniter.php(468): CodeIgniter\CodeIgniter->runController(Object(App\Controllers\Home))
 8 SYSTEMPATH\CodeIgniter.php(351): CodeIgniter\CodeIgniter->handleRequest(null, Object(Config\Cache), false)
 9 FCPATH\index.php(55): CodeIgniter\CodeIgniter->run()
CRITICAL - 2023-12-15 20:24:57 --> App\Libraries\GapAPI\Send\Handlers\PrepareParams::switch_load_temp(): Return value must be of type string, none returned
in APPPATH\Libraries\GapAPI\Send\Handlers\PrepareParams.php on line 81.
 1 APPPATH\Libraries\GapAPI\Send\Handlers\PrepareParams.php(69): App\Libraries\GapAPI\Send\Handlers\PrepareParams->switch_load_temp('reply_keyboard', 'null')
 2 APPPATH\Libraries\GapAPI\Send\Handlers\PrepareParams.php(31): App\Libraries\GapAPI\Send\Handlers\PrepareParams->json_encode([...])
 3 APPPATH\Libraries\GapAPI\Send\Send.php(23): App\Libraries\GapAPI\Send\Handlers\PrepareParams->run(Object(App\Libraries\GapAPI\Handlers\FormParams))
 4 APPPATH\Libraries\GapAPI\GapAPI.php(19): App\Libraries\GapAPI\Send\Send->send_text(Object(App\Libraries\GapAPI\Handlers\FormParams))
 5 APPPATH\Controllers\Home.php(16): App\Libraries\GapAPI\GapAPI->send_text('18b34dbfab054137d021173fbcc12fc0ee01bca35c8a2d52b566585b1ff71496')
 6 SYSTEMPATH\CodeIgniter.php(898): App\Controllers\Home->index()
 7 SYSTEMPATH\CodeIgniter.php(468): CodeIgniter\CodeIgniter->runController(Object(App\Controllers\Home))
 8 SYSTEMPATH\CodeIgniter.php(351): CodeIgniter\CodeIgniter->handleRequest(null, Object(Config\Cache), false)
 9 FCPATH\index.php(55): CodeIgniter\CodeIgniter->run()
CRITICAL - 2023-12-15 20:43:14 --> App\Libraries\GapAPI\Send\Handlers\PrepareParams::json_method(): Return value must be of type string, none returned
in APPPATH\Libraries\GapAPI\Send\Handlers\PrepareParams.php on line 81.
 1 APPPATH\Libraries\GapAPI\Send\Handlers\PrepareParams.php(69): App\Libraries\GapAPI\Send\Handlers\PrepareParams->json_method('reply_keyboard', 'null')
 2 APPPATH\Libraries\GapAPI\Send\Handlers\PrepareParams.php(31): App\Libraries\GapAPI\Send\Handlers\PrepareParams->json_encode([...])
 3 APPPATH\Libraries\GapAPI\Send\Send.php(23): App\Libraries\GapAPI\Send\Handlers\PrepareParams->run(Object(App\Libraries\GapAPI\Handlers\FormParams))
 4 APPPATH\Libraries\GapAPI\GapAPI.php(19): App\Libraries\GapAPI\Send\Send->send_text(Object(App\Libraries\GapAPI\Handlers\FormParams))
 5 APPPATH\Controllers\Home.php(16): App\Libraries\GapAPI\GapAPI->send_text('18b34dbfab054137d021173fbcc12fc0ee01bca35c8a2d52b566585b1ff71496')
 6 SYSTEMPATH\CodeIgniter.php(898): App\Controllers\Home->index()
 7 SYSTEMPATH\CodeIgniter.php(468): CodeIgniter\CodeIgniter->runController(Object(App\Controllers\Home))
 8 SYSTEMPATH\CodeIgniter.php(351): CodeIgniter\CodeIgniter->handleRequest(null, Object(Config\Cache), false)
 9 FCPATH\index.php(55): CodeIgniter\CodeIgniter->run()
CRITICAL - 2023-12-15 20:43:28 --> App\Libraries\GapAPI\Send\Handlers\PrepareParams::json_method(): Return value must be of type string, none returned
in APPPATH\Libraries\GapAPI\Send\Handlers\PrepareParams.php on line 81.
 1 APPPATH\Libraries\GapAPI\Send\Handlers\PrepareParams.php(69): App\Libraries\GapAPI\Send\Handlers\PrepareParams->json_method('reply_keyboard', 'null')
 2 APPPATH\Libraries\GapAPI\Send\Handlers\PrepareParams.php(31): App\Libraries\GapAPI\Send\Handlers\PrepareParams->json_encode([...])
 3 APPPATH\Libraries\GapAPI\Send\Send.php(23): App\Libraries\GapAPI\Send\Handlers\PrepareParams->run(Object(App\Libraries\GapAPI\Handlers\FormParams))
 4 APPPATH\Libraries\GapAPI\GapAPI.php(19): App\Libraries\GapAPI\Send\Send->send_text(Object(App\Libraries\GapAPI\Handlers\FormParams))
 5 APPPATH\Controllers\Home.php(16): App\Libraries\GapAPI\GapAPI->send_text('18b34dbfab054137d021173fbcc12fc0ee01bca35c8a2d52b566585b1ff71496')
 6 SYSTEMPATH\CodeIgniter.php(898): App\Controllers\Home->index()
 7 SYSTEMPATH\CodeIgniter.php(468): CodeIgniter\CodeIgniter->runController(Object(App\Controllers\Home))
 8 SYSTEMPATH\CodeIgniter.php(351): CodeIgniter\CodeIgniter->handleRequest(null, Object(Config\Cache), false)
 9 FCPATH\index.php(55): CodeIgniter\CodeIgniter->run()
CRITICAL - 2023-12-15 20:44:05 --> App\Libraries\GapAPI\Send\Handlers\PrepareParams::json_method(): Return value must be of type string, none returned
in APPPATH\Libraries\GapAPI\Send\Handlers\PrepareParams.php on line 85.
 1 APPPATH\Libraries\GapAPI\Send\Handlers\PrepareParams.php(69): App\Libraries\GapAPI\Send\Handlers\PrepareParams->json_method('reply_keyboard', 'null')
 2 APPPATH\Libraries\GapAPI\Send\Handlers\PrepareParams.php(31): App\Libraries\GapAPI\Send\Handlers\PrepareParams->json_encode([...])
 3 APPPATH\Libraries\GapAPI\Send\Send.php(23): App\Libraries\GapAPI\Send\Handlers\PrepareParams->run(Object(App\Libraries\GapAPI\Handlers\FormParams))
 4 APPPATH\Libraries\GapAPI\GapAPI.php(19): App\Libraries\GapAPI\Send\Send->send_text(Object(App\Libraries\GapAPI\Handlers\FormParams))
 5 APPPATH\Controllers\Home.php(16): App\Libraries\GapAPI\GapAPI->send_text('18b34dbfab054137d021173fbcc12fc0ee01bca35c8a2d52b566585b1ff71496')
 6 SYSTEMPATH\CodeIgniter.php(898): App\Controllers\Home->index()
 7 SYSTEMPATH\CodeIgniter.php(468): CodeIgniter\CodeIgniter->runController(Object(App\Controllers\Home))
 8 SYSTEMPATH\CodeIgniter.php(351): CodeIgniter\CodeIgniter->handleRequest(null, Object(Config\Cache), false)
 9 FCPATH\index.php(55): CodeIgniter\CodeIgniter->run()
CRITICAL - 2023-12-15 20:44:47 --> 22 : The requested URL returned error: 400
in SYSTEMPATH\HTTP\CURLRequest.php on line 655.
 1 SYSTEMPATH\HTTP\CURLRequest.php(655): CodeIgniter\HTTP\Exceptions\HTTPException::forCurlError('22', 'The requested URL returned error: 400')
 2 SYSTEMPATH\HTTP\CURLRequest.php(363): CodeIgniter\HTTP\CURLRequest->sendRequest([...])
 3 SYSTEMPATH\HTTP\CURLRequest.php(136): CodeIgniter\HTTP\CURLRequest->send('POST', 'https://api.gap.im/sendMessage')
 4 APPPATH\Libraries\GapAPI\Send\SendConfig.php(136): CodeIgniter\HTTP\CURLRequest->request('POST', 'https://api.gap.im/sendMessage', [...])
 5 APPPATH\Libraries\GapAPI\Send\Send.php(25): App\Libraries\GapAPI\Send\SendConfig->request()
 6 APPPATH\Libraries\GapAPI\GapAPI.php(19): App\Libraries\GapAPI\Send\Send->send_text(Object(App\Libraries\GapAPI\Handlers\FormParams))
 7 APPPATH\Controllers\Home.php(16): App\Libraries\GapAPI\GapAPI->send_text('18b34dbfab054137d021173fbcc12fc0ee01bca35c8a2d52b566585b1ff71496')
 8 SYSTEMPATH\CodeIgniter.php(898): App\Controllers\Home->index()
 9 SYSTEMPATH\CodeIgniter.php(468): CodeIgniter\CodeIgniter->runController(Object(App\Controllers\Home))
10 SYSTEMPATH\CodeIgniter.php(351): CodeIgniter\CodeIgniter->handleRequest(null, Object(Config\Cache), false)
11 FCPATH\index.php(55): CodeIgniter\CodeIgniter->run()
CRITICAL - 2023-12-15 20:48:07 --> Undefined variable $temp
in APPPATH\Libraries\GapAPI\Send\Handlers\PrepareParams.php on line 83.
 1 APPPATH\Libraries\GapAPI\Send\Handlers\PrepareParams.php(83): CodeIgniter\Debug\Exceptions->errorHandler(2, 'Undefined variable $temp', 'APPPATH\\Libraries\\GapAPI\\Send\\Handlers\\PrepareParams.php', 83)
 2 APPPATH\Libraries\GapAPI\Send\Handlers\PrepareParams.php(69): App\Libraries\GapAPI\Send\Handlers\PrepareParams->json_method('reply_keyboard', [...])
 3 APPPATH\Libraries\GapAPI\Send\Handlers\PrepareParams.php(31): App\Libraries\GapAPI\Send\Handlers\PrepareParams->json_encode([...])
 4 APPPATH\Libraries\GapAPI\Send\Send.php(23): App\Libraries\GapAPI\Send\Handlers\PrepareParams->run(Object(App\Libraries\GapAPI\Handlers\FormParams))
 5 APPPATH\Libraries\GapAPI\GapAPI.php(19): App\Libraries\GapAPI\Send\Send->send_text(Object(App\Libraries\GapAPI\Handlers\FormParams))
 6 APPPATH\Controllers\Home.php(16): App\Libraries\GapAPI\GapAPI->send_text('18b34dbfab054137d021173fbcc12fc0ee01bca35c8a2d52b566585b1ff71496')
 7 SYSTEMPATH\CodeIgniter.php(898): App\Controllers\Home->index()
 8 SYSTEMPATH\CodeIgniter.php(468): CodeIgniter\CodeIgniter->runController(Object(App\Controllers\Home))
 9 SYSTEMPATH\CodeIgniter.php(351): CodeIgniter\CodeIgniter->handleRequest(null, Object(Config\Cache), false)
10 FCPATH\index.php(55): CodeIgniter\CodeIgniter->run()
CRITICAL - 2023-12-15 20:48:33 --> 22 : The requested URL returned error: 400
in SYSTEMPATH\HTTP\CURLRequest.php on line 655.
 1 SYSTEMPATH\HTTP\CURLRequest.php(655): CodeIgniter\HTTP\Exceptions\HTTPException::forCurlError('22', 'The requested URL returned error: 400')
 2 SYSTEMPATH\HTTP\CURLRequest.php(363): CodeIgniter\HTTP\CURLRequest->sendRequest([...])
 3 SYSTEMPATH\HTTP\CURLRequest.php(136): CodeIgniter\HTTP\CURLRequest->send('POST', 'https://api.gap.im/sendMessage')
 4 APPPATH\Libraries\GapAPI\Send\SendConfig.php(136): CodeIgniter\HTTP\CURLRequest->request('POST', 'https://api.gap.im/sendMessage', [...])
 5 APPPATH\Libraries\GapAPI\Send\Send.php(25): App\Libraries\GapAPI\Send\SendConfig->request()
 6 APPPATH\Libraries\GapAPI\GapAPI.php(19): App\Libraries\GapAPI\Send\Send->send_text(Object(App\Libraries\GapAPI\Handlers\FormParams))
 7 APPPATH\Controllers\Home.php(16): App\Libraries\GapAPI\GapAPI->send_text('18b34dbfab054137d021173fbcc12fc0ee01bca35c8a2d52b566585b1ff71496')
 8 SYSTEMPATH\CodeIgniter.php(898): App\Controllers\Home->index()
 9 SYSTEMPATH\CodeIgniter.php(468): CodeIgniter\CodeIgniter->runController(Object(App\Controllers\Home))
10 SYSTEMPATH\CodeIgniter.php(351): CodeIgniter\CodeIgniter->handleRequest(null, Object(Config\Cache), false)
11 FCPATH\index.php(55): CodeIgniter\CodeIgniter->run()
CRITICAL - 2023-12-15 20:49:19 --> 22 : The requested URL returned error: 400
in SYSTEMPATH\HTTP\CURLRequest.php on line 655.
 1 SYSTEMPATH\HTTP\CURLRequest.php(655): CodeIgniter\HTTP\Exceptions\HTTPException::forCurlError('22', 'The requested URL returned error: 400')
 2 SYSTEMPATH\HTTP\CURLRequest.php(363): CodeIgniter\HTTP\CURLRequest->sendRequest([...])
 3 SYSTEMPATH\HTTP\CURLRequest.php(136): CodeIgniter\HTTP\CURLRequest->send('POST', 'https://api.gap.im/sendMessage')
 4 APPPATH\Libraries\GapAPI\Send\SendConfig.php(136): CodeIgniter\HTTP\CURLRequest->request('POST', 'https://api.gap.im/sendMessage', [...])
 5 APPPATH\Libraries\GapAPI\Send\Send.php(25): App\Libraries\GapAPI\Send\SendConfig->request()
 6 APPPATH\Libraries\GapAPI\GapAPI.php(19): App\Libraries\GapAPI\Send\Send->send_text(Object(App\Libraries\GapAPI\Handlers\FormParams))
 7 APPPATH\Controllers\Home.php(16): App\Libraries\GapAPI\GapAPI->send_text('18b34dbfab054137d021173fbcc12fc0ee01bca35c8a2d52b566585b1ff71496')
 8 SYSTEMPATH\CodeIgniter.php(898): App\Controllers\Home->index()
 9 SYSTEMPATH\CodeIgniter.php(468): CodeIgniter\CodeIgniter->runController(Object(App\Controllers\Home))
10 SYSTEMPATH\CodeIgniter.php(351): CodeIgniter\CodeIgniter->handleRequest(null, Object(Config\Cache), false)
11 FCPATH\index.php(55): CodeIgniter\CodeIgniter->run()
CRITICAL - 2023-12-15 20:49:44 --> 22 : The requested URL returned error: 400
in SYSTEMPATH\HTTP\CURLRequest.php on line 655.
 1 SYSTEMPATH\HTTP\CURLRequest.php(655): CodeIgniter\HTTP\Exceptions\HTTPException::forCurlError('22', 'The requested URL returned error: 400')
 2 SYSTEMPATH\HTTP\CURLRequest.php(363): CodeIgniter\HTTP\CURLRequest->sendRequest([...])
 3 SYSTEMPATH\HTTP\CURLRequest.php(136): CodeIgniter\HTTP\CURLRequest->send('POST', 'https://api.gap.im/sendMessage')
 4 APPPATH\Libraries\GapAPI\Send\SendConfig.php(136): CodeIgniter\HTTP\CURLRequest->request('POST', 'https://api.gap.im/sendMessage', [...])
 5 APPPATH\Libraries\GapAPI\Send\Send.php(25): App\Libraries\GapAPI\Send\SendConfig->request()
 6 APPPATH\Libraries\GapAPI\GapAPI.php(19): App\Libraries\GapAPI\Send\Send->send_text(Object(App\Libraries\GapAPI\Handlers\FormParams))
 7 APPPATH\Controllers\Home.php(16): App\Libraries\GapAPI\GapAPI->send_text('18b34dbfab054137d021173fbcc12fc0ee01bca35c8a2d52b566585b1ff71496')
 8 SYSTEMPATH\CodeIgniter.php(898): App\Controllers\Home->index()
 9 SYSTEMPATH\CodeIgniter.php(468): CodeIgniter\CodeIgniter->runController(Object(App\Controllers\Home))
10 SYSTEMPATH\CodeIgniter.php(351): CodeIgniter\CodeIgniter->handleRequest(null, Object(Config\Cache), false)
11 FCPATH\index.php(55): CodeIgniter\CodeIgniter->run()
CRITICAL - 2023-12-15 20:51:50 --> 22 : The requested URL returned error: 400
in SYSTEMPATH\HTTP\CURLRequest.php on line 655.
 1 SYSTEMPATH\HTTP\CURLRequest.php(655): CodeIgniter\HTTP\Exceptions\HTTPException::forCurlError('22', 'The requested URL returned error: 400')
 2 SYSTEMPATH\HTTP\CURLRequest.php(363): CodeIgniter\HTTP\CURLRequest->sendRequest([...])
 3 SYSTEMPATH\HTTP\CURLRequest.php(136): CodeIgniter\HTTP\CURLRequest->send('POST', 'https://api.gap.im/sendMessage')
 4 APPPATH\Libraries\GapAPI\Send\SendConfig.php(136): CodeIgniter\HTTP\CURLRequest->request('POST', 'https://api.gap.im/sendMessage', [...])
 5 APPPATH\Libraries\GapAPI\Send\Send.php(25): App\Libraries\GapAPI\Send\SendConfig->request()
 6 APPPATH\Libraries\GapAPI\GapAPI.php(19): App\Libraries\GapAPI\Send\Send->send_text(Object(App\Libraries\GapAPI\Handlers\FormParams))
 7 APPPATH\Controllers\Home.php(16): App\Libraries\GapAPI\GapAPI->send_text('18b34dbfab054137d021173fbcc12fc0ee01bca35c8a2d52b566585b1ff71496')
 8 SYSTEMPATH\CodeIgniter.php(898): App\Controllers\Home->index()
 9 SYSTEMPATH\CodeIgniter.php(468): CodeIgniter\CodeIgniter->runController(Object(App\Controllers\Home))
10 SYSTEMPATH\CodeIgniter.php(351): CodeIgniter\CodeIgniter->handleRequest(null, Object(Config\Cache), false)
11 FCPATH\index.php(55): CodeIgniter\CodeIgniter->run()
CRITICAL - 2023-12-15 20:53:40 --> 22 : The requested URL returned error: 400
in SYSTEMPATH\HTTP\CURLRequest.php on line 655.
 1 SYSTEMPATH\HTTP\CURLRequest.php(655): CodeIgniter\HTTP\Exceptions\HTTPException::forCurlError('22', 'The requested URL returned error: 400')
 2 SYSTEMPATH\HTTP\CURLRequest.php(363): CodeIgniter\HTTP\CURLRequest->sendRequest([...])
 3 SYSTEMPATH\HTTP\CURLRequest.php(136): CodeIgniter\HTTP\CURLRequest->send('POST', 'https://api.gap.im/sendMessage')
 4 APPPATH\Libraries\GapAPI\Send\SendConfig.php(136): CodeIgniter\HTTP\CURLRequest->request('POST', 'https://api.gap.im/sendMessage', [...])
 5 APPPATH\Libraries\GapAPI\Send\Send.php(25): App\Libraries\GapAPI\Send\SendConfig->request()
 6 APPPATH\Libraries\GapAPI\GapAPI.php(19): App\Libraries\GapAPI\Send\Send->send_text(Object(App\Libraries\GapAPI\Handlers\FormParams))
 7 APPPATH\Controllers\Home.php(16): App\Libraries\GapAPI\GapAPI->send_text('18b34dbfab054137d021173fbcc12fc0ee01bca35c8a2d52b566585b1ff71496')
 8 SYSTEMPATH\CodeIgniter.php(898): App\Controllers\Home->index()
 9 SYSTEMPATH\CodeIgniter.php(468): CodeIgniter\CodeIgniter->runController(Object(App\Controllers\Home))
10 SYSTEMPATH\CodeIgniter.php(351): CodeIgniter\CodeIgniter->handleRequest(null, Object(Config\Cache), false)
11 FCPATH\index.php(55): CodeIgniter\CodeIgniter->run()
CRITICAL - 2023-12-15 20:53:59 --> 22 : The requested URL returned error: 400
in SYSTEMPATH\HTTP\CURLRequest.php on line 655.
 1 SYSTEMPATH\HTTP\CURLRequest.php(655): CodeIgniter\HTTP\Exceptions\HTTPException::forCurlError('22', 'The requested URL returned error: 400')
 2 SYSTEMPATH\HTTP\CURLRequest.php(363): CodeIgniter\HTTP\CURLRequest->sendRequest([...])
 3 SYSTEMPATH\HTTP\CURLRequest.php(136): CodeIgniter\HTTP\CURLRequest->send('POST', 'https://api.gap.im/sendMessage')
 4 APPPATH\Libraries\GapAPI\Send\SendConfig.php(136): CodeIgniter\HTTP\CURLRequest->request('POST', 'https://api.gap.im/sendMessage', [...])
 5 APPPATH\Libraries\GapAPI\Send\Send.php(25): App\Libraries\GapAPI\Send\SendConfig->request()
 6 APPPATH\Libraries\GapAPI\GapAPI.php(19): App\Libraries\GapAPI\Send\Send->send_text(Object(App\Libraries\GapAPI\Handlers\FormParams))
 7 APPPATH\Controllers\Home.php(16): App\Libraries\GapAPI\GapAPI->send_text('18b34dbfab054137d021173fbcc12fc0ee01bca35c8a2d52b566585b1ff71496')
 8 SYSTEMPATH\CodeIgniter.php(898): App\Controllers\Home->index()
 9 SYSTEMPATH\CodeIgniter.php(468): CodeIgniter\CodeIgniter->runController(Object(App\Controllers\Home))
10 SYSTEMPATH\CodeIgniter.php(351): CodeIgniter\CodeIgniter->handleRequest(null, Object(Config\Cache), false)
11 FCPATH\index.php(55): CodeIgniter\CodeIgniter->run()
CRITICAL - 2023-12-15 20:55:15 --> 22 : The requested URL returned error: 400
in SYSTEMPATH\HTTP\CURLRequest.php on line 655.
 1 SYSTEMPATH\HTTP\CURLRequest.php(655): CodeIgniter\HTTP\Exceptions\HTTPException::forCurlError('22', 'The requested URL returned error: 400')
 2 SYSTEMPATH\HTTP\CURLRequest.php(363): CodeIgniter\HTTP\CURLRequest->sendRequest([...])
 3 SYSTEMPATH\HTTP\CURLRequest.php(136): CodeIgniter\HTTP\CURLRequest->send('POST', 'https://api.gap.im/sendMessage')
 4 APPPATH\Libraries\GapAPI\Send\SendConfig.php(136): CodeIgniter\HTTP\CURLRequest->request('POST', 'https://api.gap.im/sendMessage', [...])
 5 APPPATH\Libraries\GapAPI\Send\Send.php(25): App\Libraries\GapAPI\Send\SendConfig->request()
 6 APPPATH\Libraries\GapAPI\GapAPI.php(19): App\Libraries\GapAPI\Send\Send->send_text(Object(App\Libraries\GapAPI\Handlers\FormParams))
 7 APPPATH\Controllers\Home.php(16): App\Libraries\GapAPI\GapAPI->send_text('18b34dbfab054137d021173fbcc12fc0ee01bca35c8a2d52b566585b1ff71496')
 8 SYSTEMPATH\CodeIgniter.php(898): App\Controllers\Home->index()
 9 SYSTEMPATH\CodeIgniter.php(468): CodeIgniter\CodeIgniter->runController(Object(App\Controllers\Home))
10 SYSTEMPATH\CodeIgniter.php(351): CodeIgniter\CodeIgniter->handleRequest(null, Object(Config\Cache), false)
11 FCPATH\index.php(55): CodeIgniter\CodeIgniter->run()
CRITICAL - 2023-12-15 20:58:08 --> 22 : The requested URL returned error: 400
in SYSTEMPATH\HTTP\CURLRequest.php on line 655.
 1 SYSTEMPATH\HTTP\CURLRequest.php(655): CodeIgniter\HTTP\Exceptions\HTTPException::forCurlError('22', 'The requested URL returned error: 400')
 2 SYSTEMPATH\HTTP\CURLRequest.php(363): CodeIgniter\HTTP\CURLRequest->sendRequest([...])
 3 SYSTEMPATH\HTTP\CURLRequest.php(136): CodeIgniter\HTTP\CURLRequest->send('POST', 'https://api.gap.im/sendMessage')
 4 APPPATH\Libraries\GapAPI\Send\SendConfig.php(136): CodeIgniter\HTTP\CURLRequest->request('POST', 'https://api.gap.im/sendMessage', [...])
 5 APPPATH\Libraries\GapAPI\Send\Send.php(25): App\Libraries\GapAPI\Send\SendConfig->request()
 6 APPPATH\Libraries\GapAPI\GapAPI.php(19): App\Libraries\GapAPI\Send\Send->send_text(Object(App\Libraries\GapAPI\Handlers\FormParams))
 7 APPPATH\Controllers\Home.php(16): App\Libraries\GapAPI\GapAPI->send_text('18b34dbfab054137d021173fbcc12fc0ee01bca35c8a2d52b566585b1ff71496')
 8 SYSTEMPATH\CodeIgniter.php(898): App\Controllers\Home->index()
 9 SYSTEMPATH\CodeIgniter.php(468): CodeIgniter\CodeIgniter->runController(Object(App\Controllers\Home))
10 SYSTEMPATH\CodeIgniter.php(351): CodeIgniter\CodeIgniter->handleRequest(null, Object(Config\Cache), false)
11 FCPATH\index.php(55): CodeIgniter\CodeIgniter->run()
CRITICAL - 2023-12-15 20:58:15 --> 22 : The requested URL returned error: 400
in SYSTEMPATH\HTTP\CURLRequest.php on line 655.
 1 SYSTEMPATH\HTTP\CURLRequest.php(655): CodeIgniter\HTTP\Exceptions\HTTPException::forCurlError('22', 'The requested URL returned error: 400')
 2 SYSTEMPATH\HTTP\CURLRequest.php(363): CodeIgniter\HTTP\CURLRequest->sendRequest([...])
 3 SYSTEMPATH\HTTP\CURLRequest.php(136): CodeIgniter\HTTP\CURLRequest->send('POST', 'https://api.gap.im/sendMessage')
 4 APPPATH\Libraries\GapAPI\Send\SendConfig.php(136): CodeIgniter\HTTP\CURLRequest->request('POST', 'https://api.gap.im/sendMessage', [...])
 5 APPPATH\Libraries\GapAPI\Send\Send.php(25): App\Libraries\GapAPI\Send\SendConfig->request()
 6 APPPATH\Libraries\GapAPI\GapAPI.php(19): App\Libraries\GapAPI\Send\Send->send_text(Object(App\Libraries\GapAPI\Handlers\FormParams))
 7 APPPATH\Controllers\Home.php(16): App\Libraries\GapAPI\GapAPI->send_text('18b34dbfab054137d021173fbcc12fc0ee01bca35c8a2d52b566585b1ff71496')
 8 SYSTEMPATH\CodeIgniter.php(898): App\Controllers\Home->index()
 9 SYSTEMPATH\CodeIgniter.php(468): CodeIgniter\CodeIgniter->runController(Object(App\Controllers\Home))
10 SYSTEMPATH\CodeIgniter.php(351): CodeIgniter\CodeIgniter->handleRequest(null, Object(Config\Cache), false)
11 FCPATH\index.php(55): CodeIgniter\CodeIgniter->run()
CRITICAL - 2023-12-15 21:01:19 --> Undefined array key "chat_id"
in APPPATH\Controllers\Home.php on line 17.
 1 APPPATH\Controllers\Home.php(17): CodeIgniter\Debug\Exceptions->errorHandler(2, 'Undefined array key "chat_id"', 'APPPATH\\Controllers\\Home.php', 17)
 2 SYSTEMPATH\CodeIgniter.php(898): App\Controllers\Home->index()
 3 SYSTEMPATH\CodeIgniter.php(468): CodeIgniter\CodeIgniter->runController(Object(App\Controllers\Home))
 4 SYSTEMPATH\CodeIgniter.php(351): CodeIgniter\CodeIgniter->handleRequest(null, Object(Config\Cache), false)
 5 FCPATH\index.php(55): CodeIgniter\CodeIgniter->run()
CRITICAL - 2023-12-15 21:47:52 --> Unhandled match case 'inline_keyboard'
in APPPATH\Libraries\GapAPI\Send\Handlers\PrepareParams.php on line 116.
 1 APPPATH\Libraries\GapAPI\Send\Handlers\PrepareParams.php(91): App\Libraries\GapAPI\Send\Handlers\PrepareParams->get_template('inline_keyboard', 'example')
 2 APPPATH\Libraries\GapAPI\Send\Handlers\PrepareParams.php(75): App\Libraries\GapAPI\Send\Handlers\PrepareParams->json_method('inline_keyboard', 'example')
 3 APPPATH\Libraries\GapAPI\Send\Handlers\PrepareParams.php(31): App\Libraries\GapAPI\Send\Handlers\PrepareParams->json_encode([...])
 4 APPPATH\Libraries\GapAPI\Send\Send.php(23): App\Libraries\GapAPI\Send\Handlers\PrepareParams->run(Object(App\Libraries\GapAPI\Handlers\FormParams))
 5 APPPATH\Libraries\GapAPI\GapAPI.php(19): App\Libraries\GapAPI\Send\Send->send_text(Object(App\Libraries\GapAPI\Handlers\FormParams))
 6 APPPATH\Controllers\Home.php(18): App\Libraries\GapAPI\GapAPI->send_text('18b34dbfab054137d021173fbcc12fc0ee01bca35c8a2d52b566585b1ff71496')
 7 SYSTEMPATH\CodeIgniter.php(898): App\Controllers\Home->index()
 8 SYSTEMPATH\CodeIgniter.php(468): CodeIgniter\CodeIgniter->runController(Object(App\Controllers\Home))
 9 SYSTEMPATH\CodeIgniter.php(351): CodeIgniter\CodeIgniter->handleRequest(null, Object(Config\Cache), false)
10 FCPATH\index.php(55): CodeIgniter\CodeIgniter->run()
CRITICAL - 2023-12-15 21:51:29 --> App\Libraries\GapAPI\SetParams::set_inline_keyboard(): Argument #1 ($inlineKeyboard) must be of type string, array given, called in E:\SoftWare\xampp-windows-x64-8.2.4-0-VS16-installer\htdocs\my_projects\GitHub\GapAPI\app\Controllers\Home.php on line 17
in APPPATH\Libraries\GapAPI\SetParams.php on line 27.
 1 APPPATH\Controllers\Home.php(17): App\Libraries\GapAPI\SetParams->set_inline_keyboard([...])
 2 SYSTEMPATH\CodeIgniter.php(898): App\Controllers\Home->index()
 3 SYSTEMPATH\CodeIgniter.php(468): CodeIgniter\CodeIgniter->runController(Object(App\Controllers\Home))
 4 SYSTEMPATH\CodeIgniter.php(351): CodeIgniter\CodeIgniter->handleRequest(null, Object(Config\Cache), false)
 5 FCPATH\index.php(55): CodeIgniter\CodeIgniter->run()
CRITICAL - 2023-12-15 21:51:50 --> App\Libraries\GapAPI\SetParams::set_inline_keyboard(): Argument #1 ($inlineKeyboard) must be of type string, array given, called in E:\SoftWare\xampp-windows-x64-8.2.4-0-VS16-installer\htdocs\my_projects\GitHub\GapAPI\app\Controllers\Home.php on line 17
in APPPATH\Libraries\GapAPI\SetParams.php on line 27.
 1 APPPATH\Controllers\Home.php(17): App\Libraries\GapAPI\SetParams->set_inline_keyboard([...])
 2 SYSTEMPATH\CodeIgniter.php(898): App\Controllers\Home->index()
 3 SYSTEMPATH\CodeIgniter.php(468): CodeIgniter\CodeIgniter->runController(Object(App\Controllers\Home))
 4 SYSTEMPATH\CodeIgniter.php(351): CodeIgniter\CodeIgniter->handleRequest(null, Object(Config\Cache), false)
 5 FCPATH\index.php(55): CodeIgniter\CodeIgniter->run()
CRITICAL - 2023-12-15 21:52:16 --> App\Libraries\GapAPI\SetParams::set_inline_keyboard(): Argument #1 ($inlineKeyboard) must be of type string, array given, called in E:\SoftWare\xampp-windows-x64-8.2.4-0-VS16-installer\htdocs\my_projects\GitHub\GapAPI\app\Controllers\Home.php on line 17
in APPPATH\Libraries\GapAPI\SetParams.php on line 27.
 1 APPPATH\Controllers\Home.php(17): App\Libraries\GapAPI\SetParams->set_inline_keyboard([...])
 2 SYSTEMPATH\CodeIgniter.php(898): App\Controllers\Home->index()
 3 SYSTEMPATH\CodeIgniter.php(468): CodeIgniter\CodeIgniter->runController(Object(App\Controllers\Home))
 4 SYSTEMPATH\CodeIgniter.php(351): CodeIgniter\CodeIgniter->handleRequest(null, Object(Config\Cache), false)
 5 FCPATH\index.php(55): CodeIgniter\CodeIgniter->run()
CRITICAL - 2023-12-15 22:01:33 --> App\Libraries\GapAPI\SetParams::set_inline_keyboard(): Argument #1 ($inlineKeyboard) must be of type string, array given, called in E:\SoftWare\xampp-windows-x64-8.2.4-0-VS16-installer\htdocs\my_projects\GitHub\GapAPI\app\Controllers\Home.php on line 17
in APPPATH\Libraries\GapAPI\SetParams.php on line 27.
 1 APPPATH\Controllers\Home.php(17): App\Libraries\GapAPI\SetParams->set_inline_keyboard([...])
 2 SYSTEMPATH\CodeIgniter.php(898): App\Controllers\Home->index()
 3 SYSTEMPATH\CodeIgniter.php(468): CodeIgniter\CodeIgniter->runController(Object(App\Controllers\Home))
 4 SYSTEMPATH\CodeIgniter.php(351): CodeIgniter\CodeIgniter->handleRequest(null, Object(Config\Cache), false)
 5 FCPATH\index.php(55): CodeIgniter\CodeIgniter->run()
CRITICAL - 2023-12-15 22:04:54 --> App\Libraries\GapAPI\SetParams::set_inline_keyboard(): Argument #1 ($inlineKeyboard) must be of type string, array given, called in E:\SoftWare\xampp-windows-x64-8.2.4-0-VS16-installer\htdocs\my_projects\GitHub\GapAPI\app\Controllers\Home.php on line 17
in APPPATH\Libraries\GapAPI\SetParams.php on line 27.
 1 APPPATH\Controllers\Home.php(17): App\Libraries\GapAPI\SetParams->set_inline_keyboard([...])
 2 SYSTEMPATH\CodeIgniter.php(898): App\Controllers\Home->index()
 3 SYSTEMPATH\CodeIgniter.php(468): CodeIgniter\CodeIgniter->runController(Object(App\Controllers\Home))
 4 SYSTEMPATH\CodeIgniter.php(351): CodeIgniter\CodeIgniter->handleRequest(null, Object(Config\Cache), false)
 5 FCPATH\index.php(55): CodeIgniter\CodeIgniter->run()
CRITICAL - 2023-12-15 22:05:39 --> Undefined array key "chat_id"
in APPPATH\Controllers\Home.php on line 20.
 1 APPPATH\Controllers\Home.php(20): CodeIgniter\Debug\Exceptions->errorHandler(2, 'Undefined array key "chat_id"', 'APPPATH\\Controllers\\Home.php', 20)
 2 SYSTEMPATH\CodeIgniter.php(898): App\Controllers\Home->index()
 3 SYSTEMPATH\CodeIgniter.php(468): CodeIgniter\CodeIgniter->runController(Object(App\Controllers\Home))
 4 SYSTEMPATH\CodeIgniter.php(351): CodeIgniter\CodeIgniter->handleRequest(null, Object(Config\Cache), false)
 5 FCPATH\index.php(55): CodeIgniter\CodeIgniter->run()
CRITICAL - 2023-12-15 22:17:07 --> Unhandled match case 'form'
in APPPATH\Libraries\GapAPI\Send\Handlers\PrepareParams.php on line 116.
 1 APPPATH\Libraries\GapAPI\Send\Handlers\PrepareParams.php(92): App\Libraries\GapAPI\Send\Handlers\PrepareParams->get_template('form', 'example')
 2 APPPATH\Libraries\GapAPI\Send\Handlers\PrepareParams.php(76): App\Libraries\GapAPI\Send\Handlers\PrepareParams->json_method('form', 'example')
 3 APPPATH\Libraries\GapAPI\Send\Handlers\PrepareParams.php(32): App\Libraries\GapAPI\Send\Handlers\PrepareParams->json_encode([...])
 4 APPPATH\Libraries\GapAPI\Send\Send.php(23): App\Libraries\GapAPI\Send\Handlers\PrepareParams->run(Object(App\Libraries\GapAPI\Handlers\FormParams))
 5 APPPATH\Libraries\GapAPI\GapAPI.php(19): App\Libraries\GapAPI\Send\Send->send_text(Object(App\Libraries\GapAPI\Handlers\FormParams))
 6 APPPATH\Controllers\Home.php(20): App\Libraries\GapAPI\GapAPI->send_text('18b34dbfab054137d021173fbcc12fc0ee01bca35c8a2d52b566585b1ff71496')
 7 SYSTEMPATH\CodeIgniter.php(898): App\Controllers\Home->index()
 8 SYSTEMPATH\CodeIgniter.php(468): CodeIgniter\CodeIgniter->runController(Object(App\Controllers\Home))
 9 SYSTEMPATH\CodeIgniter.php(351): CodeIgniter\CodeIgniter->handleRequest(null, Object(Config\Cache), false)
10 FCPATH\index.php(55): CodeIgniter\CodeIgniter->run()
CRITICAL - 2023-12-15 22:17:18 --> Unhandled match case 'form'
in APPPATH\Libraries\GapAPI\Send\Handlers\PrepareParams.php on line 116.
 1 APPPATH\Libraries\GapAPI\Send\Handlers\PrepareParams.php(92): App\Libraries\GapAPI\Send\Handlers\PrepareParams->get_template('form', 'example')
 2 APPPATH\Libraries\GapAPI\Send\Handlers\PrepareParams.php(76): App\Libraries\GapAPI\Send\Handlers\PrepareParams->json_method('form', 'example')
 3 APPPATH\Libraries\GapAPI\Send\Handlers\PrepareParams.php(32): App\Libraries\GapAPI\Send\Handlers\PrepareParams->json_encode([...])
 4 APPPATH\Libraries\GapAPI\Send\Send.php(23): App\Libraries\GapAPI\Send\Handlers\PrepareParams->run(Object(App\Libraries\GapAPI\Handlers\FormParams))
 5 APPPATH\Libraries\GapAPI\GapAPI.php(19): App\Libraries\GapAPI\Send\Send->send_text(Object(App\Libraries\GapAPI\Handlers\FormParams))
 6 APPPATH\Controllers\Home.php(20): App\Libraries\GapAPI\GapAPI->send_text('18b34dbfab054137d021173fbcc12fc0ee01bca35c8a2d52b566585b1ff71496')
 7 SYSTEMPATH\CodeIgniter.php(898): App\Controllers\Home->index()
 8 SYSTEMPATH\CodeIgniter.php(468): CodeIgniter\CodeIgniter->runController(Object(App\Controllers\Home))
 9 SYSTEMPATH\CodeIgniter.php(351): CodeIgniter\CodeIgniter->handleRequest(null, Object(Config\Cache), false)
10 FCPATH\index.php(55): CodeIgniter\CodeIgniter->run()
CRITICAL - 2023-12-15 22:19:00 --> 22 : The requested URL returned error: 400
in SYSTEMPATH\HTTP\CURLRequest.php on line 655.
 1 SYSTEMPATH\HTTP\CURLRequest.php(655): CodeIgniter\HTTP\Exceptions\HTTPException::forCurlError('22', 'The requested URL returned error: 400')
 2 SYSTEMPATH\HTTP\CURLRequest.php(363): CodeIgniter\HTTP\CURLRequest->sendRequest([...])
 3 SYSTEMPATH\HTTP\CURLRequest.php(136): CodeIgniter\HTTP\CURLRequest->send('POST', 'https://api.gap.im/sendMessage')
 4 APPPATH\Libraries\GapAPI\Send\SendConfig.php(136): CodeIgniter\HTTP\CURLRequest->request('POST', 'https://api.gap.im/sendMessage', [...])
 5 APPPATH\Libraries\GapAPI\Send\Send.php(25): App\Libraries\GapAPI\Send\SendConfig->request()
 6 APPPATH\Libraries\GapAPI\GapAPI.php(19): App\Libraries\GapAPI\Send\Send->send_text(Object(App\Libraries\GapAPI\Handlers\FormParams))
 7 APPPATH\Controllers\Home.php(20): App\Libraries\GapAPI\GapAPI->send_text('18b34dbfab054137d021173fbcc12fc0ee01bca35c8a2d52b566585b1ff71496')
 8 SYSTEMPATH\CodeIgniter.php(898): App\Controllers\Home->index()
 9 SYSTEMPATH\CodeIgniter.php(468): CodeIgniter\CodeIgniter->runController(Object(App\Controllers\Home))
10 SYSTEMPATH\CodeIgniter.php(351): CodeIgniter\CodeIgniter->handleRequest(null, Object(Config\Cache), false)
11 FCPATH\index.php(55): CodeIgniter\CodeIgniter->run()
CRITICAL - 2023-12-15 22:19:14 --> 22 : The requested URL returned error: 400
in SYSTEMPATH\HTTP\CURLRequest.php on line 655.
 1 SYSTEMPATH\HTTP\CURLRequest.php(655): CodeIgniter\HTTP\Exceptions\HTTPException::forCurlError('22', 'The requested URL returned error: 400')
 2 SYSTEMPATH\HTTP\CURLRequest.php(363): CodeIgniter\HTTP\CURLRequest->sendRequest([...])
 3 SYSTEMPATH\HTTP\CURLRequest.php(136): CodeIgniter\HTTP\CURLRequest->send('POST', 'https://api.gap.im/sendMessage')
 4 APPPATH\Libraries\GapAPI\Send\SendConfig.php(136): CodeIgniter\HTTP\CURLRequest->request('POST', 'https://api.gap.im/sendMessage', [...])
 5 APPPATH\Libraries\GapAPI\Send\Send.php(25): App\Libraries\GapAPI\Send\SendConfig->request()
 6 APPPATH\Libraries\GapAPI\GapAPI.php(19): App\Libraries\GapAPI\Send\Send->send_text(Object(App\Libraries\GapAPI\Handlers\FormParams))
 7 APPPATH\Controllers\Home.php(20): App\Libraries\GapAPI\GapAPI->send_text('18b34dbfab054137d021173fbcc12fc0ee01bca35c8a2d52b566585b1ff71496')
 8 SYSTEMPATH\CodeIgniter.php(898): App\Controllers\Home->index()
 9 SYSTEMPATH\CodeIgniter.php(468): CodeIgniter\CodeIgniter->runController(Object(App\Controllers\Home))
10 SYSTEMPATH\CodeIgniter.php(351): CodeIgniter\CodeIgniter->handleRequest(null, Object(Config\Cache), false)
11 FCPATH\index.php(55): CodeIgniter\CodeIgniter->run()
CRITICAL - 2023-12-15 22:22:21 --> 22 : The requested URL returned error: 400
in SYSTEMPATH\HTTP\CURLRequest.php on line 655.
 1 SYSTEMPATH\HTTP\CURLRequest.php(655): CodeIgniter\HTTP\Exceptions\HTTPException::forCurlError('22', 'The requested URL returned error: 400')
 2 SYSTEMPATH\HTTP\CURLRequest.php(363): CodeIgniter\HTTP\CURLRequest->sendRequest([...])
 3 SYSTEMPATH\HTTP\CURLRequest.php(136): CodeIgniter\HTTP\CURLRequest->send('POST', 'https://api.gap.im/sendMessage')
 4 APPPATH\Libraries\GapAPI\Send\SendConfig.php(136): CodeIgniter\HTTP\CURLRequest->request('POST', 'https://api.gap.im/sendMessage', [...])
 5 APPPATH\Libraries\GapAPI\Send\Send.php(25): App\Libraries\GapAPI\Send\SendConfig->request()
 6 APPPATH\Libraries\GapAPI\GapAPI.php(19): App\Libraries\GapAPI\Send\Send->send_text(Object(App\Libraries\GapAPI\Handlers\FormParams))
 7 APPPATH\Controllers\Home.php(20): App\Libraries\GapAPI\GapAPI->send_text('18b34dbfab054137d021173fbcc12fc0ee01bca35c8a2d52b566585b1ff71496')
 8 SYSTEMPATH\CodeIgniter.php(898): App\Controllers\Home->index()
 9 SYSTEMPATH\CodeIgniter.php(468): CodeIgniter\CodeIgniter->runController(Object(App\Controllers\Home))
10 SYSTEMPATH\CodeIgniter.php(351): CodeIgniter\CodeIgniter->handleRequest(null, Object(Config\Cache), false)
11 FCPATH\index.php(55): CodeIgniter\CodeIgniter->run()
CRITICAL - 2023-12-15 22:22:42 --> 22 : The requested URL returned error: 400
in SYSTEMPATH\HTTP\CURLRequest.php on line 655.
 1 SYSTEMPATH\HTTP\CURLRequest.php(655): CodeIgniter\HTTP\Exceptions\HTTPException::forCurlError('22', 'The requested URL returned error: 400')
 2 SYSTEMPATH\HTTP\CURLRequest.php(363): CodeIgniter\HTTP\CURLRequest->sendRequest([...])
 3 SYSTEMPATH\HTTP\CURLRequest.php(136): CodeIgniter\HTTP\CURLRequest->send('POST', 'https://api.gap.im/sendMessage')
 4 APPPATH\Libraries\GapAPI\Send\SendConfig.php(136): CodeIgniter\HTTP\CURLRequest->request('POST', 'https://api.gap.im/sendMessage', [...])
 5 APPPATH\Libraries\GapAPI\Send\Send.php(25): App\Libraries\GapAPI\Send\SendConfig->request()
 6 APPPATH\Libraries\GapAPI\GapAPI.php(19): App\Libraries\GapAPI\Send\Send->send_text(Object(App\Libraries\GapAPI\Handlers\FormParams))
 7 APPPATH\Controllers\Home.php(20): App\Libraries\GapAPI\GapAPI->send_text('18b34dbfab054137d021173fbcc12fc0ee01bca35c8a2d52b566585b1ff71496')
 8 SYSTEMPATH\CodeIgniter.php(898): App\Controllers\Home->index()
 9 SYSTEMPATH\CodeIgniter.php(468): CodeIgniter\CodeIgniter->runController(Object(App\Controllers\Home))
10 SYSTEMPATH\CodeIgniter.php(351): CodeIgniter\CodeIgniter->handleRequest(null, Object(Config\Cache), false)
11 FCPATH\index.php(55): CodeIgniter\CodeIgniter->run()
CRITICAL - 2023-12-15 22:24:39 --> 22 : The requested URL returned error: 400
in SYSTEMPATH\HTTP\CURLRequest.php on line 655.
 1 SYSTEMPATH\HTTP\CURLRequest.php(655): CodeIgniter\HTTP\Exceptions\HTTPException::forCurlError('22', 'The requested URL returned error: 400')
 2 SYSTEMPATH\HTTP\CURLRequest.php(363): CodeIgniter\HTTP\CURLRequest->sendRequest([...])
 3 SYSTEMPATH\HTTP\CURLRequest.php(136): CodeIgniter\HTTP\CURLRequest->send('POST', 'https://api.gap.im/sendMessage')
 4 APPPATH\Libraries\GapAPI\Send\SendConfig.php(136): CodeIgniter\HTTP\CURLRequest->request('POST', 'https://api.gap.im/sendMessage', [...])
 5 APPPATH\Libraries\GapAPI\Send\Send.php(25): App\Libraries\GapAPI\Send\SendConfig->request()
 6 APPPATH\Libraries\GapAPI\GapAPI.php(19): App\Libraries\GapAPI\Send\Send->send_text(Object(App\Libraries\GapAPI\Handlers\FormParams))
 7 APPPATH\Controllers\Home.php(20): App\Libraries\GapAPI\GapAPI->send_text('18b34dbfab054137d021173fbcc12fc0ee01bca35c8a2d52b566585b1ff71496')
 8 SYSTEMPATH\CodeIgniter.php(898): App\Controllers\Home->index()
 9 SYSTEMPATH\CodeIgniter.php(468): CodeIgniter\CodeIgniter->runController(Object(App\Controllers\Home))
10 SYSTEMPATH\CodeIgniter.php(351): CodeIgniter\CodeIgniter->handleRequest(null, Object(Config\Cache), false)
11 FCPATH\index.php(55): CodeIgniter\CodeIgniter->run()
CRITICAL - 2023-12-15 22:25:29 --> 22 : The requested URL returned error: 400
in SYSTEMPATH\HTTP\CURLRequest.php on line 655.
 1 SYSTEMPATH\HTTP\CURLRequest.php(655): CodeIgniter\HTTP\Exceptions\HTTPException::forCurlError('22', 'The requested URL returned error: 400')
 2 SYSTEMPATH\HTTP\CURLRequest.php(363): CodeIgniter\HTTP\CURLRequest->sendRequest([...])
 3 SYSTEMPATH\HTTP\CURLRequest.php(136): CodeIgniter\HTTP\CURLRequest->send('POST', 'https://api.gap.im/sendMessage')
 4 APPPATH\Libraries\GapAPI\Send\SendConfig.php(136): CodeIgniter\HTTP\CURLRequest->request('POST', 'https://api.gap.im/sendMessage', [...])
 5 APPPATH\Libraries\GapAPI\Send\Send.php(25): App\Libraries\GapAPI\Send\SendConfig->request()
 6 APPPATH\Libraries\GapAPI\GapAPI.php(19): App\Libraries\GapAPI\Send\Send->send_text(Object(App\Libraries\GapAPI\Handlers\FormParams))
 7 APPPATH\Controllers\Home.php(20): App\Libraries\GapAPI\GapAPI->send_text('18b34dbfab054137d021173fbcc12fc0ee01bca35c8a2d52b566585b1ff71496')
 8 SYSTEMPATH\CodeIgniter.php(898): App\Controllers\Home->index()
 9 SYSTEMPATH\CodeIgniter.php(468): CodeIgniter\CodeIgniter->runController(Object(App\Controllers\Home))
10 SYSTEMPATH\CodeIgniter.php(351): CodeIgniter\CodeIgniter->handleRequest(null, Object(Config\Cache), false)
11 FCPATH\index.php(55): CodeIgniter\CodeIgniter->run()
CRITICAL - 2023-12-15 22:26:57 --> 22 : The requested URL returned error: 400
in SYSTEMPATH\HTTP\CURLRequest.php on line 655.
 1 SYSTEMPATH\HTTP\CURLRequest.php(655): CodeIgniter\HTTP\Exceptions\HTTPException::forCurlError('22', 'The requested URL returned error: 400')
 2 SYSTEMPATH\HTTP\CURLRequest.php(363): CodeIgniter\HTTP\CURLRequest->sendRequest([...])
 3 SYSTEMPATH\HTTP\CURLRequest.php(136): CodeIgniter\HTTP\CURLRequest->send('POST', 'https://api.gap.im/sendMessage')
 4 APPPATH\Libraries\GapAPI\Send\SendConfig.php(136): CodeIgniter\HTTP\CURLRequest->request('POST', 'https://api.gap.im/sendMessage', [...])
 5 APPPATH\Libraries\GapAPI\Send\Send.php(25): App\Libraries\GapAPI\Send\SendConfig->request()
 6 APPPATH\Libraries\GapAPI\GapAPI.php(19): App\Libraries\GapAPI\Send\Send->send_text(Object(App\Libraries\GapAPI\Handlers\FormParams))
 7 APPPATH\Controllers\Home.php(20): App\Libraries\GapAPI\GapAPI->send_text('18b34dbfab054137d021173fbcc12fc0ee01bca35c8a2d52b566585b1ff71496')
 8 SYSTEMPATH\CodeIgniter.php(898): App\Controllers\Home->index()
 9 SYSTEMPATH\CodeIgniter.php(468): CodeIgniter\CodeIgniter->runController(Object(App\Controllers\Home))
10 SYSTEMPATH\CodeIgniter.php(351): CodeIgniter\CodeIgniter->handleRequest(null, Object(Config\Cache), false)
11 FCPATH\index.php(55): CodeIgniter\CodeIgniter->run()
CRITICAL - 2023-12-15 22:29:56 --> 22 : The requested URL returned error: 400
in SYSTEMPATH\HTTP\CURLRequest.php on line 655.
 1 SYSTEMPATH\HTTP\CURLRequest.php(655): CodeIgniter\HTTP\Exceptions\HTTPException::forCurlError('22', 'The requested URL returned error: 400')
 2 SYSTEMPATH\HTTP\CURLRequest.php(363): CodeIgniter\HTTP\CURLRequest->sendRequest([...])
 3 SYSTEMPATH\HTTP\CURLRequest.php(136): CodeIgniter\HTTP\CURLRequest->send('POST', 'https://api.gap.im/sendMessage')
 4 APPPATH\Libraries\GapAPI\Send\SendConfig.php(136): CodeIgniter\HTTP\CURLRequest->request('POST', 'https://api.gap.im/sendMessage', [...])
 5 APPPATH\Libraries\GapAPI\Send\Send.php(25): App\Libraries\GapAPI\Send\SendConfig->request()
 6 APPPATH\Libraries\GapAPI\GapAPI.php(19): App\Libraries\GapAPI\Send\Send->send_text(Object(App\Libraries\GapAPI\Handlers\FormParams))
 7 APPPATH\Controllers\Home.php(20): App\Libraries\GapAPI\GapAPI->send_text('18b34dbfab054137d021173fbcc12fc0ee01bca35c8a2d52b566585b1ff71496')
 8 SYSTEMPATH\CodeIgniter.php(898): App\Controllers\Home->index()
 9 SYSTEMPATH\CodeIgniter.php(468): CodeIgniter\CodeIgniter->runController(Object(App\Controllers\Home))
10 SYSTEMPATH\CodeIgniter.php(351): CodeIgniter\CodeIgniter->handleRequest(null, Object(Config\Cache), false)
11 FCPATH\index.php(55): CodeIgniter\CodeIgniter->run()
CRITICAL - 2023-12-15 22:31:36 --> Undefined array key "chat_id"
in APPPATH\Controllers\Home.php on line 21.
 1 APPPATH\Controllers\Home.php(21): CodeIgniter\Debug\Exceptions->errorHandler(2, 'Undefined array key "chat_id"', 'APPPATH\\Controllers\\Home.php', 21)
 2 SYSTEMPATH\CodeIgniter.php(898): App\Controllers\Home->index()
 3 SYSTEMPATH\CodeIgniter.php(468): CodeIgniter\CodeIgniter->runController(Object(App\Controllers\Home))
 4 SYSTEMPATH\CodeIgniter.php(351): CodeIgniter\CodeIgniter->handleRequest(null, Object(Config\Cache), false)
 5 FCPATH\index.php(55): CodeIgniter\CodeIgniter->run()
CRITICAL - 2023-12-15 22:32:28 --> 22 : The requested URL returned error: 400
in SYSTEMPATH\HTTP\CURLRequest.php on line 655.
 1 SYSTEMPATH\HTTP\CURLRequest.php(655): CodeIgniter\HTTP\Exceptions\HTTPException::forCurlError('22', 'The requested URL returned error: 400')
 2 SYSTEMPATH\HTTP\CURLRequest.php(363): CodeIgniter\HTTP\CURLRequest->sendRequest([...])
 3 SYSTEMPATH\HTTP\CURLRequest.php(136): CodeIgniter\HTTP\CURLRequest->send('POST', 'https://api.gap.im/sendMessage')
 4 APPPATH\Libraries\GapAPI\Send\SendConfig.php(136): CodeIgniter\HTTP\CURLRequest->request('POST', 'https://api.gap.im/sendMessage', [...])
 5 APPPATH\Libraries\GapAPI\Send\Send.php(25): App\Libraries\GapAPI\Send\SendConfig->request()
 6 APPPATH\Libraries\GapAPI\GapAPI.php(19): App\Libraries\GapAPI\Send\Send->send_text(Object(App\Libraries\GapAPI\Handlers\FormParams))
 7 APPPATH\Controllers\Home.php(20): App\Libraries\GapAPI\GapAPI->send_text('18b34dbfab054137d021173fbcc12fc0ee01bca35c8a2d52b566585b1ff71496')
 8 SYSTEMPATH\CodeIgniter.php(898): App\Controllers\Home->index()
 9 SYSTEMPATH\CodeIgniter.php(468): CodeIgniter\CodeIgniter->runController(Object(App\Controllers\Home))
10 SYSTEMPATH\CodeIgniter.php(351): CodeIgniter\CodeIgniter->handleRequest(null, Object(Config\Cache), false)
11 FCPATH\index.php(55): CodeIgniter\CodeIgniter->run()
CRITICAL - 2023-12-15 22:33:00 --> Unhandled match case 'form'
in APPPATH\Libraries\GapAPI\Send\Handlers\PrepareParams.php on line 118.
 1 APPPATH\Libraries\GapAPI\Send\Handlers\PrepareParams.php(94): App\Libraries\GapAPI\Send\Handlers\PrepareParams->get_template('form', 'example')
 2 APPPATH\Libraries\GapAPI\Send\Handlers\PrepareParams.php(78): App\Libraries\GapAPI\Send\Handlers\PrepareParams->json_method('form', 'example')
 3 APPPATH\Libraries\GapAPI\Send\Handlers\PrepareParams.php(34): App\Libraries\GapAPI\Send\Handlers\PrepareParams->json_encode([...])
 4 APPPATH\Libraries\GapAPI\Send\Send.php(23): App\Libraries\GapAPI\Send\Handlers\PrepareParams->run(Object(App\Libraries\GapAPI\Handlers\FormParams))
 5 APPPATH\Libraries\GapAPI\GapAPI.php(19): App\Libraries\GapAPI\Send\Send->send_text(Object(App\Libraries\GapAPI\Handlers\FormParams))
 6 APPPATH\Controllers\Home.php(20): App\Libraries\GapAPI\GapAPI->send_text('18b34dbfab054137d021173fbcc12fc0ee01bca35c8a2d52b566585b1ff71496')
 7 SYSTEMPATH\CodeIgniter.php(898): App\Controllers\Home->index()
 8 SYSTEMPATH\CodeIgniter.php(468): CodeIgniter\CodeIgniter->runController(Object(App\Controllers\Home))
 9 SYSTEMPATH\CodeIgniter.php(351): CodeIgniter\CodeIgniter->handleRequest(null, Object(Config\Cache), false)
10 FCPATH\index.php(55): CodeIgniter\CodeIgniter->run()
CRITICAL - 2023-12-15 22:33:39 --> 22 : The requested URL returned error: 400
in SYSTEMPATH\HTTP\CURLRequest.php on line 655.
 1 SYSTEMPATH\HTTP\CURLRequest.php(655): CodeIgniter\HTTP\Exceptions\HTTPException::forCurlError('22', 'The requested URL returned error: 400')
 2 SYSTEMPATH\HTTP\CURLRequest.php(363): CodeIgniter\HTTP\CURLRequest->sendRequest([...])
 3 SYSTEMPATH\HTTP\CURLRequest.php(136): CodeIgniter\HTTP\CURLRequest->send('POST', 'https://api.gap.im/sendMessage')
 4 APPPATH\Libraries\GapAPI\Send\SendConfig.php(136): CodeIgniter\HTTP\CURLRequest->request('POST', 'https://api.gap.im/sendMessage', [...])
 5 APPPATH\Libraries\GapAPI\Send\Send.php(25): App\Libraries\GapAPI\Send\SendConfig->request()
 6 APPPATH\Libraries\GapAPI\GapAPI.php(19): App\Libraries\GapAPI\Send\Send->send_text(Object(App\Libraries\GapAPI\Handlers\FormParams))
 7 APPPATH\Controllers\Home.php(20): App\Libraries\GapAPI\GapAPI->send_text('18b34dbfab054137d021173fbcc12fc0ee01bca35c8a2d52b566585b1ff71496')
 8 SYSTEMPATH\CodeIgniter.php(898): App\Controllers\Home->index()
 9 SYSTEMPATH\CodeIgniter.php(468): CodeIgniter\CodeIgniter->runController(Object(App\Controllers\Home))
10 SYSTEMPATH\CodeIgniter.php(351): CodeIgniter\CodeIgniter->handleRequest(null, Object(Config\Cache), false)
11 FCPATH\index.php(55): CodeIgniter\CodeIgniter->run()
CRITICAL - 2023-12-15 22:34:31 --> 22 : The requested URL returned error: 400
in SYSTEMPATH\HTTP\CURLRequest.php on line 655.
 1 SYSTEMPATH\HTTP\CURLRequest.php(655): CodeIgniter\HTTP\Exceptions\HTTPException::forCurlError('22', 'The requested URL returned error: 400')
 2 SYSTEMPATH\HTTP\CURLRequest.php(363): CodeIgniter\HTTP\CURLRequest->sendRequest([...])
 3 SYSTEMPATH\HTTP\CURLRequest.php(136): CodeIgniter\HTTP\CURLRequest->send('POST', 'https://api.gap.im/sendMessage')
 4 APPPATH\Libraries\GapAPI\Send\SendConfig.php(136): CodeIgniter\HTTP\CURLRequest->request('POST', 'https://api.gap.im/sendMessage', [...])
 5 APPPATH\Libraries\GapAPI\Send\Send.php(25): App\Libraries\GapAPI\Send\SendConfig->request()
 6 APPPATH\Libraries\GapAPI\GapAPI.php(19): App\Libraries\GapAPI\Send\Send->send_text(Object(App\Libraries\GapAPI\Handlers\FormParams))
 7 APPPATH\Controllers\Home.php(20): App\Libraries\GapAPI\GapAPI->send_text('18b34dbfab054137d021173fbcc12fc0ee01bca35c8a2d52b566585b1ff71496')
 8 SYSTEMPATH\CodeIgniter.php(898): App\Controllers\Home->index()
 9 SYSTEMPATH\CodeIgniter.php(468): CodeIgniter\CodeIgniter->runController(Object(App\Controllers\Home))
10 SYSTEMPATH\CodeIgniter.php(351): CodeIgniter\CodeIgniter->handleRequest(null, Object(Config\Cache), false)
11 FCPATH\index.php(55): CodeIgniter\CodeIgniter->run()
CRITICAL - 2023-12-15 22:35:58 --> Undefined array key "chat_id"
in APPPATH\Controllers\Home.php on line 21.
 1 APPPATH\Controllers\Home.php(21): CodeIgniter\Debug\Exceptions->errorHandler(2, 'Undefined array key "chat_id"', 'APPPATH\\Controllers\\Home.php', 21)
 2 SYSTEMPATH\CodeIgniter.php(898): App\Controllers\Home->index()
 3 SYSTEMPATH\CodeIgniter.php(468): CodeIgniter\CodeIgniter->runController(Object(App\Controllers\Home))
 4 SYSTEMPATH\CodeIgniter.php(351): CodeIgniter\CodeIgniter->handleRequest(null, Object(Config\Cache), false)
 5 FCPATH\index.php(55): CodeIgniter\CodeIgniter->run()
CRITICAL - 2023-12-15 22:36:43 --> Undefined array key "chat_id"
in APPPATH\Controllers\Home.php on line 21.
 1 APPPATH\Controllers\Home.php(21): CodeIgniter\Debug\Exceptions->errorHandler(2, 'Undefined array key "chat_id"', 'APPPATH\\Controllers\\Home.php', 21)
 2 SYSTEMPATH\CodeIgniter.php(898): App\Controllers\Home->index()
 3 SYSTEMPATH\CodeIgniter.php(468): CodeIgniter\CodeIgniter->runController(Object(App\Controllers\Home))
 4 SYSTEMPATH\CodeIgniter.php(351): CodeIgniter\CodeIgniter->handleRequest(null, Object(Config\Cache), false)
 5 FCPATH\index.php(55): CodeIgniter\CodeIgniter->run()
CRITICAL - 2023-12-15 22:39:41 --> Undefined array key "chat_id"
in APPPATH\Controllers\Home.php on line 21.
 1 APPPATH\Controllers\Home.php(21): CodeIgniter\Debug\Exceptions->errorHandler(2, 'Undefined array key "chat_id"', 'APPPATH\\Controllers\\Home.php', 21)
 2 SYSTEMPATH\CodeIgniter.php(898): App\Controllers\Home->index()
 3 SYSTEMPATH\CodeIgniter.php(468): CodeIgniter\CodeIgniter->runController(Object(App\Controllers\Home))
 4 SYSTEMPATH\CodeIgniter.php(351): CodeIgniter\CodeIgniter->handleRequest(null, Object(Config\Cache), false)
 5 FCPATH\index.php(55): CodeIgniter\CodeIgniter->run()
CRITICAL - 2023-12-15 22:40:14 --> 22 : The requested URL returned error: 400
in SYSTEMPATH\HTTP\CURLRequest.php on line 655.
 1 SYSTEMPATH\HTTP\CURLRequest.php(655): CodeIgniter\HTTP\Exceptions\HTTPException::forCurlError('22', 'The requested URL returned error: 400')
 2 SYSTEMPATH\HTTP\CURLRequest.php(363): CodeIgniter\HTTP\CURLRequest->sendRequest([...])
 3 SYSTEMPATH\HTTP\CURLRequest.php(136): CodeIgniter\HTTP\CURLRequest->send('POST', 'https://api.gap.im/sendMessage')
 4 APPPATH\Libraries\GapAPI\Send\SendConfig.php(136): CodeIgniter\HTTP\CURLRequest->request('POST', 'https://api.gap.im/sendMessage', [...])
 5 APPPATH\Libraries\GapAPI\Send\Send.php(25): App\Libraries\GapAPI\Send\SendConfig->request()
 6 APPPATH\Libraries\GapAPI\GapAPI.php(19): App\Libraries\GapAPI\Send\Send->send_text(Object(App\Libraries\GapAPI\Handlers\FormParams))
 7 APPPATH\Controllers\Home.php(20): App\Libraries\GapAPI\GapAPI->send_text('18b34dbfab054137d021173fbcc12fc0ee01bca35c8a2d52b566585b1ff71496')
 8 SYSTEMPATH\CodeIgniter.php(898): App\Controllers\Home->index()
 9 SYSTEMPATH\CodeIgniter.php(468): CodeIgniter\CodeIgniter->runController(Object(App\Controllers\Home))
10 SYSTEMPATH\CodeIgniter.php(351): CodeIgniter\CodeIgniter->handleRequest(null, Object(Config\Cache), false)
11 FCPATH\index.php(55): CodeIgniter\CodeIgniter->run()
CRITICAL - 2023-12-15 22:40:29 --> 22 : The requested URL returned error: 400
in SYSTEMPATH\HTTP\CURLRequest.php on line 655.
 1 SYSTEMPATH\HTTP\CURLRequest.php(655): CodeIgniter\HTTP\Exceptions\HTTPException::forCurlError('22', 'The requested URL returned error: 400')
 2 SYSTEMPATH\HTTP\CURLRequest.php(363): CodeIgniter\HTTP\CURLRequest->sendRequest([...])
 3 SYSTEMPATH\HTTP\CURLRequest.php(136): CodeIgniter\HTTP\CURLRequest->send('POST', 'https://api.gap.im/sendMessage')
 4 APPPATH\Libraries\GapAPI\Send\SendConfig.php(136): CodeIgniter\HTTP\CURLRequest->request('POST', 'https://api.gap.im/sendMessage', [...])
 5 APPPATH\Libraries\GapAPI\Send\Send.php(25): App\Libraries\GapAPI\Send\SendConfig->request()
 6 APPPATH\Libraries\GapAPI\GapAPI.php(19): App\Libraries\GapAPI\Send\Send->send_text(Object(App\Libraries\GapAPI\Handlers\FormParams))
 7 APPPATH\Controllers\Home.php(20): App\Libraries\GapAPI\GapAPI->send_text('18b34dbfab054137d021173fbcc12fc0ee01bca35c8a2d52b566585b1ff71496')
 8 SYSTEMPATH\CodeIgniter.php(898): App\Controllers\Home->index()
 9 SYSTEMPATH\CodeIgniter.php(468): CodeIgniter\CodeIgniter->runController(Object(App\Controllers\Home))
10 SYSTEMPATH\CodeIgniter.php(351): CodeIgniter\CodeIgniter->handleRequest(null, Object(Config\Cache), false)
11 FCPATH\index.php(55): CodeIgniter\CodeIgniter->run()
CRITICAL - 2023-12-15 22:51:31 --> Undefined array key "chat_id"
in APPPATH\Controllers\Home.php on line 21.
 1 APPPATH\Controllers\Home.php(21): CodeIgniter\Debug\Exceptions->errorHandler(2, 'Undefined array key "chat_id"', 'APPPATH\\Controllers\\Home.php', 21)
 2 SYSTEMPATH\CodeIgniter.php(898): App\Controllers\Home->index()
 3 SYSTEMPATH\CodeIgniter.php(468): CodeIgniter\CodeIgniter->runController(Object(App\Controllers\Home))
 4 SYSTEMPATH\CodeIgniter.php(351): CodeIgniter\CodeIgniter->handleRequest(null, Object(Config\Cache), false)
 5 FCPATH\index.php(55): CodeIgniter\CodeIgniter->run()
CRITICAL - 2023-12-15 22:55:11 --> 22 : The requested URL returned error: 400
in SYSTEMPATH\HTTP\CURLRequest.php on line 655.
 1 SYSTEMPATH\HTTP\CURLRequest.php(655): CodeIgniter\HTTP\Exceptions\HTTPException::forCurlError('22', 'The requested URL returned error: 400')
 2 SYSTEMPATH\HTTP\CURLRequest.php(363): CodeIgniter\HTTP\CURLRequest->sendRequest([...])
 3 SYSTEMPATH\HTTP\CURLRequest.php(136): CodeIgniter\HTTP\CURLRequest->send('POST', 'https://api.gap.im/sendMessage')
 4 APPPATH\Libraries\GapAPI\Send\SendConfig.php(136): CodeIgniter\HTTP\CURLRequest->request('POST', 'https://api.gap.im/sendMessage', [...])
 5 APPPATH\Libraries\GapAPI\Send\Send.php(25): App\Libraries\GapAPI\Send\SendConfig->request()
 6 APPPATH\Libraries\GapAPI\GapAPI.php(19): App\Libraries\GapAPI\Send\Send->send_text(Object(App\Libraries\GapAPI\Handlers\FormParams))
 7 APPPATH\Controllers\Home.php(21): App\Libraries\GapAPI\GapAPI->send_text('18b34dbfab054137d021173fbcc12fc0ee01bca35c8a2d52b566585b1ff71496')
 8 SYSTEMPATH\CodeIgniter.php(898): App\Controllers\Home->index()
 9 SYSTEMPATH\CodeIgniter.php(468): CodeIgniter\CodeIgniter->runController(Object(App\Controllers\Home))
10 SYSTEMPATH\CodeIgniter.php(351): CodeIgniter\CodeIgniter->handleRequest(null, Object(Config\Cache), false)
11 FCPATH\index.php(55): CodeIgniter\CodeIgniter->run()
CRITICAL - 2023-12-15 22:55:44 --> 22 : The requested URL returned error: 400
in SYSTEMPATH\HTTP\CURLRequest.php on line 655.
 1 SYSTEMPATH\HTTP\CURLRequest.php(655): CodeIgniter\HTTP\Exceptions\HTTPException::forCurlError('22', 'The requested URL returned error: 400')
 2 SYSTEMPATH\HTTP\CURLRequest.php(363): CodeIgniter\HTTP\CURLRequest->sendRequest([...])
 3 SYSTEMPATH\HTTP\CURLRequest.php(136): CodeIgniter\HTTP\CURLRequest->send('POST', 'https://api.gap.im/sendMessage')
 4 APPPATH\Libraries\GapAPI\Send\SendConfig.php(136): CodeIgniter\HTTP\CURLRequest->request('POST', 'https://api.gap.im/sendMessage', [...])
 5 APPPATH\Libraries\GapAPI\Send\Send.php(25): App\Libraries\GapAPI\Send\SendConfig->request()
 6 APPPATH\Libraries\GapAPI\GapAPI.php(19): App\Libraries\GapAPI\Send\Send->send_text(Object(App\Libraries\GapAPI\Handlers\FormParams))
 7 APPPATH\Controllers\Home.php(21): App\Libraries\GapAPI\GapAPI->send_text('18b34dbfab054137d021173fbcc12fc0ee01bca35c8a2d52b566585b1ff71496')
 8 SYSTEMPATH\CodeIgniter.php(898): App\Controllers\Home->index()
 9 SYSTEMPATH\CodeIgniter.php(468): CodeIgniter\CodeIgniter->runController(Object(App\Controllers\Home))
10 SYSTEMPATH\CodeIgniter.php(351): CodeIgniter\CodeIgniter->handleRequest(null, Object(Config\Cache), false)
11 FCPATH\index.php(55): CodeIgniter\CodeIgniter->run()
CRITICAL - 2023-12-15 22:56:29 --> 22 : The requested URL returned error: 400
in SYSTEMPATH\HTTP\CURLRequest.php on line 655.
 1 SYSTEMPATH\HTTP\CURLRequest.php(655): CodeIgniter\HTTP\Exceptions\HTTPException::forCurlError('22', 'The requested URL returned error: 400')
 2 SYSTEMPATH\HTTP\CURLRequest.php(363): CodeIgniter\HTTP\CURLRequest->sendRequest([...])
 3 SYSTEMPATH\HTTP\CURLRequest.php(136): CodeIgniter\HTTP\CURLRequest->send('POST', 'https://api.gap.im/sendMessage')
 4 APPPATH\Libraries\GapAPI\Send\SendConfig.php(136): CodeIgniter\HTTP\CURLRequest->request('POST', 'https://api.gap.im/sendMessage', [...])
 5 APPPATH\Libraries\GapAPI\Send\Send.php(25): App\Libraries\GapAPI\Send\SendConfig->request()
 6 APPPATH\Libraries\GapAPI\GapAPI.php(19): App\Libraries\GapAPI\Send\Send->send_text(Object(App\Libraries\GapAPI\Handlers\FormParams))
 7 APPPATH\Controllers\Home.php(21): App\Libraries\GapAPI\GapAPI->send_text('18b34dbfab054137d021173fbcc12fc0ee01bca35c8a2d52b566585b1ff71496')
 8 SYSTEMPATH\CodeIgniter.php(898): App\Controllers\Home->index()
 9 SYSTEMPATH\CodeIgniter.php(468): CodeIgniter\CodeIgniter->runController(Object(App\Controllers\Home))
10 SYSTEMPATH\CodeIgniter.php(351): CodeIgniter\CodeIgniter->handleRequest(null, Object(Config\Cache), false)
11 FCPATH\index.php(55): CodeIgniter\CodeIgniter->run()
CRITICAL - 2023-12-15 22:58:17 --> Undefined array key "chat_id"
in APPPATH\Controllers\Home.php on line 22.
 1 APPPATH\Controllers\Home.php(22): CodeIgniter\Debug\Exceptions->errorHandler(2, 'Undefined array key "chat_id"', 'APPPATH\\Controllers\\Home.php', 22)
 2 SYSTEMPATH\CodeIgniter.php(898): App\Controllers\Home->index()
 3 SYSTEMPATH\CodeIgniter.php(468): CodeIgniter\CodeIgniter->runController(Object(App\Controllers\Home))
 4 SYSTEMPATH\CodeIgniter.php(351): CodeIgniter\CodeIgniter->handleRequest(null, Object(Config\Cache), false)
 5 FCPATH\index.php(55): CodeIgniter\CodeIgniter->run()
CRITICAL - 2023-12-15 22:58:57 --> 22 : The requested URL returned error: 400
in SYSTEMPATH\HTTP\CURLRequest.php on line 655.
 1 SYSTEMPATH\HTTP\CURLRequest.php(655): CodeIgniter\HTTP\Exceptions\HTTPException::forCurlError('22', 'The requested URL returned error: 400')
 2 SYSTEMPATH\HTTP\CURLRequest.php(363): CodeIgniter\HTTP\CURLRequest->sendRequest([...])
 3 SYSTEMPATH\HTTP\CURLRequest.php(136): CodeIgniter\HTTP\CURLRequest->send('POST', 'https://api.gap.im/sendMessage')
 4 APPPATH\Libraries\GapAPI\Send\SendConfig.php(136): CodeIgniter\HTTP\CURLRequest->request('POST', 'https://api.gap.im/sendMessage', [...])
 5 APPPATH\Libraries\GapAPI\Send\Send.php(25): App\Libraries\GapAPI\Send\SendConfig->request()
 6 APPPATH\Libraries\GapAPI\GapAPI.php(19): App\Libraries\GapAPI\Send\Send->send_text(Object(App\Libraries\GapAPI\Handlers\FormParams))
 7 APPPATH\Controllers\Home.php(21): App\Libraries\GapAPI\GapAPI->send_text('18b34dbfab054137d021173fbcc12fc0ee01bca35c8a2d52b566585b1ff71496')
 8 SYSTEMPATH\CodeIgniter.php(898): App\Controllers\Home->index()
 9 SYSTEMPATH\CodeIgniter.php(468): CodeIgniter\CodeIgniter->runController(Object(App\Controllers\Home))
10 SYSTEMPATH\CodeIgniter.php(351): CodeIgniter\CodeIgniter->handleRequest(null, Object(Config\Cache), false)
11 FCPATH\index.php(55): CodeIgniter\CodeIgniter->run()
CRITICAL - 2023-12-15 23:01:05 --> Undefined array key "chat_id"
in APPPATH\Controllers\Home.php on line 22.
 1 APPPATH\Controllers\Home.php(22): CodeIgniter\Debug\Exceptions->errorHandler(2, 'Undefined array key "chat_id"', 'APPPATH\\Controllers\\Home.php', 22)
 2 SYSTEMPATH\CodeIgniter.php(898): App\Controllers\Home->index()
 3 SYSTEMPATH\CodeIgniter.php(468): CodeIgniter\CodeIgniter->runController(Object(App\Controllers\Home))
 4 SYSTEMPATH\CodeIgniter.php(351): CodeIgniter\CodeIgniter->handleRequest(null, Object(Config\Cache), false)
 5 FCPATH\index.php(55): CodeIgniter\CodeIgniter->run()
CRITICAL - 2023-12-15 23:01:28 --> 22 : The requested URL returned error: 400
in SYSTEMPATH\HTTP\CURLRequest.php on line 655.
 1 SYSTEMPATH\HTTP\CURLRequest.php(655): CodeIgniter\HTTP\Exceptions\HTTPException::forCurlError('22', 'The requested URL returned error: 400')
 2 SYSTEMPATH\HTTP\CURLRequest.php(363): CodeIgniter\HTTP\CURLRequest->sendRequest([...])
 3 SYSTEMPATH\HTTP\CURLRequest.php(136): CodeIgniter\HTTP\CURLRequest->send('POST', 'https://api.gap.im/sendMessage')
 4 APPPATH\Libraries\GapAPI\Send\SendConfig.php(136): CodeIgniter\HTTP\CURLRequest->request('POST', 'https://api.gap.im/sendMessage', [...])
 5 APPPATH\Libraries\GapAPI\Send\Send.php(25): App\Libraries\GapAPI\Send\SendConfig->request()
 6 APPPATH\Libraries\GapAPI\GapAPI.php(19): App\Libraries\GapAPI\Send\Send->send_text(Object(App\Libraries\GapAPI\Handlers\FormParams))
 7 APPPATH\Controllers\Home.php(21): App\Libraries\GapAPI\GapAPI->send_text('18b34dbfab054137d021173fbcc12fc0ee01bca35c8a2d52b566585b1ff71496')
 8 SYSTEMPATH\CodeIgniter.php(898): App\Controllers\Home->index()
 9 SYSTEMPATH\CodeIgniter.php(468): CodeIgniter\CodeIgniter->runController(Object(App\Controllers\Home))
10 SYSTEMPATH\CodeIgniter.php(351): CodeIgniter\CodeIgniter->handleRequest(null, Object(Config\Cache), false)
11 FCPATH\index.php(55): CodeIgniter\CodeIgniter->run()
CRITICAL - 2023-12-15 23:02:51 --> Undefined array key "chat_id"
in APPPATH\Controllers\Home.php on line 22.
 1 APPPATH\Controllers\Home.php(22): CodeIgniter\Debug\Exceptions->errorHandler(2, 'Undefined array key "chat_id"', 'APPPATH\\Controllers\\Home.php', 22)
 2 SYSTEMPATH\CodeIgniter.php(898): App\Controllers\Home->index()
 3 SYSTEMPATH\CodeIgniter.php(468): CodeIgniter\CodeIgniter->runController(Object(App\Controllers\Home))
 4 SYSTEMPATH\CodeIgniter.php(351): CodeIgniter\CodeIgniter->handleRequest(null, Object(Config\Cache), false)
 5 FCPATH\index.php(55): CodeIgniter\CodeIgniter->run()
CRITICAL - 2023-12-15 23:03:56 --> Undefined array key "chat_id"
in APPPATH\Controllers\Home.php on line 22.
 1 APPPATH\Controllers\Home.php(22): CodeIgniter\Debug\Exceptions->errorHandler(2, 'Undefined array key "chat_id"', 'APPPATH\\Controllers\\Home.php', 22)
 2 SYSTEMPATH\CodeIgniter.php(898): App\Controllers\Home->index()
 3 SYSTEMPATH\CodeIgniter.php(468): CodeIgniter\CodeIgniter->runController(Object(App\Controllers\Home))
 4 SYSTEMPATH\CodeIgniter.php(351): CodeIgniter\CodeIgniter->handleRequest(null, Object(Config\Cache), false)
 5 FCPATH\index.php(55): CodeIgniter\CodeIgniter->run()
CRITICAL - 2023-12-15 23:22:02 --> 22 : The requested URL returned error: 400
in SYSTEMPATH\HTTP\CURLRequest.php on line 655.
 1 SYSTEMPATH\HTTP\CURLRequest.php(655): CodeIgniter\HTTP\Exceptions\HTTPException::forCurlError('22', 'The requested URL returned error: 400')
 2 SYSTEMPATH\HTTP\CURLRequest.php(363): CodeIgniter\HTTP\CURLRequest->sendRequest([...])
 3 SYSTEMPATH\HTTP\CURLRequest.php(136): CodeIgniter\HTTP\CURLRequest->send('POST', 'https://api.gap.im/sendMessage')
 4 APPPATH\Libraries\GapAPI\Send\SendConfig.php(136): CodeIgniter\HTTP\CURLRequest->request('POST', 'https://api.gap.im/sendMessage', [...])
 5 APPPATH\Libraries\GapAPI\Send\Send.php(25): App\Libraries\GapAPI\Send\SendConfig->request()
 6 APPPATH\Libraries\GapAPI\GapAPI.php(19): App\Libraries\GapAPI\Send\Send->send_text(Object(App\Libraries\GapAPI\Handlers\FormParams))
 7 APPPATH\Controllers\Home.php(21): App\Libraries\GapAPI\GapAPI->send_text('18b34dbfab054137d021173fbcc12fc0ee01bca35c8a2d52b566585b1ff71496')
 8 SYSTEMPATH\CodeIgniter.php(898): App\Controllers\Home->index()
 9 SYSTEMPATH\CodeIgniter.php(468): CodeIgniter\CodeIgniter->runController(Object(App\Controllers\Home))
10 SYSTEMPATH\CodeIgniter.php(351): CodeIgniter\CodeIgniter->handleRequest(null, Object(Config\Cache), false)
11 FCPATH\index.php(55): CodeIgniter\CodeIgniter->run()
CRITICAL - 2023-12-15 23:22:28 --> 22 : The requested URL returned error: 400
in SYSTEMPATH\HTTP\CURLRequest.php on line 655.
 1 SYSTEMPATH\HTTP\CURLRequest.php(655): CodeIgniter\HTTP\Exceptions\HTTPException::forCurlError('22', 'The requested URL returned error: 400')
 2 SYSTEMPATH\HTTP\CURLRequest.php(363): CodeIgniter\HTTP\CURLRequest->sendRequest([...])
 3 SYSTEMPATH\HTTP\CURLRequest.php(136): CodeIgniter\HTTP\CURLRequest->send('POST', 'https://api.gap.im/sendMessage')
 4 APPPATH\Libraries\GapAPI\Send\SendConfig.php(136): CodeIgniter\HTTP\CURLRequest->request('POST', 'https://api.gap.im/sendMessage', [...])
 5 APPPATH\Libraries\GapAPI\Send\Send.php(25): App\Libraries\GapAPI\Send\SendConfig->request()
 6 APPPATH\Libraries\GapAPI\GapAPI.php(19): App\Libraries\GapAPI\Send\Send->send_text(Object(App\Libraries\GapAPI\Handlers\FormParams))
 7 APPPATH\Controllers\Home.php(21): App\Libraries\GapAPI\GapAPI->send_text('18b34dbfab054137d021173fbcc12fc0ee01bca35c8a2d52b566585b1ff71496')
 8 SYSTEMPATH\CodeIgniter.php(898): App\Controllers\Home->index()
 9 SYSTEMPATH\CodeIgniter.php(468): CodeIgniter\CodeIgniter->runController(Object(App\Controllers\Home))
10 SYSTEMPATH\CodeIgniter.php(351): CodeIgniter\CodeIgniter->handleRequest(null, Object(Config\Cache), false)
11 FCPATH\index.php(55): CodeIgniter\CodeIgniter->run()
CRITICAL - 2023-12-15 23:24:26 --> 22 : The requested URL returned error: 400
in SYSTEMPATH\HTTP\CURLRequest.php on line 655.
 1 SYSTEMPATH\HTTP\CURLRequest.php(655): CodeIgniter\HTTP\Exceptions\HTTPException::forCurlError('22', 'The requested URL returned error: 400')
 2 SYSTEMPATH\HTTP\CURLRequest.php(363): CodeIgniter\HTTP\CURLRequest->sendRequest([...])
 3 SYSTEMPATH\HTTP\CURLRequest.php(136): CodeIgniter\HTTP\CURLRequest->send('POST', 'https://api.gap.im/sendMessage')
 4 APPPATH\Libraries\GapAPI\Send\SendConfig.php(136): CodeIgniter\HTTP\CURLRequest->request('POST', 'https://api.gap.im/sendMessage', [...])
 5 APPPATH\Libraries\GapAPI\Send\Send.php(25): App\Libraries\GapAPI\Send\SendConfig->request()
 6 APPPATH\Libraries\GapAPI\GapAPI.php(19): App\Libraries\GapAPI\Send\Send->send_text(Object(App\Libraries\GapAPI\Handlers\FormParams))
 7 APPPATH\Controllers\Home.php(21): App\Libraries\GapAPI\GapAPI->send_text('18b34dbfab054137d021173fbcc12fc0ee01bca35c8a2d52b566585b1ff71496')
 8 SYSTEMPATH\CodeIgniter.php(898): App\Controllers\Home->index()
 9 SYSTEMPATH\CodeIgniter.php(468): CodeIgniter\CodeIgniter->runController(Object(App\Controllers\Home))
10 SYSTEMPATH\CodeIgniter.php(351): CodeIgniter\CodeIgniter->handleRequest(null, Object(Config\Cache), false)
11 FCPATH\index.php(55): CodeIgniter\CodeIgniter->run()
CRITICAL - 2023-12-15 23:25:12 --> 22 : The requested URL returned error: 400
in SYSTEMPATH\HTTP\CURLRequest.php on line 655.
 1 SYSTEMPATH\HTTP\CURLRequest.php(655): CodeIgniter\HTTP\Exceptions\HTTPException::forCurlError('22', 'The requested URL returned error: 400')
 2 SYSTEMPATH\HTTP\CURLRequest.php(363): CodeIgniter\HTTP\CURLRequest->sendRequest([...])
 3 SYSTEMPATH\HTTP\CURLRequest.php(136): CodeIgniter\HTTP\CURLRequest->send('POST', 'https://api.gap.im/sendMessage')
 4 APPPATH\Libraries\GapAPI\Send\SendConfig.php(136): CodeIgniter\HTTP\CURLRequest->request('POST', 'https://api.gap.im/sendMessage', [...])
 5 APPPATH\Libraries\GapAPI\Send\Send.php(25): App\Libraries\GapAPI\Send\SendConfig->request()
 6 APPPATH\Libraries\GapAPI\GapAPI.php(19): App\Libraries\GapAPI\Send\Send->send_text(Object(App\Libraries\GapAPI\Handlers\FormParams))
 7 APPPATH\Controllers\Home.php(21): App\Libraries\GapAPI\GapAPI->send_text('18b34dbfab054137d021173fbcc12fc0ee01bca35c8a2d52b566585b1ff71496')
 8 SYSTEMPATH\CodeIgniter.php(898): App\Controllers\Home->index()
 9 SYSTEMPATH\CodeIgniter.php(468): CodeIgniter\CodeIgniter->runController(Object(App\Controllers\Home))
10 SYSTEMPATH\CodeIgniter.php(351): CodeIgniter\CodeIgniter->handleRequest(null, Object(Config\Cache), false)
11 FCPATH\index.php(55): CodeIgniter\CodeIgniter->run()
