CRITICAL - 2023-12-14 21:01:25 --> Cannot assign App\Libraries\GapAPI\Send\Handlers\Types to property App\Libraries\GapAPI\Handlers\FormParams::$type of type string
in APPPATH\Libraries\GapAPI\Send\Send.php on line 21.
 1 APPPATH\Libraries\GapAPI\Send\Send.php(27): App\Libraries\GapAPI\Send\Send->set_type(Object(App\Libraries\GapAPI\Handlers\FormParams), Object(App\Libraries\GapAPI\Send\Handlers\Types))
 2 APPPATH\Libraries\GapAPI\GapAPI.php(19): App\Libraries\GapAPI\Send\Send->send_text(Object(App\Libraries\GapAPI\Handlers\FormParams))
 3 APPPATH\Controllers\Home.php(15): App\Libraries\GapAPI\GapAPI->send_text('18b34dbfab054137d021173fbcc12fc0ee01bca35c8a2d52b566585b1ff71496')
 4 SYSTEMPATH\CodeIgniter.php(898): App\Controllers\Home->index()
 5 SYSTEMPATH\CodeIgniter.php(468): CodeIgniter\CodeIgniter->runController(Object(App\Controllers\Home))
 6 SYSTEMPATH\CodeIgniter.php(351): CodeIgniter\CodeIgniter->handleRequest(null, Object(Config\Cache), false)
 7 FCPATH\index.php(55): CodeIgniter\CodeIgniter->run()
CRITICAL - 2023-12-14 21:04:03 --> 22 : The requested URL returned error: 400
in SYSTEMPATH\HTTP\CURLRequest.php on line 655.
 1 SYSTEMPATH\HTTP\CURLRequest.php(655): CodeIgniter\HTTP\Exceptions\HTTPException::forCurlError('22', 'The requested URL returned error: 400')
 2 SYSTEMPATH\HTTP\CURLRequest.php(363): CodeIgniter\HTTP\CURLRequest->sendRequest([...])
 3 SYSTEMPATH\HTTP\CURLRequest.php(136): CodeIgniter\HTTP\CURLRequest->send('POST', 'https://api.gap.im/sendMessage')
 4 APPPATH\Libraries\GapAPI\Send\SendConfig.php(123): CodeIgniter\HTTP\CURLRequest->request('POST', 'https://api.gap.im/sendMessage', [...])
 5 APPPATH\Libraries\GapAPI\Send\Send.php(30): App\Libraries\GapAPI\Send\SendConfig->request()
 6 APPPATH\Libraries\GapAPI\GapAPI.php(19): App\Libraries\GapAPI\Send\Send->send_text(Object(App\Libraries\GapAPI\Handlers\FormParams))
 7 APPPATH\Controllers\Home.php(15): App\Libraries\GapAPI\GapAPI->send_text('18b34dbfab054137d021173fbcc12fc0ee01bca35c8a2d52b566585b1ff71496')
 8 SYSTEMPATH\CodeIgniter.php(898): App\Controllers\Home->index()
 9 SYSTEMPATH\CodeIgniter.php(468): CodeIgniter\CodeIgniter->runController(Object(App\Controllers\Home))
10 SYSTEMPATH\CodeIgniter.php(351): CodeIgniter\CodeIgniter->handleRequest(null, Object(Config\Cache), false)
11 FCPATH\index.php(55): CodeIgniter\CodeIgniter->run()
CRITICAL - 2023-12-14 22:21:38 --> App\Libraries\GapAPI\Send\SendConfig::set_type(): Argument #1 ($params) must be of type App\Libraries\GapAPI\Send\FormParams, App\Libraries\GapAPI\Handlers\FormParams given, called in E:\SoftWare\xampp-windows-x64-8.2.4-0-VS16-installer\htdocs\my_projects\GitHub\GapAPI\app\Libraries\GapAPI\Send\Send.php on line 20
in APPPATH\Libraries\GapAPI\Send\SendConfig.php on line 124.
 1 APPPATH\Libraries\GapAPI\Send\Send.php(20): App\Libraries\GapAPI\Send\SendConfig->set_type(Object(App\Libraries\GapAPI\Handlers\FormParams), Object(App\Libraries\GapAPI\Send\Handlers\Types))
 2 APPPATH\Libraries\GapAPI\GapAPI.php(19): App\Libraries\GapAPI\Send\Send->send_text(Object(App\Libraries\GapAPI\Handlers\FormParams))
 3 APPPATH\Controllers\Home.php(15): App\Libraries\GapAPI\GapAPI->send_text('18b34dbfab054137d021173fbcc12fc0ee01bca35c8a2d52b566585b1ff71496')
 4 SYSTEMPATH\CodeIgniter.php(898): App\Controllers\Home->index()
 5 SYSTEMPATH\CodeIgniter.php(468): CodeIgniter\CodeIgniter->runController(Object(App\Controllers\Home))
 6 SYSTEMPATH\CodeIgniter.php(351): CodeIgniter\CodeIgniter->handleRequest(null, Object(Config\Cache), false)
 7 FCPATH\index.php(55): CodeIgniter\CodeIgniter->run()
CRITICAL - 2023-12-14 22:23:35 --> App\Libraries\GapAPI\Send\SendConfig::set_type(): Argument #2 ($type) must be of type App\Libraries\GapAPI\Send\Types, App\Libraries\GapAPI\Send\Handlers\Types given, called in E:\SoftWare\xampp-windows-x64-8.2.4-0-VS16-installer\htdocs\my_projects\GitHub\GapAPI\app\Libraries\GapAPI\Send\Send.php on line 20
in APPPATH\Libraries\GapAPI\Send\SendConfig.php on line 125.
 1 APPPATH\Libraries\GapAPI\Send\Send.php(20): App\Libraries\GapAPI\Send\SendConfig->set_type(Object(App\Libraries\GapAPI\Handlers\FormParams), Object(App\Libraries\GapAPI\Send\Handlers\Types))
 2 APPPATH\Libraries\GapAPI\GapAPI.php(19): App\Libraries\GapAPI\Send\Send->send_text(Object(App\Libraries\GapAPI\Handlers\FormParams))
 3 APPPATH\Controllers\Home.php(15): App\Libraries\GapAPI\GapAPI->send_text('18b34dbfab054137d021173fbcc12fc0ee01bca35c8a2d52b566585b1ff71496')
 4 SYSTEMPATH\CodeIgniter.php(898): App\Controllers\Home->index()
 5 SYSTEMPATH\CodeIgniter.php(468): CodeIgniter\CodeIgniter->runController(Object(App\Controllers\Home))
 6 SYSTEMPATH\CodeIgniter.php(351): CodeIgniter\CodeIgniter->handleRequest(null, Object(Config\Cache), false)
 7 FCPATH\index.php(55): CodeIgniter\CodeIgniter->run()
CRITICAL - 2023-12-14 22:24:49 --> Class "App\Libraries\GapAPI\Send\Types" not found
in APPPATH\Libraries\GapAPI\Send\Send.php on line 18.
 1 APPPATH\Libraries\GapAPI\GapAPI.php(19): App\Libraries\GapAPI\Send\Send->send_text(Object(App\Libraries\GapAPI\Handlers\FormParams))
 2 APPPATH\Controllers\Home.php(15): App\Libraries\GapAPI\GapAPI->send_text('18b34dbfab054137d021173fbcc12fc0ee01bca35c8a2d52b566585b1ff71496')
 3 SYSTEMPATH\CodeIgniter.php(898): App\Controllers\Home->index()
 4 SYSTEMPATH\CodeIgniter.php(468): CodeIgniter\CodeIgniter->runController(Object(App\Controllers\Home))
 5 SYSTEMPATH\CodeIgniter.php(351): CodeIgniter\CodeIgniter->handleRequest(null, Object(Config\Cache), false)
 6 FCPATH\index.php(55): CodeIgniter\CodeIgniter->run()
CRITICAL - 2023-12-14 22:25:28 --> Undefined array key "chat_id"
in APPPATH\Controllers\Home.php on line 16.
 1 APPPATH\Controllers\Home.php(16): CodeIgniter\Debug\Exceptions->errorHandler(2, 'Undefined array key "chat_id"', 'APPPATH\\Controllers\\Home.php', 16)
 2 SYSTEMPATH\CodeIgniter.php(898): App\Controllers\Home->index()
 3 SYSTEMPATH\CodeIgniter.php(468): CodeIgniter\CodeIgniter->runController(Object(App\Controllers\Home))
 4 SYSTEMPATH\CodeIgniter.php(351): CodeIgniter\CodeIgniter->handleRequest(null, Object(Config\Cache), false)
 5 FCPATH\index.php(55): CodeIgniter\CodeIgniter->run()
CRITICAL - 2023-12-14 22:27:39 --> Undefined array key "chat_id"
in APPPATH\Controllers\Home.php on line 16.
 1 APPPATH\Controllers\Home.php(16): CodeIgniter\Debug\Exceptions->errorHandler(2, 'Undefined array key "chat_id"', 'APPPATH\\Controllers\\Home.php', 16)
 2 SYSTEMPATH\CodeIgniter.php(898): App\Controllers\Home->index()
 3 SYSTEMPATH\CodeIgniter.php(468): CodeIgniter\CodeIgniter->runController(Object(App\Controllers\Home))
 4 SYSTEMPATH\CodeIgniter.php(351): CodeIgniter\CodeIgniter->handleRequest(null, Object(Config\Cache), false)
 5 FCPATH\index.php(55): CodeIgniter\CodeIgniter->run()
CRITICAL - 2023-12-14 23:02:44 --> Key element cannot be a reference
in APPPATH\Libraries\GapAPI\Send\Handlers\PrepareParams.php on line 68.
 1 [internal function]: CodeIgniter\Debug\Exceptions->shutdownHandler()
CRITICAL - 2023-12-14 23:03:37 --> compact(): Undefined variable $Yes
in APPPATH\Libraries\GapAPI\Send\Handlers\PrepareParams.php on line 71.
 1 [internal function]: CodeIgniter\Debug\Exceptions->errorHandler(2, 'compact(): Undefined variable $Yes', 'APPPATH\\Libraries\\GapAPI\\Send\\Handlers\\PrepareParams.php', 71)
 2 APPPATH\Libraries\GapAPI\Send\Handlers\PrepareParams.php(71): compact([...])
 3 APPPATH\Libraries\GapAPI\Send\Handlers\PrepareParams.php(30): App\Libraries\GapAPI\Send\Handlers\PrepareParams->json_encode([...])
 4 APPPATH\Libraries\GapAPI\Send\Send.php(23): App\Libraries\GapAPI\Send\Handlers\PrepareParams->run(Object(App\Libraries\GapAPI\Handlers\FormParams))
 5 APPPATH\Libraries\GapAPI\GapAPI.php(19): App\Libraries\GapAPI\Send\Send->send_text(Object(App\Libraries\GapAPI\Handlers\FormParams))
 6 APPPATH\Controllers\Home.php(16): App\Libraries\GapAPI\GapAPI->send_text('18b34dbfab054137d021173fbcc12fc0ee01bca35c8a2d52b566585b1ff71496')
 7 SYSTEMPATH\CodeIgniter.php(898): App\Controllers\Home->index()
 8 SYSTEMPATH\CodeIgniter.php(468): CodeIgniter\CodeIgniter->runController(Object(App\Controllers\Home))
 9 SYSTEMPATH\CodeIgniter.php(351): CodeIgniter\CodeIgniter->handleRequest(null, Object(Config\Cache), false)
10 FCPATH\index.php(55): CodeIgniter\CodeIgniter->run()
CRITICAL - 2023-12-14 23:04:24 --> 22 : The requested URL returned error: 405
in SYSTEMPATH\HTTP\CURLRequest.php on line 655.
 1 SYSTEMPATH\HTTP\CURLRequest.php(655): CodeIgniter\HTTP\Exceptions\HTTPException::forCurlError('22', 'The requested URL returned error: 405')
 2 SYSTEMPATH\HTTP\CURLRequest.php(363): CodeIgniter\HTTP\CURLRequest->sendRequest([...])
 3 SYSTEMPATH\HTTP\CURLRequest.php(136): CodeIgniter\HTTP\CURLRequest->send('POST', 'https://api.gap.im/sendMessage')
 4 APPPATH\Libraries\GapAPI\Send\SendConfig.php(136): CodeIgniter\HTTP\CURLRequest->request('POST', 'https://api.gap.im/sendMessage', [...])
 5 APPPATH\Libraries\GapAPI\Send\Send.php(25): App\Libraries\GapAPI\Send\SendConfig->request()
 6 APPPATH\Libraries\GapAPI\GapAPI.php(19): App\Libraries\GapAPI\Send\Send->send_text(Object(App\Libraries\GapAPI\Handlers\FormParams))
 7 APPPATH\Controllers\Home.php(16): App\Libraries\GapAPI\GapAPI->send_text('18b34dbfab054137d021173fbcc12fc0ee01bca35c8a2d52b566585b1ff71496')
 8 SYSTEMPATH\CodeIgniter.php(898): App\Controllers\Home->index()
 9 SYSTEMPATH\CodeIgniter.php(468): CodeIgniter\CodeIgniter->runController(Object(App\Controllers\Home))
10 SYSTEMPATH\CodeIgniter.php(351): CodeIgniter\CodeIgniter->handleRequest(null, Object(Config\Cache), false)
11 FCPATH\index.php(55): CodeIgniter\CodeIgniter->run()
CRITICAL - 2023-12-14 23:08:49 --> compact(): Undefined variable $Yes
in APPPATH\Libraries\GapAPI\Send\Handlers\PrepareParams.php on line 71.
 1 [internal function]: CodeIgniter\Debug\Exceptions->errorHandler(2, 'compact(): Undefined variable $Yes', 'APPPATH\\Libraries\\GapAPI\\Send\\Handlers\\PrepareParams.php', 71)
 2 APPPATH\Libraries\GapAPI\Send\Handlers\PrepareParams.php(71): compact([...])
 3 APPPATH\Libraries\GapAPI\Send\Handlers\PrepareParams.php(30): App\Libraries\GapAPI\Send\Handlers\PrepareParams->json_encode([...])
 4 APPPATH\Libraries\GapAPI\Send\Send.php(23): App\Libraries\GapAPI\Send\Handlers\PrepareParams->run(Object(App\Libraries\GapAPI\Handlers\FormParams))
 5 APPPATH\Libraries\GapAPI\GapAPI.php(19): App\Libraries\GapAPI\Send\Send->send_text(Object(App\Libraries\GapAPI\Handlers\FormParams))
 6 APPPATH\Controllers\Home.php(16): App\Libraries\GapAPI\GapAPI->send_text('18b34dbfab054137d021173fbcc12fc0ee01bca35c8a2d52b566585b1ff71496')
 7 SYSTEMPATH\CodeIgniter.php(898): App\Controllers\Home->index()
 8 SYSTEMPATH\CodeIgniter.php(468): CodeIgniter\CodeIgniter->runController(Object(App\Controllers\Home))
 9 SYSTEMPATH\CodeIgniter.php(351): CodeIgniter\CodeIgniter->handleRequest(null, Object(Config\Cache), false)
10 FCPATH\index.php(55): CodeIgniter\CodeIgniter->run()
CRITICAL - 2023-12-14 23:12:57 --> compact(): Undefined variable $Yes
in APPPATH\Libraries\GapAPI\Send\Handlers\PrepareParams.php on line 71.
 1 [internal function]: CodeIgniter\Debug\Exceptions->errorHandler(2, 'compact(): Undefined variable $Yes', 'APPPATH\\Libraries\\GapAPI\\Send\\Handlers\\PrepareParams.php', 71)
 2 APPPATH\Libraries\GapAPI\Send\Handlers\PrepareParams.php(71): compact([...])
 3 APPPATH\Libraries\GapAPI\Send\Handlers\PrepareParams.php(30): App\Libraries\GapAPI\Send\Handlers\PrepareParams->json_encode([...])
 4 APPPATH\Libraries\GapAPI\Send\Send.php(23): App\Libraries\GapAPI\Send\Handlers\PrepareParams->run(Object(App\Libraries\GapAPI\Handlers\FormParams))
 5 APPPATH\Libraries\GapAPI\GapAPI.php(19): App\Libraries\GapAPI\Send\Send->send_text(Object(App\Libraries\GapAPI\Handlers\FormParams))
 6 APPPATH\Controllers\Home.php(16): App\Libraries\GapAPI\GapAPI->send_text('18b34dbfab054137d021173fbcc12fc0ee01bca35c8a2d52b566585b1ff71496')
 7 SYSTEMPATH\CodeIgniter.php(898): App\Controllers\Home->index()
 8 SYSTEMPATH\CodeIgniter.php(468): CodeIgniter\CodeIgniter->runController(Object(App\Controllers\Home))
 9 SYSTEMPATH\CodeIgniter.php(351): CodeIgniter\CodeIgniter->handleRequest(null, Object(Config\Cache), false)
10 FCPATH\index.php(55): CodeIgniter\CodeIgniter->run()
CRITICAL - 2023-12-14 23:13:10 --> compact(): Undefined variable $Yes
in APPPATH\Libraries\GapAPI\Send\Handlers\PrepareParams.php on line 71.
 1 [internal function]: CodeIgniter\Debug\Exceptions->errorHandler(2, 'compact(): Undefined variable $Yes', 'APPPATH\\Libraries\\GapAPI\\Send\\Handlers\\PrepareParams.php', 71)
 2 APPPATH\Libraries\GapAPI\Send\Handlers\PrepareParams.php(71): compact([...])
 3 APPPATH\Libraries\GapAPI\Send\Handlers\PrepareParams.php(30): App\Libraries\GapAPI\Send\Handlers\PrepareParams->json_encode([...])
 4 APPPATH\Libraries\GapAPI\Send\Send.php(23): App\Libraries\GapAPI\Send\Handlers\PrepareParams->run(Object(App\Libraries\GapAPI\Handlers\FormParams))
 5 APPPATH\Libraries\GapAPI\GapAPI.php(19): App\Libraries\GapAPI\Send\Send->send_text(Object(App\Libraries\GapAPI\Handlers\FormParams))
 6 APPPATH\Controllers\Home.php(16): App\Libraries\GapAPI\GapAPI->send_text('18b34dbfab054137d021173fbcc12fc0ee01bca35c8a2d52b566585b1ff71496')
 7 SYSTEMPATH\CodeIgniter.php(898): App\Controllers\Home->index()
 8 SYSTEMPATH\CodeIgniter.php(468): CodeIgniter\CodeIgniter->runController(Object(App\Controllers\Home))
 9 SYSTEMPATH\CodeIgniter.php(351): CodeIgniter\CodeIgniter->handleRequest(null, Object(Config\Cache), false)
10 FCPATH\index.php(55): CodeIgniter\CodeIgniter->run()
CRITICAL - 2023-12-14 23:13:29 --> 22 : The requested URL returned error: 405
in SYSTEMPATH\HTTP\CURLRequest.php on line 655.
 1 SYSTEMPATH\HTTP\CURLRequest.php(655): CodeIgniter\HTTP\Exceptions\HTTPException::forCurlError('22', 'The requested URL returned error: 405')
 2 SYSTEMPATH\HTTP\CURLRequest.php(363): CodeIgniter\HTTP\CURLRequest->sendRequest([...])
 3 SYSTEMPATH\HTTP\CURLRequest.php(136): CodeIgniter\HTTP\CURLRequest->send('POST', 'https://api.gap.im/sendMessage')
 4 APPPATH\Libraries\GapAPI\Send\SendConfig.php(136): CodeIgniter\HTTP\CURLRequest->request('POST', 'https://api.gap.im/sendMessage', [...])
 5 APPPATH\Libraries\GapAPI\Send\Send.php(25): App\Libraries\GapAPI\Send\SendConfig->request()
 6 APPPATH\Libraries\GapAPI\GapAPI.php(19): App\Libraries\GapAPI\Send\Send->send_text(Object(App\Libraries\GapAPI\Handlers\FormParams))
 7 APPPATH\Controllers\Home.php(16): App\Libraries\GapAPI\GapAPI->send_text('18b34dbfab054137d021173fbcc12fc0ee01bca35c8a2d52b566585b1ff71496')
 8 SYSTEMPATH\CodeIgniter.php(898): App\Controllers\Home->index()
 9 SYSTEMPATH\CodeIgniter.php(468): CodeIgniter\CodeIgniter->runController(Object(App\Controllers\Home))
10 SYSTEMPATH\CodeIgniter.php(351): CodeIgniter\CodeIgniter->handleRequest(null, Object(Config\Cache), false)
11 FCPATH\index.php(55): CodeIgniter\CodeIgniter->run()
CRITICAL - 2023-12-14 23:15:18 --> compact(): Undefined variable $Yes
in APPPATH\Libraries\GapAPI\Send\Handlers\PrepareParams.php on line 72.
 1 [internal function]: CodeIgniter\Debug\Exceptions->errorHandler(2, 'compact(): Undefined variable $Yes', 'APPPATH\\Libraries\\GapAPI\\Send\\Handlers\\PrepareParams.php', 72)
 2 APPPATH\Libraries\GapAPI\Send\Handlers\PrepareParams.php(72): compact([...])
 3 APPPATH\Libraries\GapAPI\Send\Handlers\PrepareParams.php(30): App\Libraries\GapAPI\Send\Handlers\PrepareParams->json_encode([...])
 4 APPPATH\Libraries\GapAPI\Send\Send.php(23): App\Libraries\GapAPI\Send\Handlers\PrepareParams->run(Object(App\Libraries\GapAPI\Handlers\FormParams))
 5 APPPATH\Libraries\GapAPI\GapAPI.php(19): App\Libraries\GapAPI\Send\Send->send_text(Object(App\Libraries\GapAPI\Handlers\FormParams))
 6 APPPATH\Controllers\Home.php(16): App\Libraries\GapAPI\GapAPI->send_text('18b34dbfab054137d021173fbcc12fc0ee01bca35c8a2d52b566585b1ff71496')
 7 SYSTEMPATH\CodeIgniter.php(898): App\Controllers\Home->index()
 8 SYSTEMPATH\CodeIgniter.php(468): CodeIgniter\CodeIgniter->runController(Object(App\Controllers\Home))
 9 SYSTEMPATH\CodeIgniter.php(351): CodeIgniter\CodeIgniter->handleRequest(null, Object(Config\Cache), false)
10 FCPATH\index.php(55): CodeIgniter\CodeIgniter->run()
CRITICAL - 2023-12-14 23:16:15 --> compact(): Undefined variable $Yes
in APPPATH\Libraries\GapAPI\Send\Handlers\PrepareParams.php on line 72.
 1 [internal function]: CodeIgniter\Debug\Exceptions->errorHandler(2, 'compact(): Undefined variable $Yes', 'APPPATH\\Libraries\\GapAPI\\Send\\Handlers\\PrepareParams.php', 72)
 2 APPPATH\Libraries\GapAPI\Send\Handlers\PrepareParams.php(72): compact([...])
 3 APPPATH\Libraries\GapAPI\Send\Handlers\PrepareParams.php(30): App\Libraries\GapAPI\Send\Handlers\PrepareParams->json_encode([...])
 4 APPPATH\Libraries\GapAPI\Send\Send.php(23): App\Libraries\GapAPI\Send\Handlers\PrepareParams->run(Object(App\Libraries\GapAPI\Handlers\FormParams))
 5 APPPATH\Libraries\GapAPI\GapAPI.php(19): App\Libraries\GapAPI\Send\Send->send_text(Object(App\Libraries\GapAPI\Handlers\FormParams))
 6 APPPATH\Controllers\Home.php(16): App\Libraries\GapAPI\GapAPI->send_text('18b34dbfab054137d021173fbcc12fc0ee01bca35c8a2d52b566585b1ff71496')
 7 SYSTEMPATH\CodeIgniter.php(898): App\Controllers\Home->index()
 8 SYSTEMPATH\CodeIgniter.php(468): CodeIgniter\CodeIgniter->runController(Object(App\Controllers\Home))
 9 SYSTEMPATH\CodeIgniter.php(351): CodeIgniter\CodeIgniter->handleRequest(null, Object(Config\Cache), false)
10 FCPATH\index.php(55): CodeIgniter\CodeIgniter->run()
CRITICAL - 2023-12-14 23:18:22 --> compact(): Undefined variable $Yes
in APPPATH\Libraries\GapAPI\Send\Handlers\PrepareParams.php on line 72.
 1 [internal function]: CodeIgniter\Debug\Exceptions->errorHandler(2, 'compact(): Undefined variable $Yes', 'APPPATH\\Libraries\\GapAPI\\Send\\Handlers\\PrepareParams.php', 72)
 2 APPPATH\Libraries\GapAPI\Send\Handlers\PrepareParams.php(72): compact([...])
 3 APPPATH\Libraries\GapAPI\Send\Handlers\PrepareParams.php(30): App\Libraries\GapAPI\Send\Handlers\PrepareParams->json_encode([...])
 4 APPPATH\Libraries\GapAPI\Send\Send.php(23): App\Libraries\GapAPI\Send\Handlers\PrepareParams->run(Object(App\Libraries\GapAPI\Handlers\FormParams))
 5 APPPATH\Libraries\GapAPI\GapAPI.php(19): App\Libraries\GapAPI\Send\Send->send_text(Object(App\Libraries\GapAPI\Handlers\FormParams))
 6 APPPATH\Controllers\Home.php(16): App\Libraries\GapAPI\GapAPI->send_text('18b34dbfab054137d021173fbcc12fc0ee01bca35c8a2d52b566585b1ff71496')
 7 SYSTEMPATH\CodeIgniter.php(898): App\Controllers\Home->index()
 8 SYSTEMPATH\CodeIgniter.php(468): CodeIgniter\CodeIgniter->runController(Object(App\Controllers\Home))
 9 SYSTEMPATH\CodeIgniter.php(351): CodeIgniter\CodeIgniter->handleRequest(null, Object(Config\Cache), false)
10 FCPATH\index.php(55): CodeIgniter\CodeIgniter->run()
CRITICAL - 2023-12-14 23:18:28 --> compact(): Undefined variable $Yes
in APPPATH\Libraries\GapAPI\Send\Handlers\PrepareParams.php on line 72.
 1 [internal function]: CodeIgniter\Debug\Exceptions->errorHandler(2, 'compact(): Undefined variable $Yes', 'APPPATH\\Libraries\\GapAPI\\Send\\Handlers\\PrepareParams.php', 72)
 2 APPPATH\Libraries\GapAPI\Send\Handlers\PrepareParams.php(72): compact([...])
 3 APPPATH\Libraries\GapAPI\Send\Handlers\PrepareParams.php(30): App\Libraries\GapAPI\Send\Handlers\PrepareParams->json_encode([...])
 4 APPPATH\Libraries\GapAPI\Send\Send.php(23): App\Libraries\GapAPI\Send\Handlers\PrepareParams->run(Object(App\Libraries\GapAPI\Handlers\FormParams))
 5 APPPATH\Libraries\GapAPI\GapAPI.php(19): App\Libraries\GapAPI\Send\Send->send_text(Object(App\Libraries\GapAPI\Handlers\FormParams))
 6 APPPATH\Controllers\Home.php(16): App\Libraries\GapAPI\GapAPI->send_text('18b34dbfab054137d021173fbcc12fc0ee01bca35c8a2d52b566585b1ff71496')
 7 SYSTEMPATH\CodeIgniter.php(898): App\Controllers\Home->index()
 8 SYSTEMPATH\CodeIgniter.php(468): CodeIgniter\CodeIgniter->runController(Object(App\Controllers\Home))
 9 SYSTEMPATH\CodeIgniter.php(351): CodeIgniter\CodeIgniter->handleRequest(null, Object(Config\Cache), false)
10 FCPATH\index.php(55): CodeIgniter\CodeIgniter->run()
CRITICAL - 2023-12-14 23:21:59 --> compact(): Undefined variable $value
in APPPATH\Libraries\GapAPI\Send\Handlers\PrepareParams.php on line 83.
 1 [internal function]: CodeIgniter\Debug\Exceptions->errorHandler(2, 'compact(): Undefined variable $value', 'APPPATH\\Libraries\\GapAPI\\Send\\Handlers\\PrepareParams.php', 83)
 2 APPPATH\Libraries\GapAPI\Send\Handlers\PrepareParams.php(83): compact([...])
 3 APPPATH\Libraries\GapAPI\Send\Handlers\PrepareParams.php(31): App\Libraries\GapAPI\Send\Handlers\PrepareParams->aa()
 4 APPPATH\Libraries\GapAPI\Send\Send.php(23): App\Libraries\GapAPI\Send\Handlers\PrepareParams->run(Object(App\Libraries\GapAPI\Handlers\FormParams))
 5 APPPATH\Libraries\GapAPI\GapAPI.php(19): App\Libraries\GapAPI\Send\Send->send_text(Object(App\Libraries\GapAPI\Handlers\FormParams))
 6 APPPATH\Controllers\Home.php(16): App\Libraries\GapAPI\GapAPI->send_text('18b34dbfab054137d021173fbcc12fc0ee01bca35c8a2d52b566585b1ff71496')
 7 SYSTEMPATH\CodeIgniter.php(898): App\Controllers\Home->index()
 8 SYSTEMPATH\CodeIgniter.php(468): CodeIgniter\CodeIgniter->runController(Object(App\Controllers\Home))
 9 SYSTEMPATH\CodeIgniter.php(351): CodeIgniter\CodeIgniter->handleRequest(null, Object(Config\Cache), false)
10 FCPATH\index.php(55): CodeIgniter\CodeIgniter->run()
CRITICAL - 2023-12-14 23:22:31 --> compact(): Undefined variable $aaaa
in APPPATH\Libraries\GapAPI\Send\Handlers\PrepareParams.php on line 83.
 1 [internal function]: CodeIgniter\Debug\Exceptions->errorHandler(2, 'compact(): Undefined variable $aaaa', 'APPPATH\\Libraries\\GapAPI\\Send\\Handlers\\PrepareParams.php', 83)
 2 APPPATH\Libraries\GapAPI\Send\Handlers\PrepareParams.php(83): compact('aaaa')
 3 APPPATH\Libraries\GapAPI\Send\Handlers\PrepareParams.php(31): App\Libraries\GapAPI\Send\Handlers\PrepareParams->aa()
 4 APPPATH\Libraries\GapAPI\Send\Send.php(23): App\Libraries\GapAPI\Send\Handlers\PrepareParams->run(Object(App\Libraries\GapAPI\Handlers\FormParams))
 5 APPPATH\Libraries\GapAPI\GapAPI.php(19): App\Libraries\GapAPI\Send\Send->send_text(Object(App\Libraries\GapAPI\Handlers\FormParams))
 6 APPPATH\Controllers\Home.php(16): App\Libraries\GapAPI\GapAPI->send_text('18b34dbfab054137d021173fbcc12fc0ee01bca35c8a2d52b566585b1ff71496')
 7 SYSTEMPATH\CodeIgniter.php(898): App\Controllers\Home->index()
 8 SYSTEMPATH\CodeIgniter.php(468): CodeIgniter\CodeIgniter->runController(Object(App\Controllers\Home))
 9 SYSTEMPATH\CodeIgniter.php(351): CodeIgniter\CodeIgniter->handleRequest(null, Object(Config\Cache), false)
10 FCPATH\index.php(55): CodeIgniter\CodeIgniter->run()
CRITICAL - 2023-12-14 23:22:50 --> compact(): Undefined variable $aaaa
in APPPATH\Libraries\GapAPI\Send\Handlers\PrepareParams.php on line 83.
 1 [internal function]: CodeIgniter\Debug\Exceptions->errorHandler(2, 'compact(): Undefined variable $aaaa', 'APPPATH\\Libraries\\GapAPI\\Send\\Handlers\\PrepareParams.php', 83)
 2 APPPATH\Libraries\GapAPI\Send\Handlers\PrepareParams.php(83): compact('aaaa')
 3 APPPATH\Libraries\GapAPI\Send\Handlers\PrepareParams.php(31): App\Libraries\GapAPI\Send\Handlers\PrepareParams->aa()
 4 APPPATH\Libraries\GapAPI\Send\Send.php(23): App\Libraries\GapAPI\Send\Handlers\PrepareParams->run(Object(App\Libraries\GapAPI\Handlers\FormParams))
 5 APPPATH\Libraries\GapAPI\GapAPI.php(19): App\Libraries\GapAPI\Send\Send->send_text(Object(App\Libraries\GapAPI\Handlers\FormParams))
 6 APPPATH\Controllers\Home.php(16): App\Libraries\GapAPI\GapAPI->send_text('18b34dbfab054137d021173fbcc12fc0ee01bca35c8a2d52b566585b1ff71496')
 7 SYSTEMPATH\CodeIgniter.php(898): App\Controllers\Home->index()
 8 SYSTEMPATH\CodeIgniter.php(468): CodeIgniter\CodeIgniter->runController(Object(App\Controllers\Home))
 9 SYSTEMPATH\CodeIgniter.php(351): CodeIgniter\CodeIgniter->handleRequest(null, Object(Config\Cache), false)
10 FCPATH\index.php(55): CodeIgniter\CodeIgniter->run()
CRITICAL - 2023-12-14 23:22:54 --> compact(): Undefined variable $aaaa
in APPPATH\Libraries\GapAPI\Send\Handlers\PrepareParams.php on line 83.
 1 [internal function]: CodeIgniter\Debug\Exceptions->errorHandler(2, 'compact(): Undefined variable $aaaa', 'APPPATH\\Libraries\\GapAPI\\Send\\Handlers\\PrepareParams.php', 83)
 2 APPPATH\Libraries\GapAPI\Send\Handlers\PrepareParams.php(83): compact('aaaa')
 3 APPPATH\Libraries\GapAPI\Send\Handlers\PrepareParams.php(31): App\Libraries\GapAPI\Send\Handlers\PrepareParams->aa()
 4 APPPATH\Libraries\GapAPI\Send\Send.php(23): App\Libraries\GapAPI\Send\Handlers\PrepareParams->run(Object(App\Libraries\GapAPI\Handlers\FormParams))
 5 APPPATH\Libraries\GapAPI\GapAPI.php(19): App\Libraries\GapAPI\Send\Send->send_text(Object(App\Libraries\GapAPI\Handlers\FormParams))
 6 APPPATH\Controllers\Home.php(16): App\Libraries\GapAPI\GapAPI->send_text('18b34dbfab054137d021173fbcc12fc0ee01bca35c8a2d52b566585b1ff71496')
 7 SYSTEMPATH\CodeIgniter.php(898): App\Controllers\Home->index()
 8 SYSTEMPATH\CodeIgniter.php(468): CodeIgniter\CodeIgniter->runController(Object(App\Controllers\Home))
 9 SYSTEMPATH\CodeIgniter.php(351): CodeIgniter\CodeIgniter->handleRequest(null, Object(Config\Cache), false)
10 FCPATH\index.php(55): CodeIgniter\CodeIgniter->run()
CRITICAL - 2023-12-14 23:23:12 --> compact(): Undefined variable $value
in APPPATH\Libraries\GapAPI\Send\Handlers\PrepareParams.php on line 83.
 1 [internal function]: CodeIgniter\Debug\Exceptions->errorHandler(2, 'compact(): Undefined variable $value', 'APPPATH\\Libraries\\GapAPI\\Send\\Handlers\\PrepareParams.php', 83)
 2 APPPATH\Libraries\GapAPI\Send\Handlers\PrepareParams.php(83): compact([...])
 3 APPPATH\Libraries\GapAPI\Send\Handlers\PrepareParams.php(31): App\Libraries\GapAPI\Send\Handlers\PrepareParams->aa()
 4 APPPATH\Libraries\GapAPI\Send\Send.php(23): App\Libraries\GapAPI\Send\Handlers\PrepareParams->run(Object(App\Libraries\GapAPI\Handlers\FormParams))
 5 APPPATH\Libraries\GapAPI\GapAPI.php(19): App\Libraries\GapAPI\Send\Send->send_text(Object(App\Libraries\GapAPI\Handlers\FormParams))
 6 APPPATH\Controllers\Home.php(16): App\Libraries\GapAPI\GapAPI->send_text('18b34dbfab054137d021173fbcc12fc0ee01bca35c8a2d52b566585b1ff71496')
 7 SYSTEMPATH\CodeIgniter.php(898): App\Controllers\Home->index()
 8 SYSTEMPATH\CodeIgniter.php(468): CodeIgniter\CodeIgniter->runController(Object(App\Controllers\Home))
 9 SYSTEMPATH\CodeIgniter.php(351): CodeIgniter\CodeIgniter->handleRequest(null, Object(Config\Cache), false)
10 FCPATH\index.php(55): CodeIgniter\CodeIgniter->run()
CRITICAL - 2023-12-14 23:23:34 --> compact(): Undefined variable $k
in APPPATH\Libraries\GapAPI\Send\Handlers\PrepareParams.php on line 83.
 1 [internal function]: CodeIgniter\Debug\Exceptions->errorHandler(2, 'compact(): Undefined variable $k', 'APPPATH\\Libraries\\GapAPI\\Send\\Handlers\\PrepareParams.php', 83)
 2 APPPATH\Libraries\GapAPI\Send\Handlers\PrepareParams.php(83): compact('k')
 3 APPPATH\Libraries\GapAPI\Send\Handlers\PrepareParams.php(31): App\Libraries\GapAPI\Send\Handlers\PrepareParams->aa()
 4 APPPATH\Libraries\GapAPI\Send\Send.php(23): App\Libraries\GapAPI\Send\Handlers\PrepareParams->run(Object(App\Libraries\GapAPI\Handlers\FormParams))
 5 APPPATH\Libraries\GapAPI\GapAPI.php(19): App\Libraries\GapAPI\Send\Send->send_text(Object(App\Libraries\GapAPI\Handlers\FormParams))
 6 APPPATH\Controllers\Home.php(16): App\Libraries\GapAPI\GapAPI->send_text('18b34dbfab054137d021173fbcc12fc0ee01bca35c8a2d52b566585b1ff71496')
 7 SYSTEMPATH\CodeIgniter.php(898): App\Controllers\Home->index()
 8 SYSTEMPATH\CodeIgniter.php(468): CodeIgniter\CodeIgniter->runController(Object(App\Controllers\Home))
 9 SYSTEMPATH\CodeIgniter.php(351): CodeIgniter\CodeIgniter->handleRequest(null, Object(Config\Cache), false)
10 FCPATH\index.php(55): CodeIgniter\CodeIgniter->run()
CRITICAL - 2023-12-14 23:23:51 --> 22 : The requested URL returned error: 405
in SYSTEMPATH\HTTP\CURLRequest.php on line 655.
 1 SYSTEMPATH\HTTP\CURLRequest.php(655): CodeIgniter\HTTP\Exceptions\HTTPException::forCurlError('22', 'The requested URL returned error: 405')
 2 SYSTEMPATH\HTTP\CURLRequest.php(363): CodeIgniter\HTTP\CURLRequest->sendRequest([...])
 3 SYSTEMPATH\HTTP\CURLRequest.php(136): CodeIgniter\HTTP\CURLRequest->send('POST', 'https://api.gap.im/sendMessage')
 4 APPPATH\Libraries\GapAPI\Send\SendConfig.php(136): CodeIgniter\HTTP\CURLRequest->request('POST', 'https://api.gap.im/sendMessage', [...])
 5 APPPATH\Libraries\GapAPI\Send\Send.php(25): App\Libraries\GapAPI\Send\SendConfig->request()
 6 APPPATH\Libraries\GapAPI\GapAPI.php(19): App\Libraries\GapAPI\Send\Send->send_text(Object(App\Libraries\GapAPI\Handlers\FormParams))
 7 APPPATH\Controllers\Home.php(16): App\Libraries\GapAPI\GapAPI->send_text('18b34dbfab054137d021173fbcc12fc0ee01bca35c8a2d52b566585b1ff71496')
 8 SYSTEMPATH\CodeIgniter.php(898): App\Controllers\Home->index()
 9 SYSTEMPATH\CodeIgniter.php(468): CodeIgniter\CodeIgniter->runController(Object(App\Controllers\Home))
10 SYSTEMPATH\CodeIgniter.php(351): CodeIgniter\CodeIgniter->handleRequest(null, Object(Config\Cache), false)
11 FCPATH\index.php(55): CodeIgniter\CodeIgniter->run()
CRITICAL - 2023-12-14 23:25:13 --> 22 : The requested URL returned error: 405
in SYSTEMPATH\HTTP\CURLRequest.php on line 655.
 1 SYSTEMPATH\HTTP\CURLRequest.php(655): CodeIgniter\HTTP\Exceptions\HTTPException::forCurlError('22', 'The requested URL returned error: 405')
 2 SYSTEMPATH\HTTP\CURLRequest.php(363): CodeIgniter\HTTP\CURLRequest->sendRequest([...])
 3 SYSTEMPATH\HTTP\CURLRequest.php(136): CodeIgniter\HTTP\CURLRequest->send('POST', 'https://api.gap.im/sendMessage')
 4 APPPATH\Libraries\GapAPI\Send\SendConfig.php(136): CodeIgniter\HTTP\CURLRequest->request('POST', 'https://api.gap.im/sendMessage', [...])
 5 APPPATH\Libraries\GapAPI\Send\Send.php(25): App\Libraries\GapAPI\Send\SendConfig->request()
 6 APPPATH\Libraries\GapAPI\GapAPI.php(19): App\Libraries\GapAPI\Send\Send->send_text(Object(App\Libraries\GapAPI\Handlers\FormParams))
 7 APPPATH\Controllers\Home.php(16): App\Libraries\GapAPI\GapAPI->send_text('18b34dbfab054137d021173fbcc12fc0ee01bca35c8a2d52b566585b1ff71496')
 8 SYSTEMPATH\CodeIgniter.php(898): App\Controllers\Home->index()
 9 SYSTEMPATH\CodeIgniter.php(468): CodeIgniter\CodeIgniter->runController(Object(App\Controllers\Home))
10 SYSTEMPATH\CodeIgniter.php(351): CodeIgniter\CodeIgniter->handleRequest(null, Object(Config\Cache), false)
11 FCPATH\index.php(55): CodeIgniter\CodeIgniter->run()
CRITICAL - 2023-12-14 23:26:04 --> 22 : The requested URL returned error: 405
in SYSTEMPATH\HTTP\CURLRequest.php on line 655.
 1 SYSTEMPATH\HTTP\CURLRequest.php(655): CodeIgniter\HTTP\Exceptions\HTTPException::forCurlError('22', 'The requested URL returned error: 405')
 2 SYSTEMPATH\HTTP\CURLRequest.php(363): CodeIgniter\HTTP\CURLRequest->sendRequest([...])
 3 SYSTEMPATH\HTTP\CURLRequest.php(136): CodeIgniter\HTTP\CURLRequest->send('POST', 'https://api.gap.im/sendMessage')
 4 APPPATH\Libraries\GapAPI\Send\SendConfig.php(136): CodeIgniter\HTTP\CURLRequest->request('POST', 'https://api.gap.im/sendMessage', [...])
 5 APPPATH\Libraries\GapAPI\Send\Send.php(25): App\Libraries\GapAPI\Send\SendConfig->request()
 6 APPPATH\Libraries\GapAPI\GapAPI.php(19): App\Libraries\GapAPI\Send\Send->send_text(Object(App\Libraries\GapAPI\Handlers\FormParams))
 7 APPPATH\Controllers\Home.php(16): App\Libraries\GapAPI\GapAPI->send_text('18b34dbfab054137d021173fbcc12fc0ee01bca35c8a2d52b566585b1ff71496')
 8 SYSTEMPATH\CodeIgniter.php(898): App\Controllers\Home->index()
 9 SYSTEMPATH\CodeIgniter.php(468): CodeIgniter\CodeIgniter->runController(Object(App\Controllers\Home))
10 SYSTEMPATH\CodeIgniter.php(351): CodeIgniter\CodeIgniter->handleRequest(null, Object(Config\Cache), false)
11 FCPATH\index.php(55): CodeIgniter\CodeIgniter->run()
CRITICAL - 2023-12-14 23:26:33 --> Undefined array key "chat_id"
in APPPATH\Controllers\Home.php on line 17.
 1 APPPATH\Controllers\Home.php(17): CodeIgniter\Debug\Exceptions->errorHandler(2, 'Undefined array key "chat_id"', 'APPPATH\\Controllers\\Home.php', 17)
 2 SYSTEMPATH\CodeIgniter.php(898): App\Controllers\Home->index()
 3 SYSTEMPATH\CodeIgniter.php(468): CodeIgniter\CodeIgniter->runController(Object(App\Controllers\Home))
 4 SYSTEMPATH\CodeIgniter.php(351): CodeIgniter\CodeIgniter->handleRequest(null, Object(Config\Cache), false)
 5 FCPATH\index.php(55): CodeIgniter\CodeIgniter->run()
CRITICAL - 2023-12-14 23:27:45 --> Undefined array key "chat_id"
in APPPATH\Controllers\Home.php on line 17.
 1 APPPATH\Controllers\Home.php(17): CodeIgniter\Debug\Exceptions->errorHandler(2, 'Undefined array key "chat_id"', 'APPPATH\\Controllers\\Home.php', 17)
 2 SYSTEMPATH\CodeIgniter.php(898): App\Controllers\Home->index()
 3 SYSTEMPATH\CodeIgniter.php(468): CodeIgniter\CodeIgniter->runController(Object(App\Controllers\Home))
 4 SYSTEMPATH\CodeIgniter.php(351): CodeIgniter\CodeIgniter->handleRequest(null, Object(Config\Cache), false)
 5 FCPATH\index.php(55): CodeIgniter\CodeIgniter->run()
CRITICAL - 2023-12-14 23:31:23 --> 22 : The requested URL returned error: 400
in SYSTEMPATH\HTTP\CURLRequest.php on line 655.
 1 SYSTEMPATH\HTTP\CURLRequest.php(655): CodeIgniter\HTTP\Exceptions\HTTPException::forCurlError('22', 'The requested URL returned error: 400')
 2 SYSTEMPATH\HTTP\CURLRequest.php(363): CodeIgniter\HTTP\CURLRequest->sendRequest([...])
 3 SYSTEMPATH\HTTP\CURLRequest.php(136): CodeIgniter\HTTP\CURLRequest->send('POST', 'https://api.gap.im/sendMessage')
 4 APPPATH\Libraries\GapAPI\Send\SendConfig.php(136): CodeIgniter\HTTP\CURLRequest->request('POST', 'https://api.gap.im/sendMessage', [...])
 5 APPPATH\Libraries\GapAPI\Send\Send.php(25): App\Libraries\GapAPI\Send\SendConfig->request()
 6 APPPATH\Libraries\GapAPI\GapAPI.php(19): App\Libraries\GapAPI\Send\Send->send_text(Object(App\Libraries\GapAPI\Handlers\FormParams))
 7 APPPATH\Controllers\Home.php(16): App\Libraries\GapAPI\GapAPI->send_text('18b34dbfab054137d021173fbcc12fc0ee01bca35c8a2d52b566585b1ff71496')
 8 SYSTEMPATH\CodeIgniter.php(898): App\Controllers\Home->index()
 9 SYSTEMPATH\CodeIgniter.php(468): CodeIgniter\CodeIgniter->runController(Object(App\Controllers\Home))
10 SYSTEMPATH\CodeIgniter.php(351): CodeIgniter\CodeIgniter->handleRequest(null, Object(Config\Cache), false)
11 FCPATH\index.php(55): CodeIgniter\CodeIgniter->run()
CRITICAL - 2023-12-14 23:31:36 --> 22 : The requested URL returned error: 400
in SYSTEMPATH\HTTP\CURLRequest.php on line 655.
 1 SYSTEMPATH\HTTP\CURLRequest.php(655): CodeIgniter\HTTP\Exceptions\HTTPException::forCurlError('22', 'The requested URL returned error: 400')
 2 SYSTEMPATH\HTTP\CURLRequest.php(363): CodeIgniter\HTTP\CURLRequest->sendRequest([...])
 3 SYSTEMPATH\HTTP\CURLRequest.php(136): CodeIgniter\HTTP\CURLRequest->send('POST', 'https://api.gap.im/sendMessage')
 4 APPPATH\Libraries\GapAPI\Send\SendConfig.php(136): CodeIgniter\HTTP\CURLRequest->request('POST', 'https://api.gap.im/sendMessage', [...])
 5 APPPATH\Libraries\GapAPI\Send\Send.php(25): App\Libraries\GapAPI\Send\SendConfig->request()
 6 APPPATH\Libraries\GapAPI\GapAPI.php(19): App\Libraries\GapAPI\Send\Send->send_text(Object(App\Libraries\GapAPI\Handlers\FormParams))
 7 APPPATH\Controllers\Home.php(16): App\Libraries\GapAPI\GapAPI->send_text('18b34dbfab054137d021173fbcc12fc0ee01bca35c8a2d52b566585b1ff71496')
 8 SYSTEMPATH\CodeIgniter.php(898): App\Controllers\Home->index()
 9 SYSTEMPATH\CodeIgniter.php(468): CodeIgniter\CodeIgniter->runController(Object(App\Controllers\Home))
10 SYSTEMPATH\CodeIgniter.php(351): CodeIgniter\CodeIgniter->handleRequest(null, Object(Config\Cache), false)
11 FCPATH\index.php(55): CodeIgniter\CodeIgniter->run()
